ATF	1.0
8	6     
"Type=Membrane Test"
"AcquisitionMode=Gap Free"
"Comment="
"FileStartTime=39568"
"FileStartDate=20210904"
"StopwatchTime=3463"
"DataType=Periodic"
"SignalsExported=Cm,Rm,Ra,Tau,Hold"
"Time (s)"	"Cm (pF)"	"Rm (GOhms)"	"Ra (MOhms)"	"Tau (µs)"	"Hold (pA)"
0.125	29.2908026049	1.44720592832	7.33970250932	213.900949501	-54.6874946543
0.145	43.965950703	0.837125554628	4.97982776208	217.648133512	-51.5624949079
0.165	45.3392713251	0.93628794487	4.88865839353	220.496924455	-52.1874948458
0.185	44.2063440908	0.795059183228	4.9411377296	217.08052158	-52.4999931938
0.205	44.8095104685	0.936278107883	4.89877246283	218.369050506	-54.0624930955
0.225	44.3996181639	0.837152296305	4.95330790395	218.631369692	-53.4374931576
0.245	45.8381937238	0.93641563384	4.76095934117	217.129836965	-52.8124948406
0.265	45.1948311623	1.06184036	4.82682504273	217.160393315	-54.0624930386
0.285	45.0284784658	0.936323850023	4.85303032362	217.397783892	-54.0624930955
0.305	44.0476242914	0.756940713555	4.96433818949	217.242534759	-52.8124932197
0.325	45.5922257698	1.13808133343	4.7759690869	216.837101929	-53.1249947526
0.345	44.7525825249	0.837254135747	4.85146039156	215.864556608	-54.0624931524
0.365	44.6335949142	0.884036276534	4.85298510072	215.42358677	-53.7499931265
0.385	42.8901493301	0.479791884161	5.05670649586	214.620926342	-57.8124935196
0.405	44.659930832	0.883961947756	4.92730488626	218.833293629	-54.3749931213
0.425	46.0957872982	0.936337580682	4.83928958275	221.923890232	-54.6874930903
0.445	44.4876859078	0.795043399018	4.95688551919	219.153998783	-55.6249931679
0.465	43.8401760099	0.722363751463	4.90923873384	213.769099187	-53.1249932455
0.485	46.934462831	0.837514833886	4.59076225241	214.290347034	-54.0624931524
0.505	44.625140183	0.936244290344	4.93253959313	218.961685999	-57.1874930695
0.525	44.6212262508	0.837217885045	4.88766266703	216.827665765	-57.8124931212
0.545	45.6050385584	0.995179543209	4.82085328324	218.795310625	-57.4999930385
0.565	45.1906924025	0.936294719745	4.88211019164	219.481500223	-57.1874930695
0.585	44.9632544127	0.884103793066	4.78542360564	214.009839521	-56.8749931006
0.605	44.1776365399	0.883903621517	4.98558616171	219.016071135	-57.4999930954
0.625	46.6702028277	1.32859720465	4.73674804862	220.27964566	-59.3749929091
0.645	45.0573801112	0.83722001917	4.88552854144	218.852023558	-57.8124931212
0.665	45.9063676502	0.995182128862	4.81829039255	220.124451988	-56.2499930488
0.685	46.1457492209	1.13802001809	4.83766325569	222.292641084	-56.2499929919
0.705	45.6827969966	0.995209715753	4.79069212062	217.803762462	-56.8749930437
0.725	44.2711794845	0.756947514307	4.95750440225	218.046507119	-55.9374931937
0.745	46.4562076336	1.13813406558	4.72354143168	218.530863698	-59.374992966
0.765	44.2453417258	0.722302054022	4.97088199487	218.435102391	-58.7499931988
0.785	46.7261003808	1.06199864958	4.66839301565	217.181103832	-60.9374929814
0.805	45.6000835831	0.884134940404	4.75427626767	215.635852258	-56.8749931006
0.825	44.357295326	0.756981256293	4.92372938152	216.991910225	-59.0624931677
0.845	44.8851617342	0.837290736784	4.81482706999	214.878635581	-56.5624931316
0.865	45.3532753228	0.884119970555	4.76922813117	215.13958424	-58.1249930902
0.885	45.2366760411	1.06186036896	4.80675133286	216.461590465	-57.1874930126
0.905	44.7743619181	0.884011087389	4.87812928226	217.216487035	-56.8749931006
0.925	44.3996058892	0.795021243947	4.97900416915	219.689963691	-58.7499931419
0.945	44.1568940395	0.795089327634	4.91093505002	215.520458685	-57.4999931523
0.965	46.2516871808	1.13816344685	4.69417503055	216.221742723	-58.7499929712
0.985	44.3625821168	0.884026921273	4.86227741278	214.523271618	-58.1249930902
1.005	44.7365609109	0.837224177946	4.88136169492	217.109497028	-58.437493116
1.025	45.2036774469	0.995222777636	4.77761885622	214.934139194	-57.4999930385
1.045	45.5817592329	0.936262412526	4.91442749219	222.838574351	-56.5624930747
1.065	44.9683022614	0.884003427921	4.88576177175	218.496811193	-58.749993085
1.085	43.9864132965	0.756845234028	5.05973843308	221.081747792	-60.3124931574
1.105	45.0049283963	0.795195281312	4.80495951986	214.948037774	-59.3749931367
1.125	47.1009286375	1.59528448368	4.71650689698	221.496992206	-56.8749928729
1.145	44.4949486743	0.837156569782	4.94896178748	218.909687155	-59.0624931108
1.165	45.0686868456	0.884081468453	4.80771224716	215.505340844	-59.3749930798
1.185	47.4853693005	1.32860337907	4.73055339901	223.835099986	-59.9999929039
1.205	44.7525263113	0.795098405342	4.90185734184	218.026346488	-57.4999931523
1.225	45.3437050164	0.884036107822	4.85307287777	218.854862441	-59.3749930798
1.245	45.5647072099	0.936303375398	4.87344445682	220.907250985	-57.8124930643
1.265	46.0181311373	0.995155158363	4.84522674742	221.887948396	-58.1249930333
1.285	45.6670820284	1.32854788061	4.78615302786	217.785062517	-56.8749929298
1.305	45.8725754053	0.995151931393	4.84844233594	221.332192395	-58.7499930281
1.325	44.7197033038	0.837186272246	4.91926739446	218.703089225	-58.437493116
1.345	45.7189977377	0.995186997865	4.81339862675	219.004506743	-57.4999930385
1.365	44.9194661995	0.884024836689	4.86437098999	217.309198423	-57.4999930954
1.385	45.3697499068	0.884117245995	4.77193470546	215.339212225	-59.3749930798
1.405	50.1475017709	1.99555389897	4.44716564911	222.518356878	-63.1249927641
1.425	46.0596114697	0.995154470755	4.84589159215	222.11828191	-59.3749930229
1.445	45.0938408415	0.936323178375	4.85360115207	217.738829116	-60.3124930435
1.465	46.4794048088	1.59523056565	4.7702792504	221.058700007	-59.999992847
1.485	45.8321201101	0.722547198525	4.7257374922	215.183187272	-58.7499931988
1.505	44.7145918848	0.756916459699	4.98851276223	221.598849007	-60.3124931574
1.525	44.5624778633	0.756979274588	4.9257243001	218.083394107	-57.8124931781
1.545	46.4926355401	1.06191065943	4.75640906894	220.151909859	-59.6874929918
1.565	45.1932504041	0.757013874332	4.89107170121	219.624433206	-62.8124931366
1.585	43.8470606925	0.756839644424	5.06531482317	220.622601473	-61.562493147
1.605	47.23213646	1.22610340629	4.66624544435	219.56114632	-63.4374929037
1.625	46.4067208566	1.59522945253	4.77139237191	220.764359249	-59.999992847
1.645	45.6550850415	0.936357276015	4.81954383954	218.909928052	-57.8124930643
1.665	44.9601042127	0.837252481811	4.85303361642	216.935456779	-60.3124931004
1.685	45.5717433517	0.884049927076	4.8392716097	219.333417071	-58.1249930902
1.705	45.4448650986	0.995194063147	4.80629920105	217.371819544	-59.3749930229
1.725	45.5269227134	0.995074007284	4.92641197123	223.179460292	-56.2499930488
1.745	45.6299252507	0.837327461548	4.77804580794	216.784832705	-60.9374930952
1.765	46.6221444961	1.22604195816	4.72774529468	219.570935906	-61.5624929193
1.785	44.9060994887	0.884015665045	4.87349766925	217.649887232	-60.6249930694
1.805	46.4358950773	0.995193219691	4.80716541947	222.15194981	-58.1249930333
1.825	46.5382566018	1.13809168953	4.76591748176	220.872556114	-59.374992966
1.845	44.9677633109	1.77286209166	4.91666421796	220.47993759	-60.9374928107
1.865	44.5962124728	0.757004906162	4.90007290615	217.119285016	-59.6874931625
1.885	44.1104870385	0.837223503092	4.88202040619	214.099838178	-59.6874931056
1.905	44.6283980908	0.757013919709	4.89107917986	216.879765062	-57.8124931781
1.925	46.7771404119	1.44983875163	4.70742060041	219.487031173	-59.687492878
1.945	46.3965731134	0.795246115809	4.75411773885	219.263973602	-59.9999931315
1.965	46.7220886032	1.1381085115	4.74911038172	220.966305669	-58.7499929712
1.985	45.073523958	0.795182956562	4.81728427018	215.824495281	-59.3749931367
2.005	44.5085458102	0.795212010732	4.78823738382	211.841911969	-58.7499931419
2.025	45.3438753571	0.884032741095	4.85643061266	219.006274218	-59.9999930746
2.045	44.2590679383	1.06172589024	4.94119120036	217.679453482	-59.062492997
2.065	45.8942950259	0.936424789247	4.7520306081	216.98994608	-57.8124930643
2.085	45.5117759278	0.837210159376	4.89535605152	221.501180496	-60.3124931004
2.105	45.5707991432	0.884117697459	4.77145626336	216.27188668	-61.2499930642
2.125	43.541279238	0.756928526513	4.97643934134	215.265269831	-60.9374931522
2.145	43.4701798277	0.635007951391	4.99220289183	215.319195787	-60.3124932712
2.165	45.2212288968	0.757072778226	4.83219423447	217.131866582	-60.3124931574
2.185	45.6497301555	1.06189091479	4.77612780153	217.052694947	-60.9374929814
2.205	44.9629001667	0.884085781984	4.80336274535	214.806048028	-61.874993059
2.225	44.9196305985	0.79505623521	4.94399105318	220.709786347	-60.6249931263
2.245	43.9869493754	0.661731791528	4.93504352526	215.470579679	-59.9999932453
2.265	43.3685877431	0.587616905868	4.97580546035	213.981707578	-62.8124933073
2.285	42.421159548	0.587486024388	5.10669093717	214.764918408	-62.1874933125
2.305	45.7200676675	0.936390459641	4.78629972296	217.717100229	-61.5624930331
2.325	42.2734895886	0.546490027087	5.23423321274	219.170111255	-59.6874933902
2.345	45.0762785281	0.837266468151	4.83902306327	216.871730485	-62.1874930849
2.365	45.769300904	0.722465291509	4.80763246782	218.587391138	-59.9999931884
2.385	44.3234103598	0.757001579308	4.90339976018	215.936692047	-59.6874931625
2.405	44.9063965439	0.837245832786	4.85967457022	216.971095405	-60.9374930952
2.425	44.5058106806	0.690739860939	4.91248637144	217.090259938	-60.9374932091
2.445	44.5436687349	0.79512267699	4.87757112653	215.940256572	-58.7499931419
2.465	44.5807723085	0.722332560943	4.94034497417	218.748280267	-61.8749931728
2.485	45.8804493794	0.884156895472	4.73223127197	215.961019342	-63.1249930486
2.505	44.2258661723	0.610463126395	4.92160924777	215.921651948	-63.749993271
2.525	44.6852629781	0.757052689838	4.8522561951	215.443479911	-62.8124931366
2.545	45.6108272813	0.757078775837	4.82615698248	218.730668174	-64.0624931262
2.565	45.774427933	0.837375118563	4.73036457995	215.313418694	-62.8124930797
2.585	42.3529294413	0.494760328483	5.23974191195	219.592829328	-66.8749934158
2.605	46.1417504521	0.837370039912	4.73536252087	217.269249067	-69.0624930277
2.625	45.4576483596	0.837281612832	4.82386224052	218.025315961	-63.4374930745
2.645	45.961609812	0.936409657222	4.76706181428	217.99208386	-64.0624930124
2.665	43.1399901997	0.634934593898	5.06554173792	216.797796653	-62.8124932504
2.685	50.2830636826	1.22636465959	4.40497490809	220.702891883	-64.0624928986
2.705	43.0409640114	0.722215545128	5.05736680927	216.160264876	-61.249993178
2.725	46.1092132127	1.06186315129	4.80378770933	220.501340513	-65.9374929399
2.745	48.7515960758	2.66199123924	4.67694673651	227.608724333	-65.6249926864
2.765	45.7191600561	0.884067208497	4.82194522492	219.259384651	-61.2499930642
2.785	46.9769532281	0.936531588353	4.64517101119	217.138977949	-61.5624930331
2.805	45.176152504	0.837256032844	4.84945836998	217.818249003	-62.1874930849
2.825	44.3746874326	0.635099382301	4.90075333476	215.804141713	-62.8124932504
2.845	45.2480464908	0.8372516419	4.85383317214	218.360558439	-63.4374930745
2.865	43.2445910915	0.661683307647	4.98349705577	213.89830783	-63.7499932141
2.885	41.0931192543	0.465267486113	5.32081308218	216.176604313	-66.8749934727
2.905	47.2739889558	2.661992231	4.67579310009	220.655809134	-66.874992676
2.925	44.0203147264	0.795079961349	4.92020664101	215.256966565	-65.6249930847
2.945	44.730354928	0.661857407079	4.80940268227	213.574345876	-63.1249932193
2.965	41.9523709808	0.427296204802	5.1362824818	212.919840911	-67.1874935555
2.985	45.2315709703	0.722391084177	4.88179766099	219.329187541	-64.374993152
3.005	43.1029733776	0.587524642561	5.06806876696	216.580579129	-62.8124933073
3.025	43.9743502123	0.661693385092	4.97341455289	217.071125038	-64.3749932089
3.045	44.2595277269	0.661761193103	4.90562171664	215.522834178	-62.4999932245
3.065	41.9203639222	0.528141425992	5.19197573809	215.530704585	-68.7499933433
3.085	41.7753152351	0.61027385224	5.11090064397	211.736244062	-61.2499932918
3.105	45.2970490204	0.690904314001	4.74803330941	213.603968166	-60.9374932091
3.125	43.6447601456	0.587563432648	5.02929466746	217.639457684	-60.3124933281
3.145	44.5307506717	0.795037869653	4.96233475843	219.605793069	-62.4999931107
3.165	43.5744177608	0.634975405557	5.02474872622	217.231482981	-60.3124932712
3.185	49.2347810666	1.77326121912	4.51735690223	221.845928837	-64.0624927847
3.205	43.3876957286	0.610394969587	4.98978329723	214.739770633	-61.2499932918
3.225	45.0739007745	0.690832093412	4.8202428829	215.761684145	-62.1874931987
3.245	45.5566647297	0.722424674239	4.84824371817	219.397421789	-60.6249931832
3.265	43.8154157649	0.610405242812	4.97950576162	216.413676369	-61.8749932866
3.285	45.1914502652	0.936278842705	4.89797714958	220.19478071	-57.8124930643
3.305	42.3069028915	0.494872580631	5.12751252617	214.704560815	-61.8749934574
3.325	45.05346402	0.722463418493	4.80949344432	215.251395083	-61.249993178
3.345	45.385629567	0.884150957802	4.73817793441	213.898901209	-62.4999930538
3.365	45.2471403498	0.661829984653	4.83682510846	217.264677937	-63.1249932193
3.385	40.3326625406	0.35827011096	5.3662984548	213.243073296	-65.6249937676
3.405	44.1479624787	0.794999874712	5.00034426729	219.375197653	-61.2499931211
3.425	44.1776747305	0.610502890166	4.88184547674	213.95768327	-63.749993271
3.445	43.9437329561	0.690709916784	4.94240849526	215.644822035	-63.4374931883
3.465	43.0230454532	0.546702187727	5.02205871496	214.097539833	-62.1874933694
3.485	44.7521522645	0.795105061172	4.89512867092	217.727089187	-63.7499931003
3.505	43.2951913078	0.587603484343	4.98923497847	214.191223904	-61.5624933177
3.525	45.9604784661	0.795175937741	4.82425938551	220.388194666	-63.1249931055
3.545	43.5939641184	0.528282193624	5.05123076765	218.117616242	-64.3749933797
3.565	44.0479170869	0.635088861681	4.91126929294	214.671088112	-63.4374932452
3.585	42.9231978239	0.528228040591	5.1053967511	217.042211852	-61.8749934004
3.605	47.3827012069	1.44988153802	4.66439340886	220.302826095	-65.9374928261
3.625	44.2501000882	0.661770496721	4.89631304032	215.071072463	-63.1249932193
3.645	44.7945838379	0.546789185142	4.93500933222	219.084358008	-71.5624932915
3.665	42.4216293387	0.690545478335	5.10685796011	215.050849065	-62.1874931987
3.685	42.3345277003	0.528299809777	5.03362109037	211.084763645	-63.1249933901
3.705	44.6761764377	0.661706573661	4.96023104241	219.955345834	-63.7499932141
3.725	44.2790415535	0.757029188989	4.87577025765	214.512828899	-61.562493147
3.745	43.7404149637	0.610450264997	4.9344792669	214.105482573	-62.4999932814
3.765	43.9480612617	0.661690967329	4.97581208201	217.045148799	-66.8749931882
3.785	43.3504251489	0.610351248222	5.0334960415	216.4194076	-62.4999932814
3.805	43.1448730318	0.587433181137	5.15953418787	220.669268474	-62.1874933125
3.825	44.4987760278	0.690830783153	4.82155314257	213.066149146	-62.1874931987
3.845	40.2965690677	0.42716007588	5.27242630269	209.87026712	-62.8124935918
3.865	43.7510424454	0.795036031149	4.96415141007	215.839114162	-64.3749930951
3.885	41.6752941714	0.546507896663	5.21636363719	215.338108213	-59.6874933902
3.905	43.8239769023	0.63504787183	4.95228245289	215.349356794	-60.3124932712
3.925	42.6105395519	0.56639845127	5.03024842714	212.454764869	-59.9999933591
3.945	43.4378950131	0.546623159376	5.10108706597	219.531813643	-62.1874933694
3.965	42.6134248409	0.528187659677	5.1457711903	217.163260715	-63.1249933901
3.985	41.9243718064	0.546518010133	5.2062363087	216.20854231	-62.1874933694
4.005	42.1914588803	0.451934660129	5.20827588322	217.241183428	-62.1874935401
4.025	44.8557015534	0.837277184113	4.8282586748	215.33318566	-65.9374930537
4.045	42.1022467429	0.465392148411	5.19615834591	216.354319248	-64.9999934883
4.065	43.9588271513	0.465692362511	4.89593668451	212.980518642	-66.8749934727
4.085	47.5308035699	1.99527452117	4.7264523911	224.121176761	-64.3749927537
4.105	45.1112494105	0.63522953765	4.77060730919	213.603879769	-61.5624932608
4.125	44.7742272329	0.757015601358	4.88933806856	217.511491824	-63.4374931314
4.145	44.6061351071	0.884032337583	4.85679815353	215.459279745	-62.4999930538
4.165	44.2746902843	0.661722192981	4.94462183857	217.297874046	-62.4999932245
4.185	43.0287780713	0.56635329223	5.07539260169	216.448234315	-62.4999933383
4.205	42.7594859795	0.566328417752	5.10027079606	216.138446399	-61.8749933435
4.225	42.2540375801	0.546563470274	5.16078309707	216.024171002	-60.9374933798
4.245	44.3440831708	0.722375664889	4.89724704838	215.701610843	-61.249993178
4.265	43.6521486814	0.610415377609	4.96937958529	215.172382378	-60.624993297
4.285	46.6395510907	0.884131189403	4.75789237681	220.718184566	-66.2499930226
4.305	41.5059335303	0.546426889828	5.29733582739	217.759796258	-65.9374933382
4.325	43.4002588119	1.77273544315	5.04306093028	218.249276113	-65.3124927743
4.345	42.7469888291	0.56637791733	5.05077865034	213.997219209	-60.6249933539
4.365	42.068612913	0.546596295322	5.12795458407	213.720889881	-61.5624933746
4.385	42.2517961517	0.634934134416	5.06600588195	212.353523736	-62.1874932556
4.405	44.8484544954	0.722359242242	4.9136516353	218.880804823	-63.1249931624
4.425	44.0170253968	0.661637888697	5.02891094769	219.687918988	-64.3749932089
4.445	43.1596270407	0.610376614033	5.00812592037	214.389783708	-63.1249932762
4.465	43.3954587431	0.610356034987	5.02871358623	216.440086559	-61.8749932866
4.485	43.226769192	0.546710152632	5.01407995244	214.772717207	-64.6874933486
4.505	44.60189996	0.837274442731	4.83103234099	214.237083744	-63.4374930745
4.525	43.688422685	0.63507780623	4.92232474407	213.394637062	-63.4374932452
4.545	40.9454589488	0.465352846182	5.23546309562	211.983513773	-64.3749934935
4.565	42.9266148442	0.587575389232	5.01732609292	213.553286017	-62.1874933125
4.585	46.7795074358	0.884218393815	4.67072393558	217.346073703	-63.7499930434
4.605	39.9491890226	0.404840280533	5.41618984553	213.515852082	-64.0624936383
4.625	41.3789145106	0.661386075541	5.28073927853	216.78040806	-62.4999932245
4.645	41.9152289511	0.511011515242	5.11762293159	212.379422362	-60.3124934419
4.665	43.2609093356	0.587572063296	5.0206440358	215.35745535	-63.4374933021
4.685	43.7133519575	0.635025935681	4.97420927877	215.749378661	-61.5624932608
4.705	44.7515779334	0.722379440552	4.893447305	217.516020165	-63.7499931572
4.725	43.4548633468	0.661683911431	4.98290844729	214.913170268	-61.8749932297
4.745	43.4696898687	0.58764796132	4.94475400454	213.153347752	-62.1874933125
4.765	43.4566590499	0.661714563264	4.9522667314	213.610308952	-60.6249932401
4.785	46.3781248773	1.06191638632	4.75055268264	219.340491461	-65.9374929399
4.805	43.357025343	0.587637298013	4.95542530546	213.055844139	-60.9374933229
4.825	42.5410179227	0.528225564332	5.10786977211	215.212899885	-62.4999933953
4.845	44.6442018578	0.75695850296	4.94645628662	219.396911664	-61.562493147
4.865	43.6250106409	0.635009692828	4.99045213163	216.010927754	-61.5624932608
4.885	44.4528240386	0.722408605883	4.86430605432	214.785889914	-61.249993178
4.905	42.9218613251	0.610480029081	4.90471518257	208.841630662	-62.4999932814
4.925	43.6433055081	0.610415689237	4.96905933701	215.115041165	-61.8749932866
4.945	44.9968480001	0.795159817324	4.84037251899	216.48370628	-63.7499931003
4.965	43.2374760763	0.634965126874	5.03501808586	215.988769952	-61.5624932608
4.985	45.0026171226	0.610489696046	4.89504821763	218.537694726	-62.4999932814
5.005	42.3360695295	0.566323897048	5.10479150014	214.186153602	-61.8749933435
5.025	43.831991649	0.69070513635	4.94718892956	215.303031708	-63.4374931883
5.045	44.1176421794	0.661755040961	4.91176880013	215.099120274	-63.1249932193
5.065	43.5640784223	0.587476961382	5.11575394342	220.939166007	-62.1874933125
5.085	44.0526073134	0.661690645707	4.97614382098	217.575863505	-65.6249931986
5.105	43.7682680028	0.661744519804	4.92229501598	213.849636527	-62.4999932245
5.125	43.4424897117	0.610404272698	4.98047156552	214.612992957	-62.4999932814
5.145	41.8765962066	0.494868789127	5.13130118527	212.676185499	-62.4999934522
5.165	42.4719931384	0.528252692181	5.08072897416	213.733004286	-64.9999933745
5.185	43.6230862686	0.587653104637	4.9396026946	213.68455819	-63.4374933021
5.205	41.8503532388	0.528149068009	5.18436285781	214.858346395	-63.1249933901
5.225	43.9802225706	0.610480111214	4.90462011868	213.987104021	-64.3749932659
5.245	42.7361313525	0.610304539046	5.08019228694	215.31547277	-64.3749932659
5.265	43.8702083739	0.661822496014	4.84430868919	210.976557175	-63.7499932141
5.285	42.9526322402	0.61039951959	4.98520312286	212.392958643	-65.6249932555
5.305	43.4411813846	0.661720206421	4.94660334069	213.291857421	-63.1249932193
5.325	42.1886787021	0.528148178738	5.18524889132	216.63195205	-63.7499933849
5.345	43.2771864634	0.587608410183	4.98429714859	213.89205096	-63.4374933021
5.365	43.4891705358	0.610457393696	4.92734625749	212.570425768	-63.1249932762
5.385	44.0324796463	0.66178638841	4.88042641015	213.324091404	-62.4999932245
5.405	42.6756930174	0.528309677282	5.02376005948	212.372962134	-61.8749934004
5.425	43.9039757315	0.722328034224	4.94487169286	215.623424367	-61.8749931728
5.445	41.3401907343	0.479659603475	5.18895507567	212.216634105	-65.3124934572
5.465	42.1846909992	0.479653042261	5.19552164038	216.822885696	-64.0624934676
5.485	43.7183812834	0.587608200529	4.98450680229	216.081612398	-63.4374933021
5.505	42.6076663055	0.634963495266	5.03663570827	212.910452555	-63.4374932452
5.525	42.723105134	0.587547892336	5.04482298913	213.695662241	-62.1874933125
5.545	44.5969570915	0.661875498183	4.79131663723	212.142443365	-62.4999932245
5.565	42.989283982	0.54671469336	5.00954961745	213.401551584	-62.8124933642
5.585	44.54889445	0.79509637338	4.90382374749	217.120815639	-63.1249931055
5.605	44.4653889537	0.757026374372	4.87859148215	215.539442367	-60.9374931522
5.625	42.3699948472	0.528265997214	5.06743689058	212.667246142	-62.4999933953
5.645	44.926336065	0.795228996787	4.77120034014	213.07415153	-63.1249931055
5.665	44.006811308	0.661755343668	4.9114559761	214.54519186	-64.3749932089
5.685	42.7725264297	0.634947188293	5.05294734323	214.420949169	-62.8124932504
5.705	42.3286230929	0.511050856072	5.07826390983	212.840938774	-64.0624934107
5.725	44.1858757403	0.587780769542	4.81193778944	210.893182891	-63.4374933021
5.745	42.4717833418	0.528303352304	5.03006885055	211.621112695	-64.9999933745
5.765	43.2740650655	0.56644565057	4.98301939567	213.755103039	-64.9999933176
5.785	42.7047198437	0.546806827335	4.91740524864	208.124758415	-64.6874933486
5.805	43.7353215399	0.690680731165	4.9715941145	215.8803373	-63.4374931883
5.825	40.9898681511	0.415880058971	5.17263027328	209.420701467	-65.6249935969
5.845	43.8953020386	0.610451587329	4.93312676323	214.805224501	-66.8749932451
5.865	43.0241626833	0.546704046629	5.02019288424	214.024284874	-63.437493359
5.885	42.1810858751	0.566390946272	5.03774227628	210.62405212	-61.8749933435
5.905	43.2099079557	0.587684676414	4.90804290817	210.319600192	-61.5624933177
5.925	42.7246827001	0.546661695745	5.06255069745	214.311169108	-62.1874933694
5.945	44.083288634	0.722380680505	4.89222541246	214.214645221	-61.8749931728
5.965	43.9090305685	0.690721277682	4.9310365821	214.982284529	-64.6874931779
5.985	43.6966548468	0.635012060672	4.98807030191	216.263221508	-63.4374932452
6.005	43.1002219349	0.635020669358	4.97946161558	212.946101652	-63.4374932452
6.025	42.6581480205	0.610338940683	5.04579927038	213.479572028	-63.1249932762
6.045	43.6087652756	0.795108465338	4.89171722035	212.017361269	-64.3749930951
6.065	44.489291512	0.69082155791	4.83076186178	213.42474084	-64.0624931831
6.085	41.9303513201	0.47976104506	5.08750278773	211.082410026	-67.8124934365
6.105	44.3032711731	0.7951032496	4.89693295839	215.622161158	-64.3749930951
6.125	43.1321812955	0.610408866788	4.97586885506	212.884705689	-63.749993271
6.145	44.9055955837	0.757178324454	4.72662157949	210.935013166	-62.8124931366
6.165	45.897785754	1.32862423607	4.70945359645	215.390018762	-67.4999928415
6.185	42.80749324	0.566429201523	4.99947587629	212.142594913	-63.749993328
6.205	42.9532264267	0.511160928855	4.96819719038	211.345935042	-62.8124934211
6.225	42.3836214322	0.546618060693	5.10617535568	214.415265499	-64.0624933538
6.245	42.616374344	0.566370671096	5.05801001879	213.646068324	-63.1249933332
6.265	44.1031922908	0.635127846042	4.87228026969	213.247222147	-64.06249324
6.285	45.2775023466	0.722502997269	4.76988456893	214.552011206	-64.374993152
6.305	42.066102431	0.546612807033	5.11141862201	213.025441943	-65.9374933382
6.325	43.0619831491	0.528386208607	4.94722226025	211.061059994	-63.1249933901
6.345	44.6917093601	1.22588353721	4.88599383874	217.496542412	-67.8124928674
6.365	42.1509101234	0.49498648826	5.01358498018	209.208156756	-66.249993421
6.385	42.2623365124	0.610358796509	5.02592189317	210.672446861	-66.2499932503
6.405	44.0541219428	0.837243579947	4.86190319651	212.950266534	-62.8124930797
6.425	43.4481034703	0.610414076833	4.97066312046	214.221458725	-63.1249932762
6.445	44.1096710683	0.6617613835	4.90543637819	214.785048682	-61.8749932297
6.465	45.1002102303	0.837265586497	4.83987243331	217.024737517	-64.6874930641
6.485	44.0825272003	0.722372425053	4.9004808639	214.56996615	-61.8749931728
6.505	42.8121786578	0.566383086787	5.04559804433	214.105694043	-62.4999933383
6.525	42.9204763904	0.66165115909	5.01566584708	213.655148507	-61.2499932349
6.545	42.8584172188	0.587612308889	4.98040643578	211.65839084	-62.1874933125
6.565	43.9883443118	0.661768160729	4.89865914925	213.900532381	-61.8749932297
6.585	43.0109833635	0.635017646017	4.98248961917	212.633409121	-62.8124932504
6.605	43.6217871798	0.690704665918	4.94767037714	214.291208875	-62.1874931987
6.625	45.7440995215	1.06188613595	4.78080305103	217.71334578	-65.9374929399
6.645	44.1396562573	0.757046650185	4.85830245536	213.076395111	-62.1874931418
6.665	43.9813948616	0.587682610121	4.91010120674	214.163757057	-62.8124933073
6.685	43.8588880199	0.795065031742	4.93516538454	215.115590263	-63.1249931055
6.705	44.0184764575	0.722391204782	4.88168909579	213.44214269	-63.1249931624
6.725	42.6491274806	0.61039684293	4.98790133345	211.005394204	-62.4999932814
6.745	44.6640015768	0.690766205207	4.88613108765	216.701330889	-62.1874931987
6.765	44.40502692	0.757047704264	4.85724837643	214.311215574	-62.1874931418
6.785	44.1603790837	0.635138827263	4.86131303451	213.046779663	-62.1874932556
6.805	40.6848094504	0.566222203679	5.2064774361	209.894538291	-63.1249933332
6.825	45.1814819315	0.72246868238	4.80422353706	215.628069932	-61.8749931728
6.845	44.1037219233	0.722333917748	4.9389761296	216.347945348	-63.1249931624
6.865	43.3442593141	0.661700038738	4.96677102318	213.677134295	-63.1249932193
6.885	43.7008240292	0.635099286783	4.90085817635	212.531503087	-61.5624932608
6.905	41.9799058446	0.722127342152	5.14555172554	214.481479271	-63.1249931624
6.925	42.3948116001	0.452005670739	5.13725100297	215.345290776	-65.937493509
6.945	46.500025371	1.44975888786	4.7870435727	221.865058384	-65.9374928261
6.965	42.8260499167	0.587553866586	5.03885273568	213.959247632	-61.5624933177
6.985	45.7580846494	0.635218173596	4.78196203999	217.17849059	-62.8124932504
7.005	42.3695394892	0.661760146212	4.9066837827	206.363827988	-60.6249932401
7.025	42.4361359078	0.452106315806	5.03660593601	211.379262833	-65.937493509
7.045	43.2747476878	0.722327676072	4.94522984558	212.548416	-61.8749931728
7.065	44.0325269448	0.690739281712	4.9130435673	214.805866642	-63.4374931883
7.085	44.1110969209	0.690750980257	4.90135053024	214.68064233	-62.8124931935
7.105	44.2539090287	0.757028700159	4.87624587369	214.411851115	-62.8124931366
7.125	44.9276673652	0.884111651489	4.77749324035	213.487997436	-61.874993059
7.145	42.9412023908	0.566411602936	5.01707817881	213.547836571	-63.1249933332
7.165	42.1126912702	0.528216042618	5.11737529891	213.438645097	-65.6249933693
7.185	44.6227036599	1.44971499714	4.83088612576	214.851251056	-67.1874928157
7.205	44.4895863732	0.690797104101	4.85522668659	214.499430444	-62.8124931935
7.225	42.6710854245	0.635052270838	4.94786945949	209.49869756	-62.1874932556
7.245	43.6858043075	0.690687455156	4.96487563078	215.34660702	-62.8124931935
7.265	42.750315734	0.610281588682	5.10314696162	216.352018085	-63.749993271
7.285	44.3969286599	0.757013753395	4.89119924498	215.760159534	-62.1874931418
7.305	44.2561341159	0.722456613589	4.81628630857	211.738648527	-62.4999931676
7.325	42.9768364405	0.587525588262	5.06712306611	215.90682763	-62.8124933073
7.345	42.6666691959	0.566389705406	5.0389719931	213.100272197	-63.749993328
7.365	43.0585377692	0.610362415324	5.02231600868	214.4886814	-64.3749932659
7.385	43.0083553586	0.610359164331	5.02557131242	214.376425667	-63.749993271
7.405	45.8274705432	1.32858959299	4.74409667898	216.636390648	-67.4999928415
7.425	43.7116933686	0.661685071234	4.98174358596	216.133208359	-62.4999932245
7.445	44.0346864883	0.610511589644	4.87314168897	212.887981306	-64.3749932659
7.465	42.0594986784	0.756853492585	5.05141380668	211.051327359	-66.5624931054
7.485	41.5599159275	0.661454051832	5.212762988	214.948036875	-62.4999932245
7.505	46.9028936559	0.995359594025	4.64066588924	216.650568564	-64.9999929761
7.525	43.1019324741	0.690703569945	4.94875533455	211.783530884	-63.4374931883
7.545	43.6230141103	0.66173193525	4.93486945327	213.680357382	-63.7499932141
7.565	43.9813054846	0.690793214979	4.85910479211	212.217017675	-64.0624931831
7.585	43.625833718	0.66180485658	4.86195824032	210.560099148	-62.4999932245
7.605	43.8420942458	0.722394648778	4.87822101971	212.436871863	-65.6249931416
7.625	43.5602502968	0.661748282399	4.91851724581	212.67114056	-64.3749932089
7.645	44.2284808594	0.884095349229	4.79376852208	210.877672037	-63.7499930434
7.665	43.1772826994	0.635036235051	4.96389126088	212.664996601	-64.06249324
7.685	42.3873741743	0.610354770248	5.02997832567	211.464875862	-61.8749932866
7.705	42.7174729723	0.610429101804	4.95562952891	209.987236941	-64.3749932659
7.725	42.6400495642	0.587563496294	5.02920704074	212.625683403	-64.0624932969
7.745	43.864030487	0.757048921766	4.85602426695	211.647203964	-62.8124931366
7.765	43.4261319343	0.610403920852	4.98081048144	214.546662398	-64.3749932659
7.785	44.2977543445	0.757075444253	4.82949517293	212.579713642	-63.4374931314
7.805	43.2106083981	0.610422637304	4.96208971924	212.686003679	-64.9999932607
7.825	42.9591881706	0.635000910803	4.99921084691	213.084476175	-64.6874932348
7.845	43.9362313573	0.690769317829	4.88300745087	213.035013173	-63.4374931883
7.865	43.8843410741	0.690773791772	4.87852799982	212.589591743	-64.0624931831
7.885	45.1633972483	0.837377330221	4.72814485129	212.340132549	-63.4374930745
7.905	43.5549004951	0.610472339798	4.9123829144	212.250400654	-65.6249932555
7.925	47.7850618694	1.59550726946	4.49331320453	214.110266023	-65.6249928002
7.945	46.1438706145	1.13812888575	4.72849828529	217.288461088	-68.749992888
7.965	47.4135457703	0.56685989849	4.56871944619	214.887262191	-73.7499932448
7.985	44.7684147309	0.79524219039	4.75790475927	211.737038603	-71.8749930328
8.005	45.5972217773	0.635249021853	4.75104385504	215.026213721	-72.1874931725
8.025	44.5232025482	1.59515381958	4.84664654317	215.134570125	-68.1249927794
8.045	45.0216046925	0.610523139726	4.86154419585	217.145410418	-71.2499932087
8.065	45.1469171772	0.837332683055	4.77270323508	214.251627201	-70.3124930173
8.085	44.8825242409	1.13806216893	4.79527456556	214.320976153	-66.2499929088
8.105	44.6668168023	0.511369875416	4.75920818314	210.618499485	-71.5624933484
8.125	48.0390418665	1.06206073786	4.60613638708	220.318860209	-69.0624929139
8.145	43.3970521628	0.546693931157	5.03025985261	216.308146919	-72.1874932863
8.165	45.5209144439	2.66191879088	4.74890948218	215.789729604	-69.3749926552
8.185	41.4916997281	0.51098764661	5.14146427597	211.203005871	-65.9374933951
8.205	41.6618918891	0.690489549035	5.16276522845	213.494277851	-64.6874931779
8.225	46.6835407335	1.99533947793	4.66122247968	217.095223147	-68.1249927225
8.245	43.0775351768	0.661696125116	4.9706694698	212.527678391	-64.9999932038
8.265	44.2833842754	0.756997527184	4.90740563468	215.916800605	-64.0624931262
8.285	43.6386197419	0.690717364746	4.93495502504	213.826900849	-64.0624931831
8.305	41.7276091954	0.465470497948	5.11779116531	211.230733622	-69.3749934519
8.325	44.4691174887	0.884058029666	4.83107009959	213.665814385	-64.999993033
8.345	43.5464912407	0.661688582308	4.97821733667	215.165101932	-64.3749932089
8.365	43.2805558032	0.690685437684	4.96688208791	213.434559057	-64.0624931831
8.385	43.5381491585	0.690693266787	4.95905849228	214.369095203	-63.4374931883
8.405	42.5972576885	0.610326380873	5.05835477051	213.700899187	-63.749993271
8.425	44.3601154185	0.757041202182	4.86373724384	214.378634274	-63.4374931314
8.445	43.1594126525	0.661676205964	4.99060885583	213.779343415	-62.4999932245
8.465	43.7049271326	0.635075895289	4.92423568525	213.55748509	-63.4374932452
8.485	43.6978772216	0.690695734149	4.95659663793	215.049504996	-62.8124931935
8.505	44.3342168577	0.795089419654	4.91077018868	216.378714462	-63.7499931003
8.525	43.1697734313	0.635016680289	4.98344602293	213.459064405	-64.06249324
8.545	43.0052970776	0.661585228536	5.08157616692	216.868941997	-63.7499932141
8.565	43.6380818747	0.635058535812	4.94159049975	213.976512179	-64.06249324
8.585	44.0947463931	0.690650699817	5.00159792306	218.958524286	-66.5624931623
8.605	43.8728330985	0.661724463053	4.94232647453	215.226369208	-65.6249931986
8.625	42.7400593161	0.661636394844	5.03039468396	213.377069965	-65.6249931986
8.645	44.7587896039	0.79521186214	4.78832770327	213.036961021	-63.7499931003
8.665	44.1639989532	0.690730487617	4.92183215479	215.829884272	-64.0624931831
8.685	45.1596136297	0.837259695997	4.84579521765	217.574984328	-62.1874930849
8.705	45.1717656808	0.795135317654	4.86485762039	218.417867622	-64.9999930899
8.725	46.5237733455	0.690833592457	4.81866672812	222.629683637	-70.9374931259
8.745	43.2192397533	0.837048161765	5.05729716447	217.259892753	-64.6874930641
8.765	43.8283487899	0.661672863521	4.99394624017	217.236832409	-63.1249932193
8.785	43.208992865	0.587575268969	5.01743036837	214.962502395	-64.6874932917
8.805	43.9413045541	0.795006775977	4.99344300253	218.048833532	-61.2499931211
8.825	43.0776092604	0.546665362342	5.05887024202	215.925846357	-64.6874933486
8.845	43.8020244558	0.756901129617	5.00381641617	217.737840553	-62.8124931366
8.865	42.7410223035	0.587420691847	5.17201948152	219.12805941	-62.8124933073
8.885	43.6123646364	0.756961710222	4.94323581074	214.187480363	-62.8124931366
8.905	44.0557588038	0.634992481792	5.00765384378	218.889789483	-62.8124932504
8.925	45.683726318	1.13805328296	4.80421999748	218.552067797	-63.7499929296
8.945	43.3914879096	0.634941743647	5.05839198864	217.756354717	-62.8124932504
8.965	42.7439507461	0.546624298647	5.09993393679	215.97629414	-64.6874933486
8.985	42.9832309827	0.635018220929	4.98191470639	212.471882805	-62.8124932504
9.005	44.218224494	0.756927579914	4.97735951255	218.652200137	-63.4374931314
9.025	45.3317958762	1.22591625744	4.85330809803	219.141607269	-66.5624928778
9.045	43.86350151	0.756904186268	5.00075315766	217.910839243	-63.4374931314
9.065	45.2022077419	0.757011309596	4.89363643728	219.78240583	-62.8124931366
9.085	44.6751205863	0.883934529863	4.95458788793	220.113044157	-63.7499930434
9.105	44.4612297081	0.795112423289	4.88778112172	215.989013614	-62.4999931107
9.125	40.741856959	0.465383698953	5.20460780372	209.70020924	-64.9999934883
9.145	44.3919854579	0.722353539767	4.91936614996	216.903277669	-61.8749931728
9.165	43.7623822106	0.690630444895	5.02189140021	218.183418953	-62.1874931987
9.185	43.8487779434	0.690678305657	4.97403063851	216.545676517	-62.1874931987
9.205	42.8047878453	0.610314139465	5.07060910893	215.257942116	-61.8749932866
9.225	43.7893236669	0.69070298829	4.94933698895	215.186170216	-63.4374931883
9.245	43.1446915271	0.634996162872	5.00396810196	214.206644902	-63.4374932452
9.265	42.8117106077	0.610378189488	5.00654615515	212.595022658	-63.749993271
9.285	42.8876003051	0.566318488816	5.11018858291	217.203781848	-63.749993328
9.305	44.723818836	0.795117018921	4.88315635348	217.060338994	-64.9999930899
9.325	42.2078948733	0.566265848234	5.16283288095	215.943479419	-63.1249933332
9.345	44.4796671754	0.722380991175	4.89189668298	216.126348843	-63.7499931572
9.365	42.8463616146	0.587516701311	5.07600602004	215.625436471	-63.4374933021
9.385	44.5863359566	0.795192380338	4.80780222054	213.074020974	-64.3749930951
9.405	43.161583612	0.634950807171	5.04932846473	216.217582514	-62.8124932504
9.425	43.4914170326	0.690716010855	4.93631993255	213.164134899	-62.8124931935
9.445	44.9649359074	0.795168306743	4.83190495225	215.954034218	-61.8749931159
9.465	44.6087681181	0.795082586839	4.91760300416	218.019755206	-63.7499931003
9.485	44.3114318445	0.757034673706	4.87027232695	214.429240985	-62.8124931366
9.505	44.3318452263	0.757007958946	4.89697387281	215.69657816	-64.0624931262
9.525	44.986788455	0.884035617576	4.8535001751	217.151190083	-63.7499930434
9.545	45.0900775614	0.795089421868	4.91076069072	220.067364556	-64.3749930951
9.565	46.8504613692	0.995325951741	4.67427402846	217.968266904	-66.8749929605
9.585	43.2442289006	0.661649811559	5.01699820206	215.323515556	-63.1249932193
9.605	44.0056272618	0.722395595387	4.87727441077	213.188173755	-65.6249931416
9.625	42.736086208	0.587630785738	4.96190960318	210.277033302	-65.3124932865
9.645	44.911586568	0.566660946888	4.76771192914	212.338952025	-66.874993302
9.665	43.1707309046	0.634983551384	5.01657958992	214.871849027	-63.4374932452
9.685	45.1735610026	0.936311284135	4.86541473737	218.651914391	-65.312493002
9.705	43.1059489426	0.610496241693	4.88849826008	209.049410507	-63.1249932762
9.725	43.7084552812	0.661773515872	4.8932787142	212.307809702	-64.9999932038
9.745	44.283475696	0.757039509289	4.86541692302	214.081690529	-64.687493121
9.765	43.6537647656	0.690676318874	4.97598988167	215.666915623	-65.3124931727
9.785	40.846955739	0.451870039541	5.27287982217	212.896792121	-66.5624935038
9.805	41.7748868769	0.587496847369	5.09584397526	211.047714974	-65.9374932813
9.825	44.0292130419	0.479920485226	4.92805727143	214.773088813	-69.0624934261
9.845	44.0858500729	0.837165352863	4.94009799581	216.510793213	-65.3124930589
9.865	45.0725338013	0.936374759976	4.8019590603	215.33218588	-64.0624930124
9.885	42.1067012141	0.587439780766	5.15292256879	215.085874013	-64.0624932969
9.905	44.1161037795	0.722337281933	4.93560592452	216.262022125	-63.7499931572
9.925	42.6956399159	0.634985774578	5.01435173398	212.413569882	-64.06249324
9.945	43.5779943173	0.661707705237	4.95910958249	214.500494315	-62.4999932245
9.965	43.7782230282	0.722326367442	4.94649633538	215.075977883	-66.2499931365
9.985	44.311241668	0.722377674172	4.89521970497	215.453236338	-63.1249931624
10.005	42.5698670268	0.610321504827	5.06324374692	213.768186363	-61.8749932866
10.025	44.1036981048	0.72233430726	4.93858059742	216.330620988	-63.7499931572
10.045	41.5361931181	0.566310505019	5.11817237954	210.685275662	-63.749993328
10.065	42.7172178825	0.587577336188	5.01536315022	212.429136558	-64.6874932917
10.085	43.6726618326	0.661762407328	4.90439231609	212.612175435	-64.3749932089
10.105	41.0449176307	0.439254843469	5.18965260729	210.521619575	-68.749993514
10.125	43.7418811341	0.72238697642	4.88588133779	212.281867301	-66.8749931313
10.145	44.5036595297	0.690773683464	4.87861978436	215.593793129	-65.9374931675
10.165	44.0341495432	0.690793564038	4.85874471829	212.456364856	-65.3124931727
10.185	43.8063105296	0.69073329026	4.91900197175	213.95963144	-67.1874931571
10.205	44.6071799847	0.795179304604	4.82086338676	213.74924211	-65.6249930847
10.225	43.6492872844	0.722251448044	5.02142175396	217.66815236	-65.6249931416
10.245	44.3552317342	0.837231427989	4.87403094074	214.937490616	-64.6874930641
10.265	44.1887222288	0.722385163139	4.88770665852	214.529987527	-65.6249931416
10.285	43.8279592757	0.722399545768	4.87333004962	212.156893875	-64.9999931468
10.305	42.4790338777	0.587558674727	5.03402061394	212.023778185	-65.3124932865
10.325	43.3524019802	0.634998401987	5.00170567791	215.141346627	-66.5624932192
10.345	43.6051862636	0.690627493653	5.02481510293	217.525344114	-65.3124931727
10.365	42.7805311406	0.610373474801	5.01125653215	212.638423213	-64.3749932659
10.385	44.5862513089	0.795239286533	4.76087417326	211.006296925	-66.2499930795
10.405	43.3447580162	0.690705831077	4.94648318689	212.879581684	-64.6874931779
10.425	41.7001779477	0.566362405884	5.06626036561	209.390902199	-65.6249933124
10.445	43.3821106197	0.690631187203	5.02113807666	216.255313274	-63.4374931883
10.465	43.6589719736	0.756938589162	4.96634365724	215.412119825	-64.0624931262
10.485	44.6380350831	0.837208989663	4.89647733843	217.298242725	-64.0624930693
10.505	43.216618016	0.661707040548	4.9597641549	212.749587997	-63.7499932141
10.525	46.2708736848	1.77312190921	4.65655889718	214.898683295	-65.9374927692
10.545	45.9497027603	1.32850050324	4.83320665802	221.279374658	-66.8749928467
10.565	43.0181970313	0.661639485105	5.02732465637	214.635580529	-63.1249932193
10.585	45.016029513	0.837335594801	4.76986412908	213.504122784	-64.6874930641
10.605	44.2713390652	0.795135048347	4.86514149593	214.07647287	-63.7499931003
10.625	43.3035284965	0.690680393478	4.97193180108	213.763393292	-63.4374931883
10.645	44.401086547	0.795131166017	4.86903110998	214.87447559	-63.1249931055
10.665	44.6075485993	0.795149997135	4.85020727619	215.044143686	-62.4999931107
10.685	42.8623003406	0.661615480036	5.05132972531	214.871104847	-63.1249932193
10.705	43.8728000198	0.722281219397	4.99167448082	217.495627301	-63.1249931624
10.725	42.5506701399	0.63492989207	5.07023890376	214.032901284	-63.4374932452
10.745	43.0114095222	0.661666814789	4.99999497207	213.443907086	-63.1249932193
10.765	44.1962003144	0.757047757926	4.85718150042	213.300441325	-63.4374931314
10.785	44.1035983683	0.722419538887	4.85334897061	212.621721428	-63.7499931572
10.805	42.2527127358	0.566359948492	5.06873262282	212.267975867	-63.1249933332
10.825	44.1249514353	0.795144262294	4.85591298098	212.96634782	-64.9999930899
10.845	42.5950126935	0.587505585172	5.08712615608	214.826055351	-62.8124933073
10.865	43.1353553448	0.661697820118	4.9689795264	212.741130991	-64.3749932089
10.885	43.1716980962	0.635063207764	4.93691388642	211.490848452	-64.6874932348
10.905	43.7330727591	0.722302696205	4.9701796124	215.875780955	-64.9999931468
10.925	43.4653248942	0.635079972171	4.92015414087	212.212028325	-64.06249324
10.945	42.9203025469	0.634941594119	5.05853219295	215.397674997	-64.06249324
10.965	44.2546536451	0.722356173736	4.91671412183	216.116484631	-63.7499931572
10.985	45.5606106606	0.837354018192	4.75143266676	215.256733591	-65.3124930589
11.005	45.1425449568	0.884112052945	4.77707379894	214.49032501	-63.1249930486
11.025	43.5709980131	0.690590119754	5.06218900171	218.959601243	-65.3124931727
11.045	44.445737576	0.837279649653	4.82582541893	213.258214626	-63.4374930745
11.065	43.7129087047	0.661743791228	4.92301347464	213.610095771	-63.7499932141
11.085	44.5014914116	0.795157583797	4.84259876123	214.198375083	-64.3749930951
11.105	43.1953295185	0.634992467959	5.00765835289	214.614962656	-64.06249324
11.125	43.6218855815	0.661729922295	4.93688240834	213.761338119	-63.7499932141
11.145	43.9765681354	0.722376590718	4.89629111964	213.872445907	-64.374993152
11.165	43.7532399231	0.690756669497	4.89565027473	212.693125502	-64.0624931831
11.185	39.7527819115	0.350091360984	5.46422942641	213.880078324	-69.6874937623
11.205	42.562286452	0.690758851578	4.89347370103	206.81232955	-63.4374931883
11.225	43.1015592322	0.610359905316	5.02483032735	214.809587135	-63.749993271
11.245	43.7494709008	0.722259937826	5.01293799158	217.801704051	-64.9999931468
11.265	43.17031647	0.610404099462	4.98064049131	213.275587223	-63.1249932762
11.285	44.055987276	0.795140580037	4.85962437407	212.795019984	-62.4999931107
11.305	44.0720995547	0.722399301235	4.8735866222	213.349853719	-63.7499931572
11.325	48.3413180896	1.59543400056	4.56649469755	220.120338295	-67.4999927846
11.345	44.4448200558	0.795136279749	4.86391009405	214.861285802	-63.7499931003
11.365	41.7369208462	0.494878018183	5.12204652063	211.588484151	-68.1249934054
11.385	43.7733604208	0.690716688174	4.93562609016	214.51608093	-64.6874931779
11.405	43.6669030234	0.69066751116	4.98479759544	216.110922387	-65.3124931727
11.425	43.9969799345	0.757055799723	4.84913970264	211.989653219	-63.4374931314
11.445	43.6177951903	0.757021037736	4.88387526219	211.658369799	-65.9374931106
11.465	44.6274801091	0.837289990044	4.81546081487	213.672995742	-65.3124930589
11.485	43.7557755872	0.72236506857	4.9078132675	213.296023582	-64.374993152
11.505	43.5852491634	0.722333489622	4.9393861957	213.822240911	-64.9999931468
11.525	44.7371786163	1.06182420821	4.84267899148	215.664211734	-68.4374929191
11.545	45.9124474338	1.59532736834	4.6730977815	213.926713421	-68.1249927794
11.565	43.7681577999	0.690779818809	4.87249545484	211.766430901	-64.6874931779
11.585	43.4067202824	0.66180527458	4.861535181	209.484452296	-63.1249932193
11.605	42.7875041881	0.661682448378	4.98435632476	211.673660644	-63.7499932141
11.625	44.1821377992	0.690822137694	4.83019309314	211.926477732	-62.8124931935
11.645	43.1331046093	0.635056401775	4.94372453724	211.59101473	-64.06249324
11.665	42.4170151685	0.610418890206	4.96583681648	208.936252068	-64.9999932607
11.685	43.0395107434	0.566412236996	5.01644040281	214.009759238	-63.749993328
11.705	44.6636224663	0.795181958599	4.81822395946	213.903237934	-64.3749930951
11.725	42.6170741416	0.479809355529	5.03919766972	212.523829226	-66.5624934468
11.745	43.1767727178	0.66175878126	4.90802850153	210.352720116	-63.1249932193
11.765	43.853665405	0.69078122012	4.87109414399	212.119556228	-64.6874931779
11.785	43.2748110464	0.661781089766	4.88569976197	209.878275669	-65.6249931986
11.805	43.494195012	0.690691536987	4.96079380062	214.227077442	-62.8124931935
11.825	43.0219624227	0.610417366142	4.96736519069	211.980772438	-64.3749932659
11.845	43.2267153859	0.661726252273	4.94055242958	211.981168926	-63.7499932141
11.865	43.2803016827	0.635059127234	4.9410037403	212.197157173	-63.4374932452
11.885	43.1611956837	0.690722459934	4.92986534506	211.270987022	-63.4374931883
11.905	44.6330392178	0.795166547447	4.83364239628	214.436637524	-63.7499931003
11.925	44.2605110562	0.757066871985	4.83806083387	212.775297466	-64.0624931262
11.945	43.5370682904	0.587640042844	4.95265649344	213.822042264	-64.6874932917
11.965	44.2324942663	0.83729462287	4.81083606009	211.579607428	-64.6874930641
11.985	41.9504310806	0.722136446058	5.13644781936	213.954374988	-63.1249931624
12.005	43.7440891046	0.722413234025	4.8596478129	211.160398547	-64.374993152
12.025	42.7536416481	0.634985014953	5.01512534468	212.734688647	-62.1874932556
12.045	44.2171499049	0.837251405403	4.85404545594	213.394878263	-65.3124930589
12.065	44.829262272	0.757107105074	4.79782774503	213.728668448	-64.0624931262
12.085	43.205057142	0.690786916121	4.86540365016	208.739830263	-64.0624931831
12.105	43.5979425635	0.722395084158	4.87779767951	211.235625713	-64.374993152
12.125	44.0377387677	0.72238477269	4.88811516769	213.81473225	-63.7499931572
12.145	44.2029274088	0.661798478141	4.86832150361	213.622611521	-64.3749932089
12.165	42.8782124404	0.63498724064	5.01288567208	213.260002781	-64.06249324
12.185	45.4387783684	1.06189107083	4.77585521619	216.037398463	-66.5624929347
12.205	43.029268306	0.661741885032	4.92490955366	210.349759675	-64.9999932038
12.225	44.4793831525	0.757045344729	4.8595946968	214.773111659	-63.4374931314
12.245	41.546512887	0.439328148971	5.11635160161	210.119546136	-67.4999935244
12.265	44.820865257	0.884086169359	4.80293040609	214.108321078	-64.999993033
12.285	43.1049055598	0.661681724588	4.9850801149	213.274606346	-63.7499932141
12.305	43.860770828	0.722397991921	4.87489593644	212.383484366	-63.7499931572
12.325	43.3891877617	0.661745321415	4.92148328792	211.962768643	-63.7499932141
12.345	43.7833230584	0.690758717434	4.89360233762	212.750961839	-64.0624931831
