ATF	1.0
8	6     
"Type=Membrane Test"
"AcquisitionMode=Gap Free"
"Comment="
"FileStartTime=52671"
"FileStartDate=20210907"
"StopwatchTime=9028"
"DataType=Periodic"
"SignalsExported=Cm,Rm,Ra,Tau,Hold"
"Time (s)"	"Cm (pF)"	"Rm (GOhms)"	"Ra (MOhms)"	"Tau (µs)"	"Hold (pA)"
0.125	32.773727091	0.227024261658	4.85986814707	155.937858247	-244.687472174
0.145	43.1739699047	0.221615732689	3.73644760712	158.642558456	-245.312472226
0.165	42.6926621511	0.224807751612	3.7637478299	158.038522022	-243.74997221
0.185	41.5832231229	0.212307104283	3.90917653308	159.617155022	-243.124972329
0.205	42.1700146024	0.212392851272	3.82342901214	158.382898371	-243.749972324
0.225	41.0746063977	0.203882212171	3.91005401708	157.581824774	-245.312472396
0.245	40.4816984094	0.215233503986	3.94464360038	156.811937081	-244.062472293
0.265	40.8755996189	0.203857556005	3.93471214963	157.788203846	-242.812472417
0.285	43.1054439676	0.221621997862	3.73018301191	158.129669276	-244.687472231
0.305	42.8170337529	0.215437414125	3.74073182133	157.433456322	-245.937472277
0.325	41.5625990368	0.218351470334	3.87081865843	158.078944448	-244.374972262
0.345	43.0206809733	0.218475150986	3.74713575851	158.486087494	-246.874972241
0.365	41.0947999276	0.20662569635	3.90067897613	157.327592515	-245.624972365
0.385	42.9919180933	0.224852217672	3.71927760766	157.297030145	-248.124972174
0.405	42.5877229847	0.228126284715	3.75784386619	157.444486078	-245.937472164
0.425	41.3779888818	0.1961221398	3.87791357948	157.349010604	-246.874972469
0.445	41.0343069857	0.201214064688	3.91419390363	157.551405003	-249.999972386
0.465	42.3856738451	0.238680701069	3.74361958717	156.225498952	-244.374972091
0.485	41.751857798	0.198658883111	3.87281822163	158.60537322	-245.312472453
0.505	41.1860129007	0.198640892205	3.8908086611	157.168414628	-245.937472448
0.525	41.247396401	0.20389084916	3.90141604547	157.901830014	-246.562472386
0.545	41.2863988203	0.198623062417	3.9086375155	158.259236173	-247.187472438
0.565	43.457939532	0.224832852935	3.73864353388	159.816232977	-246.874972184
0.585	43.7380513021	0.235115108971	3.69093437028	158.939183698	-247.187472096
0.605	42.954314628	0.224808215297	3.76327998271	158.987665636	-248.124972174
0.625	42.4785770798	0.228083433508	3.80069629714	158.801954745	-244.687472174
0.645	43.6366517995	0.218556758446	3.66552717398	157.312956897	-248.124972231
0.665	41.4727091303	0.206699276097	3.8270982196	155.834803801	-246.874972355
0.685	44.329465261	0.238847115279	3.57720403927	156.235607519	-245.624972081
0.705	43.4639980143	0.228203149622	3.6809783475	157.450319471	-246.562472158
0.725	42.1984263887	0.218488088085	3.73420090733	154.929487354	-244.374972262
0.745	43.6755313844	0.228171734234	3.71239557127	159.545022777	-244.687472174
0.765	42.955437263	0.221656256578	3.69592545218	156.15632291	-243.437472241
0.785	41.680321986	0.212331992098	3.88428765441	158.989884395	-244.374972319
0.805	44.8341733772	0.2388617634	3.56255524981	157.376986749	-246.249972076
0.825	42.9036867342	0.206760681477	3.7656928395	158.672238716	-246.874972355
0.845	41.9269330224	0.221527878764	3.82429979799	157.620119804	-247.18747221
0.865	41.528658827	0.203917719443	3.8745457628	157.904420624	-246.562472386
0.885	44.0329020285	0.224882685586	3.68881088275	159.807680053	-246.874972184
0.905	41.8529652992	0.212434571896	3.78170732456	155.507362108	-244.999972314
0.925	41.2372108233	0.203910470676	3.8817955126	157.084047973	-245.312472396
0.945	39.3297465143	0.177776951122	4.04127535739	155.409522681	-247.499972691
0.965	42.7052086121	0.221635474467	3.7167029396	156.104784463	-248.4374722
0.985	42.6059898073	0.228109547443	3.77458236225	158.202011735	-244.687472174
1.005	41.7197981465	0.218402459522	3.81982947046	156.623195953	-244.374972262
1.025	43.0064193781	0.215411249142	3.7668989911	159.216614989	-243.437472298
1.045	42.2233812077	0.228082477785	3.80165201952	157.886961069	-244.687472174
1.065	44.403633988	0.246358419135	3.64166433855	159.347657089	-243.74997204
1.085	42.2411984024	0.221540179957	3.81200091712	158.299654168	-244.687472231
1.105	43.6628013856	0.228206179788	3.67794879282	158.04241285	-245.937472164
1.125	43.2100267278	0.231580188729	3.71400174221	157.948984207	-245.624972138
1.145	42.0822482314	0.215363023191	3.81512439529	157.754415484	-244.062472293
1.165	41.717085914	0.218382689811	3.83960030601	157.409367333	-243.124972272
1.185	43.4345572468	0.231602324039	3.69186580148	157.838525385	-246.249972133
1.205	42.438900158	0.209584575075	3.74881949278	156.300051904	-245.31247234
1.225	42.7560337112	0.221574138341	3.77804137744	158.825937243	-245.937472221
1.245	43.6667024931	0.228198829425	3.68529915598	158.36730751	-245.937472164
1.265	43.8453939021	0.235153270821	3.65277446786	157.707570656	-245.312472112
1.285	42.0940549152	0.2066914614	3.83491443042	158.486568696	-244.999972371
1.305	42.058140673	0.212445759213	3.77051841079	155.815556443	-246.874972298
1.325	41.7316907291	0.215360636478	3.81750892169	156.53631977	-246.562472272
1.345	41.526180408	0.206672875185	3.85349560053	157.091914083	-251.249972319
1.365	42.8535201529	0.224824276615	3.74721866448	157.948924927	-248.124972174
1.385	41.9684811407	0.212409040779	3.80723312048	156.970246755	-251.249972262
1.405	41.8898249649	0.221577925002	3.77425471624	155.454923003	-245.937472221
1.425	41.6950426933	0.209536920173	3.79647284158	155.47710156	-247.187472324
1.445	43.1430642395	0.218493249798	3.72903694635	158.182372811	-246.874972241
1.465	41.4208014365	0.215356900528	3.82124377788	155.519477586	-247.812472262
1.485	43.77539149	0.231633838167	3.66035293463	157.74071287	-244.999972143
1.505	44.1845366159	0.235193492567	3.61255337106	157.204350361	-244.687472117
1.525	41.2787830167	0.206655418938	3.87095689223	156.850354111	-244.999972371
1.545	42.0909134766	0.224776880177	3.79461807549	157.067375234	-244.9999722
1.565	42.169495304	0.209550508143	3.78288538869	156.693673899	-246.562472329
1.585	42.223397909	0.221540203573	3.81197614578	158.231935939	-245.937472221
1.605	42.6819994824	0.228152821461	3.73130834393	156.697011193	-244.687472174
1.625	43.0918994741	0.224840535818	3.73096184029	158.149922303	-245.624972195
1.645	41.3947545409	0.209490362579	3.8430314707	156.21562049	-245.937472334
1.665	43.2423622789	0.22817918481	3.70494315935	157.650721125	-246.562472158
1.685	42.4914789375	0.221602637048	3.74954382682	156.672740537	-244.687472231
1.705	43.2735459567	0.2096599754	3.67341502431	156.224512068	-250.312472298
1.725	42.254878321	0.224860562144	3.71093551366	154.259344329	-245.624972195
1.745	42.4770228153	0.221557183321	3.79499524086	158.485443579	-247.18747221
1.765	41.4240221056	0.209490361428	3.84303054999	156.3260337	-248.437472314
1.785	41.6578225334	0.209498784495	3.83460851958	156.870133131	-247.187472324
1.805	41.4781264291	0.212371877943	3.84439968079	156.623269175	-246.874972298
1.825	43.5797020321	0.224928766352	3.64272952241	156.219093293	-247.499972179
1.845	44.3353630448	0.25446149388	3.60310845579	157.514753605	-245.624971967
1.865	42.8637608008	0.228124118762	3.76000737159	158.554712192	-248.437472143
1.885	43.3943244675	0.238762438273	3.6618790391	156.504471526	-247.499972065
1.905	43.6174404941	0.231595037334	3.69915502757	158.811062341	-243.749972153
1.925	41.8761891489	0.22156211922	3.79006165396	156.044035323	-244.687472231
1.945	44.0936371628	0.246354312406	3.64576964512	158.410938326	-244.999972029
1.965	42.5788090645	0.21244972235	3.7665568697	157.581713083	-244.999972314
1.985	43.9066948843	0.228198890074	3.6852385074	159.235116699	-245.937472164
2.005	42.1054541536	0.215469167518	3.70898006866	153.525576617	-244.062472293
2.025	43.3303318146	0.238715070235	3.70924908408	158.263827707	-245.624972081
2.045	43.1891758334	0.212547349535	3.66892808903	155.769140546	-246.874972298
2.065	42.1266158817	0.221596510684	3.75566787882	155.576826795	-247.18747221
2.085	40.7459994746	0.198656259124	3.87544267547	154.887201735	-244.687472459
2.105	44.4079609441	0.242579620946	3.57430530974	156.422788773	-244.68747206
2.125	42.4836519461	0.22159001196	3.76217064828	157.162433645	-242.812472247
2.145	42.1956150414	0.221622099146	3.73008230644	154.787909185	-244.062472236
2.165	44.3455485196	0.238821204676	3.60311531198	157.407307788	-244.999972086
2.185	43.7795641674	0.231631847362	3.66234310901	157.84016612	-245.624972138
2.205	42.9610265647	0.215495093949	3.68305254343	155.568871876	-245.312472283
2.225	43.1476265475	0.224896202794	3.67529545812	156.030398172	-244.9999722
2.245	42.9657132808	0.238709979541	3.71434178445	157.144171285	-243.749972096
2.265	44.3015893587	0.228273369485	3.61075909587	157.471529723	-245.937472164
2.285	43.6406814699	0.231620745529	3.67344746302	157.808940058	-243.124972159
2.305	43.3367820116	0.235144467414	3.66157852413	156.247997057	-244.687472117
2.325	43.8393343003	0.221731225631	3.62095177579	156.189484149	-248.4374722
2.345	42.9437590337	0.221623640277	3.72853886383	157.468269042	-246.562472215
2.365	42.7844868797	0.218547846538	3.67444076853	154.609614359	-246.249972246
2.385	42.7676251468	0.235082895862	3.72315137376	156.747831198	-243.437472128
2.405	44.8129844829	0.24256277437	3.59115257525	158.582444543	-244.062472065
2.425	43.4350052062	0.224853608347	3.7178887168	158.859815142	-246.249972189
2.445	42.6671482939	0.231555671829	3.73852053257	156.977570339	-243.749972153
2.465	42.4274083262	0.209617367179	3.71602738944	154.91512724	-245.31247234
2.485	43.7915653642	0.231663356801	3.63083304003	156.546329848	-246.249972133
2.505	42.6027088218	0.215474583958	3.70356198771	155.115655985	-245.937472277
2.525	44.1670417136	0.238833325109	3.59099220323	156.254134404	-247.499972065
2.545	44.7852787008	0.235293561512	3.51247728596	154.99352102	-251.56247206
2.565	43.6957725049	0.23877265924	3.6516587405	157.158552458	-246.87497207
2.585	40.6335706928	0.198612549945	3.91914952025	156.167443481	-247.812472433
2.605	42.9987532944	0.235125415682	3.68062895744	155.82321599	-245.937472107
2.625	43.224930773	0.212507687384	3.70859024011	157.553993729	-246.874972298
2.645	41.715830487	0.231491239552	3.80295217921	156.079229374	-244.374972148
2.665	43.628786654	0.238742533917	3.68178607051	158.192284675	-244.999972086
2.685	43.263479868	0.2387560716	3.66824638109	156.29971587	-246.87497207
2.705	43.2425612841	0.224897932218	3.6735630614	156.30119631	-248.124972174
2.725	43.6864648193	0.238803664322	3.62065432744	155.811234613	-246.249972076
2.745	42.5828981607	0.221664620877	3.68755710752	154.457354906	-247.812472205
2.765	42.5785984811	0.212516553786	3.69972224209	154.833476146	-248.749972283
2.785	43.9470422437	0.246395250474	3.60482802022	156.137200532	-248.124972003
2.805	42.3972412936	0.224818266685	3.75323156761	156.513743612	-244.9999722
2.825	45.0062446622	0.25876545087	3.52972030511	156.721675354	-245.312471941
2.845	42.8067701586	0.215464400908	3.71374503773	156.279791322	-245.937472277
2.865	43.153752347	0.235145986713	3.66005792705	155.524487669	-245.937472107
2.885	43.4119203627	0.215516279298	3.66186664815	156.312732245	-245.937472277
2.905	42.4167734728	0.224843521785	3.72797646792	155.549670777	-244.9999722
2.925	44.3338234238	0.23885108794	3.57323070941	156.080010323	-246.249972076
2.945	41.8777268448	0.224732871462	3.83862679029	158.053280978	-244.9999722
2.965	43.0354120007	0.235154885976	3.65115996224	154.72678958	-244.687472117
2.985	44.0731403505	0.235289760046	3.51628459401	152.691803854	-245.937472107
3.005	43.3631119955	0.238817181539	3.60713778017	154.089326567	-245.624972081
3.025	44.2736303341	0.254444298115	3.62030194697	158.035340741	-247.499971951
3.045	45.5221670483	0.263181571805	3.48518560612	156.57969261	-246.249971905
3.065	44.6157864322	0.238856024199	3.56829445129	156.858931625	-246.249972076
3.085	43.2460288753	0.238754286287	3.67003303187	156.311596672	-245.624972081
3.105	43.9015862297	0.23165174444	3.64244351079	157.433595002	-248.124972117
3.125	41.2644825541	0.209533084099	3.8003094335	154.024258544	-246.562472329
3.145	42.574401588	0.21249223723	3.72403879809	155.817931689	-248.749972283
3.165	43.6932125286	0.242518800189	3.63512399773	156.48469012	-246.562472045
3.185	42.731743146	0.228186704739	3.69742567817	155.478152496	-244.062472179
3.205	44.674556617	0.25038133587	3.58699997978	157.984326892	-247.187471983
3.225	43.7562292301	0.235176190989	3.62985365067	156.414510864	-245.937472107
3.245	44.0756939169	0.246340790069	3.65929340491	158.925127192	-243.74997204
3.265	43.5924630942	0.235204804093	3.60124184495	154.619607544	-244.687472117
3.285	43.7872768146	0.23165211934	3.64207050139	157.007847525	-246.249972133
3.305	44.5272172712	0.238840788955	3.58352701897	157.205796841	-248.749972055
3.325	44.4836969092	0.267642750404	3.54378428306	155.580625549	-245.937471879
3.345	43.8787847067	0.231692985839	3.60120274178	155.597941879	-247.499972122
3.365	43.0115379818	0.231646006465	3.64818274566	154.481035707	-246.874972127
3.385	43.6391492025	0.238762825624	3.6614923566	157.371083228	-246.87497207
3.405	44.0449707175	0.218593561345	3.62872371283	157.217173815	-248.749972226
3.425	44.6317332075	0.263152107717	3.51464645677	154.797297968	-248.749971884
3.445	44.8208126736	0.267625551003	3.56098284649	157.510337695	-246.562471874
3.465	44.3534376225	0.250383680582	3.58465673621	156.747745575	-245.937471993
3.485	43.5310504635	0.231679009811	3.61517876993	154.95457843	-247.499972122
3.505	44.5810860337	0.263144361099	3.52239712146	154.958052017	-245.62497191
3.525	42.7901661432	0.218551405114	3.67087938254	154.482782256	-249.37497222
3.545	44.6048566164	0.246447376291	3.55270220351	156.215817879	-248.124972003
3.565	43.6409581881	0.235160926548	3.64511744277	156.648287467	-246.562472102
3.585	44.6440724718	0.242585394019	3.56852947816	157.004094765	-247.187472039
3.605	43.3791953478	0.235105994276	3.70005036421	158.018346911	-245.937472107
3.625	43.4165031644	0.224939040033	3.63245524691	155.202203205	-248.124972174
3.645	44.3317327831	0.263120277897	3.5464762771	155.13050644	-248.749971884
3.665	46.0152388503	0.242659317532	3.4946018275	158.522019714	-250.937472008
3.685	43.6632438081	0.238798680946	3.62563703525	155.93947311	-246.87497207
3.705	44.7443887995	0.238860280966	3.56403701451	157.126176378	-246.87497207
3.725	43.7922070944	0.242590864507	3.56305967935	153.775663284	-246.562472045
3.745	42.9552667555	0.21543258203	3.74556063503	158.14206181	-249.687472246
3.765	45.3331490361	0.272352552724	3.50960849106	157.077462217	-249.374971822
3.785	41.9372930748	0.221540739609	3.8114360638	157.137876336	-250.312472184
3.805	45.0651158004	0.267603068995	3.58346318096	159.355262562	-247.812471864
3.825	43.4727018764	0.215497847322	3.68029643652	157.305941272	-248.437472257
3.845	44.2226450402	0.246429090852	3.57098977635	155.662911035	-246.249972019
3.865	44.5826537104	0.238877882628	3.54643401541	155.796450958	-248.12497206
3.885	44.3806145307	0.242555081843	3.59884165411	157.383669032	-247.187472039
3.905	44.9218117552	0.254544937384	3.51966116225	155.953150112	-248.749971941
3.925	45.0345178808	0.258822909035	3.47226057488	154.301535675	-246.562471931
3.945	44.1049407834	0.238833012384	3.59130559735	156.047846494	-246.87497207
3.965	43.0236633628	0.228152792871	3.73133387419	157.952413504	-247.812472148
3.985	46.7516796354	0.282325578142	3.38880781695	156.553318038	-248.124971776
4.005	44.8069500313	0.25446833745	3.59626337028	158.892057626	-246.874971957
4.025	42.2999576891	0.224843193358	3.7283025157	155.134628897	-247.499972179
4.045	43.982571279	0.235180645922	3.6253961212	157.033513964	-248.437472086
4.065	44.4866074988	0.272326521883	3.53564366222	155.272868002	-246.249971848
4.085	45.3059590471	0.26314934852	3.51740808225	157.257550147	-246.8749719
4.105	43.7350164723	0.238780308064	3.64401058537	156.975273644	-246.249972076
4.125	43.1350830433	0.235143914755	3.66212793783	155.543756492	-247.812472091
4.145	44.162407004	0.235182613585	3.6234278092	157.591305007	-249.062472081
4.165	45.0815523493	0.26765729523	3.52923861976	157.032971904	-246.562471874
4.185	44.8909877017	0.2504778422	3.49049585282	154.538261969	-245.312471998
4.205	42.8245215914	0.224843761051	3.72773541746	157.03496773	-246.874972184
4.225	44.8649619319	0.242619385891	3.53453967523	156.299971047	-245.312472055
4.245	44.8642276034	0.238898669654	3.52564565128	155.874979645	-249.37497205
4.265	45.0130490843	0.254530146131	3.53445544698	156.917627619	-246.249971962
4.285	43.9669084534	0.231676172578	3.61801789314	156.627063221	-245.624972138
4.305	45.074441887	0.263140256016	3.5265005862	156.852964963	-246.8749719
4.325	46.330199926	0.250514730441	3.45360394051	157.830307454	-248.437471972
4.345	44.8329230131	0.254509090918	3.55550914409	157.207666045	-247.499971951
4.365	43.6639361971	0.238744685879	3.67963210225	158.228537507	-246.87497207
4.385	44.6708719498	0.254500770224	3.56383135462	157.000934797	-246.249971962
4.405	42.13425937	0.212460036387	3.75624017317	155.51689795	-248.124972288
4.425	42.4762411827	0.235079480801	3.72656383894	155.820305307	-245.937472107
4.445	44.1620009282	0.24259362621	3.5602965976	154.95569661	-247.812472034
4.465	44.0242518622	0.221740510195	3.61166547714	156.452601644	-250.312472184
4.485	44.6700440064	0.272327372756	3.534791923	155.876049576	-246.874971843
4.505	42.331142379	0.221576272714	3.77590700484	157.160270602	-245.937472221
4.525	43.3568942128	0.246331478071	3.66860398007	156.725173486	-244.999972029
4.545	45.1244074829	0.258755924249	3.53924301122	157.551270042	-248.437471915
4.565	42.842229753	0.224892424853	3.67907042664	155.08254701	-248.124972174
4.585	43.5375356909	0.24637270514	3.6273754883	155.635548559	-246.249972019
4.605	43.7606565603	0.221757473811	3.59470359556	154.79731458	-248.4374722
4.625	43.0683818569	0.231626406239	3.66778360194	155.503126519	-246.249972133
4.645	44.510719318	0.23522765783	3.57838421342	156.889780574	-248.437472086
4.665	42.7068397998	0.224882724768	3.6887717004	154.993411108	-246.874972184
4.685	44.2136857093	0.250437205317	3.53113126691	153.953602723	-246.562471988
4.705	45.7283045398	0.263190681553	3.47607585845	156.883031798	-246.249971905
4.725	44.2876764132	0.238839677269	3.58464204949	156.408006607	-245.624972081
4.745	42.8350842459	0.228170095876	3.7140320927	156.542757407	-246.562472158
4.765	44.9294638547	0.250438864895	3.52947168877	156.373476309	-246.562471988
4.785	45.2224832638	0.258782626484	3.51254234213	156.718692534	-247.187471926
4.805	44.352981803	0.250386327606	3.58200824373	156.631980943	-247.187471983
4.825	43.3339275917	0.250363013408	3.60532464459	154.015001249	-245.312471998
4.845	44.2531013482	0.238792086141	3.63223184012	158.329201191	-246.87497207
4.865	43.9614080026	0.231699180614	3.59500859678	155.626955954	-246.874972127
4.885	44.67826285	0.258719452466	3.5757155776	157.578890608	-247.81247192
4.905	44.1739806167	0.246431882807	3.5681978211	155.37180332	-246.249972019
4.925	46.5184280854	0.282289513174	3.42487464303	157.410009447	-246.874971786
4.945	43.8751253397	0.235185361632	3.62068365722	156.449407314	-245.312472112
4.965	42.8673631976	0.242482309241	3.67161563506	155.044825132	-245.93747205
4.985	46.2742605716	0.277251741333	3.45011232803	157.689118226	-246.562471817
5.005	43.9197177742	0.238818903359	3.60541462175	155.993777039	-246.87497207
5.025	45.1499845116	0.238930954815	3.49336249749	155.452423348	-247.499972065
5.045	44.624850461	0.263086381952	3.58037626834	157.628568195	-245.62497191
5.065	44.1580101538	0.238834174354	3.5901449651	156.185878462	-245.624972081
5.085	42.2769089394	0.215456540599	3.72160425352	154.666355361	-247.187472267
5.105	44.2819085403	0.246416424666	3.58365453897	156.416287469	-247.499972008
5.125	43.7663088286	0.250332666991	3.63567032759	156.841998251	-245.937471993
5.145	42.9324143085	0.228207494649	3.67663148365	155.343933256	-248.437472143
5.165	44.3777339003	0.258720901904	3.57427005462	156.456533689	-244.687471946
5.185	45.3875649348	0.24259728979	3.55663508654	159.094575313	-245.93747205
5.205	44.0543503088	0.238803817214	3.62050210487	157.116821579	-245.624972081
5.225	46.8085435643	0.263263241086	3.4035130876	157.280145486	-248.749971884
5.245	44.0568637005	0.246405413829	3.59466608767	156.092569642	-246.874972014
5.265	43.3223490959	0.22496046268	3.61103319424	153.966984607	-247.499972179
5.285	45.8790168324	0.282269340998	3.44504774841	156.149624882	-246.249971791
5.305	44.6288933451	0.246462079108	3.53800080848	155.662501737	-246.874972014
5.325	43.8281049955	0.228321012285	3.56311568398	153.764993596	-246.562472158
5.345	44.4019691832	0.246440394409	3.55968408555	155.806452066	-248.124972003
5.365	45.1870799788	0.250451376637	3.51696068186	156.720438591	-245.937471993
5.385	44.6544125226	0.246468338899	3.53173888331	155.479795692	-248.749971998
5.405	44.7854781053	0.272357561893	3.50460278657	154.961322729	-246.874971843
5.425	44.8634244172	0.246519362586	3.48071804218	153.982778518	-246.249972019
5.445	45.3451697492	0.250417207443	3.55112914165	158.774989242	-246.562471988
5.465	43.0514795519	0.2249010069	3.6704907584	155.482509764	-245.624972195
5.485	43.8903229951	0.235213577385	3.59246725468	155.30257867	-245.937472107
5.505	43.7187369525	0.238821968042	3.60234993926	155.149934191	-246.87497207
5.525	45.9753046692	0.263190248663	3.47650712953	157.749741861	-247.499971895
5.545	43.1405748769	0.228228797732	3.65533084933	155.207262165	-245.937472164
5.565	44.8309712484	0.250400357803	3.56797731284	157.708683059	-247.812471977
5.585	44.2014486807	0.235191206509	3.61483813114	157.362455138	-245.937472107
5.605	43.7603222342	0.242548454162	3.6054700251	155.465542978	-246.562472045
5.625	44.3321185131	0.238839423554	3.5848937578	156.575788711	-247.499972065
5.645	45.2628315136	0.26314974818	3.51700761248	157.090205694	-247.499971895
5.665	45.7100321152	0.258798207221	3.49696160546	157.715131541	-247.187471926
5.685	43.8212556593	0.242540907999	3.61301618777	156.003003749	-246.562472045
5.705	44.150616232	0.25036887575	3.59946156814	156.666115018	-245.937471993
5.725	44.7119142792	0.254497900297	3.5667005232	157.269924168	-246.874971957
5.745	44.0166129536	0.246418164045	3.58191658307	155.404881764	-246.249972019
5.765	43.9891225445	0.246408523179	3.59155816028	155.719778979	-245.624972024
5.785	45.2788384228	0.246499705189	3.50037543943	156.273795563	-246.249972019
5.805	44.1681793694	0.250414329199	3.55400811964	154.777388324	-245.937471993
5.825	44.7555126344	0.235276163394	3.52987994797	155.646402679	-247.187472096
5.845	43.5511626656	0.23882983629	3.59448369766	154.222829505	-244.999972086
5.865	45.1386894723	0.246503774387	3.49630624141	155.611552675	-246.249972019
5.885	43.7140167516	0.235241420023	3.564624617	153.498096145	-245.937472107
5.905	44.0928460635	0.242583102791	3.57082277538	155.16372918	-245.312472055
5.925	44.6539631405	0.242565526212	3.58839728504	157.900259889	-247.187472039
5.945	44.5505047915	0.24260519958	3.54872391724	155.818200641	-247.187472039
5.965	44.0039854811	0.246381306033	3.61877530617	156.935513904	-245.624972024
5.985	43.2676757303	0.22823500273	3.64912707474	155.404566683	-244.687472174
6.005	42.9747967131	0.23515318054	3.65286409962	154.579852231	-245.937472107
6.025	44.197720019	0.235204707281	3.60133800781	156.770536144	-245.312472112
6.045	45.4628088577	0.246456243213	3.54383599286	158.828910606	-247.499972008
6.065	45.2243674647	0.277185850164	3.5160034973	157.017325482	-246.562471817
6.085	45.2680042132	0.254557920124	3.50668221177	156.583477398	-245.624971967
6.105	44.4178965973	0.231708082298	3.58610565224	156.859581611	-248.124972117
6.125	44.6383274457	0.24643727835	3.56280156646	156.771027414	-246.874972014
6.145	43.5076259692	0.228221332216	3.6627951413	156.842309996	-247.187472153
6.165	44.3056527327	0.238873701785	3.55061619573	155.008326024	-246.87497207
6.185	43.1177053924	0.242509293103	3.64463177292	154.8213744	-245.93747205
6.205	44.4431688231	0.250444043652	3.52429440086	154.457260216	-245.312471998
6.225	44.5985076632	0.242627530551	3.52639570456	155.018910861	-244.68747206
6.245	45.2644672889	0.258818771203	3.47640153867	155.27188311	-244.062471952
6.265	45.6733783495	0.242643101943	3.51082155446	158.064040513	-247.187472039
6.285	47.3653118157	0.263293555746	3.37320166535	157.751703002	-246.249971905
6.305	42.8935788172	0.231645490332	3.64870013913	154.07887602	-245.624972138
6.325	44.0688052228	0.246402364541	3.59771679818	156.265451584	-245.624972024
6.345	44.1175457875	0.242529380988	3.62454250942	157.551353525	-247.187472039
6.365	43.5929452585	0.231701515516	3.59267495507	154.223945223	-245.624972138
6.385	44.0574442427	0.238786523727	3.63779358536	157.866865106	-247.499972065
6.405	45.0560619023	0.238903744146	3.52057517245	156.319667653	-245.624972081
6.425	43.7027367444	0.242544129059	3.60979650663	155.444498124	-245.312472055
6.445	46.0330148747	0.277194323561	3.50753189377	159.444703498	-245.312471827
6.465	45.3610127066	0.246515071142	3.48500948607	155.879869472	-246.249972019
6.485	45.0684522879	0.254539537978	3.52506435813	156.699102033	-245.624971967
6.505	44.9432960425	0.250439491137	3.52884765003	156.394351283	-244.687472003
6.525	44.0623479719	0.235160613702	3.64543028902	158.174221001	-246.562472102
6.545	46.0746770168	0.277234006885	3.46784767301	157.80600741	-245.937471822
6.565	42.8709448883	0.224867576297	3.70392076599	156.217437447	-246.249972189
6.585	44.9393856203	0.258763779224	3.5313911685	156.561923591	-245.937471936
6.605	43.6861365895	0.246378738934	3.62134098277	155.91077825	-246.874972014
6.625	44.4911975734	0.258716726948	3.57844344443	157.037172793	-245.937471936
6.645	42.9804120091	0.235157304316	3.64874162167	154.428282137	-244.687472117
6.665	43.9136346404	0.235224980314	3.58106497451	154.899390673	-245.312472112
6.685	42.686408379	0.218562563734	3.65972413474	153.647722372	-245.624972252
6.705	43.9806172893	0.246384435401	3.61564451547	156.71846417	-246.874972014
6.725	42.4858462957	0.228155908045	3.72821992373	155.849887383	-246.562472158
6.745	45.2710541192	0.250478329916	3.4900037323	155.824982886	-249.062471967
6.765	42.353302134	0.206828788073	3.69758523523	153.854409763	-248.124972345
6.785	45.130388937	0.263154111697	3.51264490466	156.438847074	-246.8749719
6.805	45.4409417232	0.254598076606	3.46652194042	155.406064671	-248.749971941
6.825	45.4634406951	0.238943281182	3.48103345498	155.987265227	-249.999972045
6.845	44.928026399	0.267674672078	3.51186260848	155.737793063	-245.937471879
6.865	44.8328666229	0.250447740657	3.52059519267	155.650365633	-247.187471983
6.885	43.5904693942	0.235208835824	3.59720816651	154.442006195	-246.562472102
6.905	43.2087507255	0.235172107496	3.63393844245	154.628580665	-244.687472117
6.925	45.0584904592	0.254509079814	3.55552403775	157.99927606	-244.374971977
6.945	43.4721770147	0.238795819547	3.62849977188	155.377820164	-245.624972081
6.965	44.2333589389	0.242598837501	3.55508668568	154.982287313	-246.562472045
6.985	43.3011680582	0.215517234226	3.66090898649	155.873865421	-249.062472251
7.005	43.6304634572	0.250303769753	3.6645660968	157.57967586	-247.187471983
7.025	44.4359113256	0.246463758068	3.53632398281	154.916990973	-244.999972029
7.045	44.6257158916	0.238885207869	3.53911144932	155.629710237	-245.624972081
7.065	42.9483262532	0.228224704471	3.65942349824	154.685835134	-246.562472158
7.085	43.9346894823	0.242552205207	3.60172242817	155.925181844	-243.437472071
7.105	43.447551357	0.228251038087	3.63308988198	155.375731389	-246.562472158
7.125	43.6328869661	0.246386055061	3.61402770102	155.410872132	-244.374972034
7.145	44.5764958687	0.24645726941	3.54281192941	155.688131593	-245.624972024
7.165	45.0735323715	0.23894682696	3.4774896829	154.494325475	-248.12497206
7.185	43.5307121745	0.238823531779	3.60078687055	154.416648297	-246.249972076
7.205	43.3893083015	0.228222592018	3.66153533919	156.362846716	-247.187472153
7.225	43.207676696	0.228215992196	3.66813638471	155.984497974	-245.937472164
7.245	44.1225768948	0.250347535714	3.62080380687	157.481521904	-244.062472008
7.265	45.2993082107	0.254552740884	3.51186145208	156.919994116	-245.624971967
7.285	44.0962877443	0.242606715217	3.54721103823	154.164758677	-244.68747206
7.305	43.8191255571	0.242545825825	3.60810112009	155.786364839	-244.062472065
7.325	42.7954830552	0.21850317093	3.71911637687	156.497654008	-246.249972246
7.345	42.8176448821	0.228231143077	3.65298366842	153.948120523	-247.812472148
7.365	44.1994680633	0.242596877571	3.55704523623	154.947608121	-247.812472034
7.385	45.9943381651	0.258838824255	3.45634300585	156.877383991	-248.437471915
7.405	43.9835806575	0.228310821576	3.57330578093	154.744862302	-247.187472153
7.425	45.3748275372	0.267660313031	3.52622081851	157.921170326	-246.562471874
7.445	42.0583987757	0.212464381698	3.75189645797	155.060551909	-246.249972303
7.465	44.3449325567	0.242548893602	3.60502920518	157.523489114	-247.812472034
7.485	43.1639159707	0.23163868321	3.65550789139	155.334686804	-244.999972143
7.505	43.5459220315	0.231625220058	3.66896789223	157.277300755	-248.124972117
7.525	42.9927334289	0.224902751985	3.66874448394	155.197678824	-246.874972184
7.545	44.3084114956	0.246438912098	3.56116781829	155.542027565	-246.874972014
7.565	44.4163853531	0.246459434998	3.54064705279	155.035497144	-244.999972029
7.585	44.8999308943	0.250455610891	3.5127271614	155.539708224	-245.312471998
7.605	44.0900708562	0.231703436525	3.59075394591	155.900573899	-245.624972138
7.625	42.9950434208	0.231617722978	3.67646560295	155.59996173	-247.499972122
7.645	44.5377153766	0.238873906541	3.55041210832	155.811400042	-246.249972076
7.665	45.3909904947	0.246482115337	3.51796386839	157.43681696	-247.499972008
7.685	45.0382314148	0.246462778735	3.5372990474	157.059533082	-248.749971998
7.705	43.1498534394	0.231639229177	3.65495940364	155.261147878	-247.499972122
7.725	44.2077397177	0.246420042272	3.5800397791	155.999080811	-244.999972029
7.745	43.5757079537	0.228244554051	3.63957330603	156.107699894	-247.187472153
7.765	43.7298389449	0.231653854263	3.64033494802	156.728346311	-246.874972127
7.785	43.0262915597	0.235156220707	3.64982523083	154.638325738	-244.687472117
7.805	43.8943891255	0.242557802022	3.59612285399	155.543552275	-245.93747205
7.825	42.8816222472	0.231634302386	3.65988997546	154.500860444	-243.749972153
7.845	44.2404316254	0.2504142992	3.55403958654	155.031933162	-244.687472003
7.865	43.0294332781	0.221688454755	3.66372496381	155.085003071	-245.937472221
7.885	43.8673617278	0.246364724523	3.63535752742	157.154571037	-244.999972029
7.905	44.1753767519	0.24256100332	3.59292362474	156.402056546	-244.062472065
7.925	43.7179079211	0.224950159736	3.62133732685	155.809016166	-246.249972189
7.945	43.4491730004	0.238775198504	3.6491221521	156.164725982	-244.374972091
7.965	44.3011506659	0.242595539289	3.55838696637	155.361793163	-244.68747206
7.985	45.3111801001	0.242668857064	3.48506712233	155.676766066	-246.562472045
8.005	44.0242738672	0.238865577398	3.55873924519	154.371014311	-248.12497206
8.025	44.3832470594	0.250424041062	3.54429625628	155.11204783	-245.937471993
8.045	43.3677130646	0.224921496108	3.65000095581	155.764465757	-246.249972189
8.065	44.173346563	0.25448274167	3.58185914984	156.026621935	-246.874971957
8.085	44.9463746529	0.258782392017	3.51277837523	155.772161762	-245.937471936
8.105	44.9366202995	0.235243464684	3.56257865821	157.701971189	-247.187472096
8.125	41.7536810501	0.221613669688	3.73851060824	153.506994128	-245.312472226
8.145	43.7890410966	0.238797575486	3.62674450207	156.435791324	-244.999972086
8.165	44.2820729339	0.242581547302	3.57237826408	155.896504256	-245.312472055
8.185	44.3448280181	0.250404247423	3.56409136358	155.831021052	-244.687472003
8.205	42.3855898679	0.231525027109	3.76916462259	157.199107028	-244.374972148
8.225	45.2927572427	0.25045579553	3.51254399074	156.892447431	-244.062472008
8.245	43.474706423	0.218559764594	3.66252383675	156.60286983	-244.999972257
8.265	43.0399244269	0.231643450473	3.65073936821	154.689612449	-246.249972133
8.285	42.8441775116	0.22166694131	3.68524014267	155.309050788	-244.062472236
8.305	44.1922772902	0.235206724287	3.59932165096	156.664810073	-244.687472117
8.325	43.3781501791	0.24246311602	3.69081299361	157.700103689	-242.187472081
8.345	43.3749614503	0.231615904541	3.67828340922	157.051275716	-248.124972117
8.365	41.5556883963	0.218485978521	3.73630878574	152.654355447	-246.249972246
8.385	44.5037656952	0.235237902346	3.56814553917	156.4232473	-242.812472133
8.405	44.9064098514	0.246491329495	3.50875468962	155.354141088	-243.124972045
8.425	44.1328249721	0.254505098825	3.5595057855	154.924276427	-243.749971983
8.445	44.7173330662	0.242587019133	3.56690781262	157.191322892	-244.062472065
8.465	43.8141660579	0.209772259958	3.5611320201	153.423484715	-248.437472314
8.485	42.9374920882	0.231620079488	3.67411161364	155.293765441	-244.999972143
8.505	44.2102405541	0.231726140063	3.5680497775	155.352271179	-246.249972133
8.525	43.1892001367	0.238803366857	3.62094978568	154.05008017	-248.12497206
8.545	42.7576275606	0.228254028687	3.63010172961	152.784683847	-244.062472179
8.565	43.6321015748	0.231674715577	3.61947615421	155.496022041	-244.374972148
8.585	42.8661046645	0.22169234715	3.65983199028	154.334887044	-246.562472215
8.605	41.9746890345	0.209610629124	3.72276337242	153.534995809	-247.812472319
8.625	42.8394725472	0.231628655244	3.66553459651	154.583280872	-246.249972133
8.645	43.539477834	0.218566509996	3.6557761858	156.552072788	-247.499972236
8.665	44.3562448602	0.267616431204	3.57010180881	156.271589419	-247.187471869
8.685	43.2347360899	0.228206920132	3.67720967321	156.462040418	-244.687472174
8.705	42.476561452	0.218502757951	3.71953047997	155.348399046	-244.999972257
8.725	44.099916577	0.238811487729	3.61282958348	156.951068718	-247.499972065
8.745	45.3542840169	0.24261297466	3.54094814763	158.286962078	-247.812472034
8.765	43.507305985	0.235191457855	3.61458613555	154.880592193	-246.562472102
8.785	44.7798037824	0.250446794029	3.52154328978	155.507420903	-245.937471993
8.805	42.9959723027	0.224850903818	3.72059265087	157.366564697	-246.874972184
8.825	44.2582773635	0.254452642641	3.6119596951	157.621671636	-245.624971967
8.845	43.0265139507	0.235140651923	3.66539336554	155.288448648	-245.312472112
8.865	45.1375521419	0.250473662415	3.49467490308	155.570509686	-245.937471993
8.885	44.0871406979	0.242565125924	3.58880033175	155.913178009	-244.68747206
8.905	42.1164491811	0.209614149407	3.71924464262	153.910499358	-245.937472334
8.925	43.6672033628	0.238826426965	3.59789168434	154.778153406	-246.249972076
8.945	43.9429676224	0.221753769123	3.59840828354	155.599813594	-248.4374722
8.965	43.8261989919	0.242592269374	3.56165412294	153.835208074	-247.187472039
8.985	44.619619143	0.231735573215	3.55861410543	156.382540007	-248.749972112
9.005	43.0355460301	0.224897886938	3.67360893643	155.554845889	-247.499972179
9.025	44.8725006682	0.242626827211	3.5270962859	156.001812741	-247.187472039
9.045	43.6058811987	0.231700171673	3.59401879767	154.326519849	-245.624972138
9.065	44.7860239509	0.238868467982	3.55585066785	156.916517987	-246.249972076
9.085	43.2479048084	0.22492381985	3.6476772134	155.236860256	-246.249972189
9.105	42.7677876553	0.235132390425	3.67365356614	154.697084508	-246.562472102
9.125	44.5247664938	0.242571738461	3.58218641485	157.174927559	-245.93747205
9.145	43.7944771873	0.242563438414	3.59048577237	154.949840263	-246.562472045
9.165	44.3418045802	0.246421942892	3.57813915852	156.390301416	-244.999972029
9.185	45.233345617	0.254531197103	3.53340371773	157.639321492	-246.874971957
9.205	44.2384730162	0.2352108426	3.59520268909	156.651850314	-245.312472112
9.225	43.0594452192	0.221663935716	3.6882428462	156.214454952	-247.18747221
9.245	43.4813637057	0.238786904209	3.63741577884	155.786715784	-244.999972086
9.265	44.9093159272	0.246532180933	3.46790040657	153.580658072	-245.624972024
9.285	44.71544174	0.235280222447	3.52582219299	155.330964603	-245.937472107
9.305	42.6914812411	0.231568747631	3.72544283991	156.52649858	-245.624972138
9.325	45.1650658958	0.258747766087	3.54740352207	158.051840419	-246.562471931
9.345	43.0089723339	0.221709485908	3.64269381057	154.136057065	-245.937472221
9.365	44.3582895272	0.238806814976	3.61750434284	158.0717946	-245.624972081
9.385	44.0522726727	0.235202119358	3.60392593085	156.365194544	-245.312472112
9.405	44.4689352992	0.246448923999	3.55115591806	155.672984379	-246.874972014
9.425	43.5901971695	0.224947286122	3.62421034627	155.475125348	-246.874972184
9.445	44.6241527236	0.258777647328	3.51752306466	154.861479192	-245.937471936
9.465	45.1335896618	0.24648256978	3.51750942568	156.524099146	-247.499972008
9.485	43.5958762279	0.228245341605	3.63878636414	156.146721108	-246.562472158
9.505	42.9519642426	0.221674787221	3.67739134156	155.3736678	-247.18747221
9.525	43.3300357252	0.224919236277	3.65226078628	155.723929786	-246.249972189
9.545	44.6502159074	0.242643256867	3.51066456129	154.516323567	-249.062472024
9.565	43.5774008231	0.235161501463	3.64454058053	156.395778838	-248.437472086
9.585	43.2753732162	0.231640069148	3.65411943294	155.677570351	-247.499972122
9.605	43.6275917703	0.218583949137	3.63833479696	156.132948768	-249.999972215
9.625	42.7236617813	0.231594740228	3.69944898315	155.568978761	-246.874972127
9.645	42.3212461513	0.212499488584	3.71678850811	154.59512711	-247.499972293
9.665	44.2870020204	0.254500121588	3.56447847399	155.679646969	-247.499971951
9.685	43.4178643858	0.235180727275	3.62531606683	155.013938091	-247.187472096
9.705	43.2269118668	0.228228811122	3.65531684693	155.517291381	-246.562472158
9.725	43.9894637328	0.231774284521	3.51990532033	152.522422786	-246.249972133
9.745	44.6025083217	0.242626425324	3.52749886289	155.080610266	-246.562472045
9.765	43.8578776438	0.235259682934	3.54636040759	153.22607455	-247.187472096
9.785	42.2740997596	0.212493395993	3.72288056699	154.671581097	-248.124972288
9.805	43.1699699991	0.23166842917	3.62576256156	154.112105674	-244.374972148
9.825	44.2292910717	0.238853992534	3.57032611601	155.587315095	-246.249972076
9.845	43.4780882216	0.228243793739	3.64033545355	155.79007872	-245.312472169
9.865	44.2757637131	0.242595682599	3.55824227711	155.266541434	-245.93747205
9.885	42.9202525773	0.215555053163	3.62309168967	152.93347454	-247.187472267
9.905	43.6107677215	0.231666423277	3.62776656393	155.770407543	-246.249972133
9.925	43.9342155586	0.235244440395	3.56160489439	154.142595603	-245.312472112
9.945	43.6661022403	0.231683133485	3.61105761625	155.260885224	-244.999972143
9.965	44.1746085863	0.235254963646	3.55108099426	154.534968511	-245.937472107
9.985	44.4113909381	0.242610264357	3.54366051946	155.113247847	-245.93747205
10.005	44.4254522148	0.242588229919	3.56569426804	156.112946978	-246.562472045
10.025	44.1671554706	0.24259316298	3.56076189658	154.993739304	-245.93747205
10.045	44.7966817201	0.263112039461	3.55471875997	157.116910583	-245.62497191
10.065	43.0876760696	0.224883880191	3.68761746657	156.327429423	-245.624972195
10.085	44.418098194	0.231713828198	3.58036101239	156.612899287	-246.874972127
10.105	43.1930156795	0.228219777361	3.66435121975	155.77324725	-245.937472164
10.125	46.173670472	0.267804405994	3.38212701882	154.217590019	-247.187471869
10.145	44.2565782169	0.225008702175	3.56279548326	155.219387881	-245.624972195
10.165	43.1877613317	0.2282553816	3.62874698064	154.264992261	-245.937472164
10.185	44.5732466336	0.231739285031	3.5549029194	156.059595383	-248.124972117
10.205	44.0277527283	0.242549486307	3.60443787982	156.371520576	-246.562472045
10.225	45.341381193	0.238951994638	3.47232534927	155.184960643	-244.999972086
10.245	44.6568039662	0.242592205428	3.5617153102	156.753384354	-249.687472019
10.265	43.5949607219	0.246400141761	3.59993886745	154.679308246	-246.249972019
10.285	43.4781981601	0.224962222429	3.60927344471	154.44677601	-247.499972179
10.305	43.7102916207	0.23516350959	3.64253245365	156.787615832	-248.437472086
10.325	42.7770466146	0.238773218685	3.65109996529	153.83103108	-246.249972076
10.345	43.9044114597	0.221736274791	3.61590492737	156.206875929	-245.937472221
10.365	42.6007184032	0.218552054043	3.67023213925	153.772168256	-247.499972236
10.385	43.9109348855	0.235218865752	3.58717694024	155.15019373	-247.812472091
10.405	43.4821024324	0.231662024781	3.63216569004	155.496217806	-245.624972138
10.425	44.8867793395	0.250429260886	3.53907716622	156.644074971	-245.312471998
10.445	42.9361994861	0.224851267126	3.72023112677	157.132777234	-244.9999722
10.465	44.0664871626	0.242545600121	3.60832544501	156.675383657	-245.312472055
10.485	43.6596175059	0.218562849634	3.65943823421	157.138671734	-245.624972252
10.505	43.7761994803	0.221715994731	3.6361820975	156.609803961	-249.062472195
10.525	42.3172410782	0.221603390851	3.74878886724	155.999413456	-245.937472221
10.545	42.1763992416	0.224831014969	3.74048268938	155.178409398	-245.624972195
10.565	42.8687778378	0.218532190198	3.69009767	155.563163892	-245.624972252
10.585	42.8740062957	0.224871640893	3.69985795382	156.060046143	-244.374972205
10.605	42.4860524961	0.218526646288	3.69563989404	154.401963013	-247.499972236
10.625	43.6164554073	0.2425370624	3.61686316572	155.436781253	-245.312472055
10.645	42.596393562	0.224826943441	3.74455362222	156.891410874	-246.249972189
10.665	43.2197860342	0.235188518652	3.61752663704	153.980296038	-245.312472112
10.685	44.0065517166	0.231653868288	3.64032344377	157.719598133	-244.374972148
10.705	44.1693173263	0.238827713827	3.59660549156	156.502769212	-245.624972081
10.725	43.5438945841	0.228210584151	3.67354504246	157.426339207	-245.312472169
10.745	43.7129768419	0.221747789627	3.60438893539	155.038504047	-247.18747221
10.765	42.5154721071	0.231573128369	3.72106210172	155.700813776	-245.624972138
10.785	42.7738515631	0.228234584574	3.64954523094	153.64822096	-244.687472174
10.805	43.939969696	0.235233687729	3.57235885854	154.621196713	-244.062472122
10.825	43.5898857228	0.22174727839	3.60490248395	154.623601427	-244.687472231
10.845	42.9297568485	0.218559048796	3.66324019663	154.669613359	-244.374972262
10.865	44.1074977259	0.242579122906	3.57480128075	155.385676537	-246.562472045
10.885	44.8015722181	0.238845756688	3.57856129323	157.958522449	-246.87497207
10.905	41.7200781573	0.218442304708	3.77998428474	155.018753662	-244.374972262
10.925	44.3308483686	0.231746354568	3.54783527299	154.907055142	-246.249972133
10.945	42.789880534	0.218519346425	3.70294256722	155.808205738	-244.374972262
10.965	44.0669407122	0.235191223119	3.6148228189	156.882936326	-244.687472117
10.985	43.0427265407	0.224831661025	3.73983663315	158.33896448	-245.624972195
11.005	44.0804276448	0.23172132173	3.57287063098	155.102172004	-243.749972153
11.025	43.4352643859	0.238738953296	3.68536736046	157.641425262	-244.374972091
11.045	43.4036997184	0.235167694765	3.63835117271	155.511929255	-244.687472117
11.065	44.3975237076	0.246299084998	3.70099705246	161.882586309	-244.999972029
11.085	43.7059194563	0.228281796927	3.60233165389	154.997328787	-245.937472164
11.105	42.9009607992	0.228198917211	3.68521320608	155.586599595	-244.062472179
11.125	43.7957310001	0.235182320528	3.62372670849	156.29553363	-243.437472128
11.145	44.1197274009	0.235256790434	3.54925550439	154.264833551	-244.687472117
11.165	43.347016365	0.235179530578	3.62651600922	154.811425257	-244.062472122
11.185	43.3155500488	0.228209394638	3.67473700338	156.65078854	-242.81247219
11.205	42.6516111085	0.218531491718	3.69079558825	154.803883127	-246.249972246
11.225	45.9425621794	0.258823304206	3.47186697005	157.3951587	-245.312471941
11.245	42.9084765366	0.228220413061	3.66371613181	154.720682937	-245.312472169
11.265	43.7274696922	0.228281957527	3.60217105403	155.066949444	-245.937472164
11.285	43.360528868	0.235210421796	3.59562349307	153.560679124	-245.312472112
11.305	43.5858210049	0.221748615338	3.60356322386	154.55267734	-247.18747221
11.325	44.5017693184	0.231796047042	3.49814090903	153.359047752	-248.124972117
11.345	42.1716481896	0.221593501082	3.7586769021	155.865798713	-247.812472205
11.365	43.3134464724	0.231668147075	3.62604087602	154.635984296	-248.124972117
11.385	45.0291541866	0.25883962187	3.45554617368	153.550401513	-247.81247192
11.405	42.7698731286	0.218551209764	3.67107641829	154.417668386	-247.499972236
11.425	42.4842754305	0.224870385389	3.70111167463	154.692976717	-246.249972189
11.445	45.2996705375	0.258835166975	3.46000341746	154.669456377	-245.937471936
11.465	43.5012777116	0.238846526168	3.57779381957	153.3416266	-244.999972086
11.485	43.6493913269	0.235283288272	3.52275896372	151.497993769	-243.437472128
11.505	44.8286127063	0.238947982348	3.47633830888	153.604703352	-244.374972091
11.525	46.9240054439	0.250565682277	3.40265430741	157.526970375	-246.562471988
11.545	45.0715222629	0.246525121414	3.47496063675	154.444748534	-244.999972029
11.565	44.453734424	0.242621709795	3.53221646026	154.767031333	-244.68747206
11.585	43.1068995186	0.224965116554	3.60638110416	153.007075049	-245.624972195
11.605	43.4427488042	0.218633472717	3.58881346505	153.39006257	-247.499972236
11.625	42.6152633667	0.215521970616	3.65617587692	153.209803324	-245.312472283
11.645	42.7614866428	0.201526025459	3.60223504862	151.331900231	-247.499972407
11.665	42.0252747359	0.209592382752	3.74100819012	154.459946008	-249.687472303
11.685	45.0543414047	0.267707410664	3.47911983766	154.738475011	-249.062471853
11.705	43.4440148428	0.224968482471	3.60301459232	154.062017369	-246.249972189
11.725	44.4074546324	0.238892918994	3.53139965619	154.536063254	-246.249972076
11.745	43.4345485297	0.225012321658	3.55917599988	152.184002739	-245.624972195
11.765	43.3733635559	0.2249048284	3.66666925763	156.484578768	-245.624972195
11.785	42.3317986391	0.228165026449	3.71910396756	154.911296608	-244.062472179
11.805	44.2293003611	0.242593109698	3.56081310916	155.214021015	-247.812472034
11.825	43.0326419669	0.221698427458	3.65375168216	154.681326958	-246.562472215
11.845	42.1150170162	0.218512824919	3.70946238696	153.616289384	-246.249972246
11.865	43.2245478633	0.23166843021	3.62576152171	154.306899162	-244.374972148
11.885	42.4140134132	0.221705353468	3.64682682815	152.173463809	-245.312472226
11.905	43.5004190722	0.221790394029	3.5617851115	152.490267235	-246.562472215
11.925	43.5556381967	0.238811707739	3.61261157997	155.004776301	-245.624972081
11.945	43.3323817866	0.224974753089	3.59674516315	153.403030045	-244.9999722
11.965	42.9814417426	0.235187304846	3.61873849613	153.181649495	-247.187472096
11.985	43.1853372847	0.224952983365	3.61851310353	153.792852121	-246.874972184
12.005	42.0357811629	0.198841072192	3.69062680628	152.311377061	-248.437472427
12.025	43.9852210591	0.228308832745	3.57529399966	154.835389859	-247.812472148
12.045	44.4371552548	0.231816061648	3.47812693249	152.273383745	-247.499972122
12.065	44.0739369752	0.231708344613	3.58584522816	155.633777359	-246.249972133
12.085	43.5524333591	0.238822654693	3.60166663202	154.530877344	-243.749972096
12.105	44.2425166038	0.212695110234	3.52116685783	153.248258747	-247.499972293
12.125	43.274534114	0.238844775736	3.57954492034	152.615898189	-244.374972091
12.145	44.3072886375	0.2504456393	3.52269801874	153.916255086	-245.937471993
12.165	42.9295700988	0.218633607908	3.58867996048	151.572556625	-245.624972252
12.185	44.3904354482	0.246520783297	3.47929662012	152.29801816	-246.874972014
12.205	44.2508864213	0.221823029921	3.52915095349	153.722372108	-244.687472231
12.225	42.9909579055	0.209712929969	3.62046356308	153.005720802	-246.562472329
12.245	43.1799308644	0.228270405554	3.61372547524	153.608653283	-243.437472184
12.265	42.8714437544	0.221718131636	3.63404923851	153.284542309	-244.687472231
12.285	44.1602635877	0.231756251741	3.53793872994	153.887101054	-245.624972138
12.305	43.5867234413	0.23170779793	3.58639254133	153.93645856	-245.624972138
12.325	44.3710825616	0.246493759867	3.50632289538	153.397297756	-244.374972034
12.345	43.4818115228	0.231670605007	3.62358672461	155.133651611	-244.374972148
12.365	44.2415488804	0.238863424371	3.56089762313	155.225574279	-243.124972102
12.385	42.6094677831	0.224928870417	3.6426284301	152.736948119	-244.374972205
12.405	42.7551862764	0.221742163738	3.61001713584	151.874402362	-244.687472231
12.425	42.0852100352	0.212536984478	3.67929420993	152.20893316	-245.624972309
12.445	44.5687730611	0.231797287239	3.49690260229	153.536402549	-246.249972133
12.465	43.6106674612	0.235244691747	3.56135289256	152.996769347	-245.937472107
12.485	42.6868772194	0.231651442945	3.64275004671	153.090259103	-243.124972159
12.505	43.4538043114	0.23166408359	3.63010940104	155.308425293	-243.124972159
12.525	45.3983694742	0.263187307944	3.47945108615	155.900335494	-244.999971915
12.545	43.8041880724	0.221762269333	3.58991154149	154.748081685	-244.687472231
12.565	43.6148114249	0.224998800269	3.57269798345	153.386956855	-244.9999722
12.585	42.6801253643	0.221681476744	3.67070355239	154.114194287	-245.312472226
12.605	42.5467464822	0.224938511413	3.6329862446	152.114933492	-245.624972195
12.625	42.6066566593	0.218601443317	3.62084567533	151.758449198	-244.374972262
12.645	42.6001373554	0.215494705376	3.68344221048	154.278075259	-244.062472293
12.665	42.5570001274	0.231618047513	3.67614673834	154.001528065	-241.874972169
12.685	43.4029858875	0.231664342473	3.62984925824	155.115852343	-244.374972148
12.705	44.8438962586	0.225076778349	3.4947181196	154.320673322	-246.874972184
12.725	43.2996070134	0.24255030644	3.60361981564	153.751011427	-244.68747206
12.745	43.7698041903	0.231775243479	3.51894825275	151.720170986	-244.374972148
12.765	42.7903590558	0.209711653216	3.62174186998	152.3446276	-244.687472345
12.785	44.3624895301	0.250470983965	3.49735702379	153.014898583	-242.812472019
12.805	42.2902153463	0.209649217187	3.68417686347	153.113953272	-245.937472334
12.825	41.9953107127	0.206838215568	3.68815925362	152.171995082	-246.24997236
12.845	43.7230245025	0.238804969097	3.61935022208	155.886311079	-245.624972081
12.865	42.3979552678	0.218562730784	3.65955652247	152.602576583	-246.249972246
12.885	42.3865437651	0.218555829679	3.66645987523	152.844466086	-243.749972267
12.905	43.5662473411	0.238880780603	3.54353938497	152.122144946	-244.999972086
12.925	43.6504062751	0.242524224846	3.62970002988	156.101611159	-245.93747205
12.945	44.5840110389	0.235284467951	3.52157863646	154.690793723	-244.062472122
12.965	43.3766890764	0.224982256385	3.58924305692	153.244698546	-243.74997221
12.985	43.2111823705	0.22172837955	3.62380190261	154.070721085	-244.062472236
13.005	45.6428116405	0.246554928982	3.44515520251	155.079615355	-243.124972045
13.025	44.3050710394	0.23530466514	3.50137949989	152.854364598	-245.937472107
13.045	43.8699526104	0.22839616686	3.48796416867	150.715168107	-243.437472184
13.065	44.1152851941	0.242614025213	3.53990104291	153.917977733	-244.68747206
13.085	44.3060738567	0.235285296914	3.52075097107	153.690860543	-242.812472133
13.105	43.3594978922	0.231729152205	3.5650414168	152.236323274	-242.499972164
13.125	42.6202989014	0.212583514021	3.63276519925	152.22816485	-244.999972314
13.145	44.4362990702	0.22834662451	3.53750407118	154.795524957	-245.937472164
13.165	41.8835953621	0.209687295249	3.64609776517	150.101676079	-247.187472324
13.185	43.853217983	0.235271423538	3.53462304866	152.71033649	-244.062472122
13.205	42.7472843219	0.21861018231	3.61210668245	151.897934392	-244.374972262
13.225	43.5514335289	0.235214246557	3.59179938118	154.075232217	-244.687472117
13.245	44.8070413609	0.246508511083	3.4915716789	154.262013744	-244.374972034
13.265	42.4398240236	0.218542749351	3.67954132732	153.573415061	-242.499972278
13.285	44.5417903299	0.250445383946	3.52295704272	154.742092861	-242.812472019
13.305	42.7140989794	0.218563955112	3.65833669125	153.690081654	-241.249972288
13.325	43.9552027684	0.235247641205	3.55840667975	154.079842137	-242.812472133
13.345	43.0761790757	0.228268517635	3.6156140061	153.318380256	-242.81247219
13.365	42.3550551233	0.218581478125	3.64081199188	151.680322653	-243.124972272
13.385	42.5114326972	0.212581241625	3.63503972331	151.932767347	-242.499972334
13.405	45.0322789116	0.254587759789	3.47684482084	154.460810942	-243.749971983
13.425	44.3932831535	0.231751783013	3.5424118692	154.89171589	-241.249972174
13.445	43.2009496237	0.206914505445	3.61186937625	153.359171676	-246.24997236
13.465	43.7303387848	0.238870914391	3.55340760335	153.114017365	-243.124972102
13.485	44.5513677169	0.246470423604	3.52966200338	155.031095261	-241.874972055
13.505	43.8593129424	0.238837534667	3.58678866463	154.9865462	-241.874972112
13.525	43.4100733839	0.246413567278	3.58651832966	153.457469804	-241.874972055
13.545	44.141749057	0.238847046635	3.57727669693	155.577129593	-241.874972112
13.565	43.83287913	0.231756452872	3.53774011971	152.737807023	-243.124972159
13.585	43.207007391	0.224952537441	3.61896378435	153.888880362	-241.874972226
13.605	42.8739817284	0.224940624997	3.63087622921	153.197289022	-241.874972226
