ATF	1.0
8	6     
"Type=Membrane Test"
"AcquisitionMode=Gap Free"
"Comment="
"FileStartTime=55695"
"FileStartDate=20210914"
"StopwatchTime=16505"
"DataType=Periodic"
"SignalsExported=Cm,Rm,Ra,Tau,Hold"
"Time (s)"	"Cm (pF)"	"Rm (GOhms)"	"Ra (MOhms)"	"Tau (µs)"	"Hold (pA)"
45.709	39.5853905224	2.65954839927	7.11902188207	281.056934191	-14.3749983165
45.729	38.9270102058	1.44714632424	7.39933147677	286.568612276	-15.9374984458
45.749	39.7422002141	2.27851971657	7.19493355825	285.04240511	-16.5624983268
45.769	38.6294877173	1.32601938878	7.31412991023	280.991185059	-15.6249984769
45.789	39.3288609988	2.27841989279	7.29481680603	285.981210156	-15.937498332
45.809	39.5943789682	2.27843893189	7.27583716651	287.165236963	-15.3124983372
45.829	38.4317162145	1.44696612828	7.57955152311	289.777251248	-15.312498451
45.849	38.5592357014	1.59252783116	7.47244703533	286.786190509	-14.9999984251
45.869	38.4819225865	1.44715914153	7.38653826692	282.804712008	-15.312498451
45.889	39.4131516569	1.77067218951	7.10590270498	278.946577603	-15.3124983941
45.909	39.0400363932	1.99280002087	7.20020380386	280.084243624	-17.4999983475
45.929	39.4266704065	1.99285139576	7.14896549097	280.852402971	-15.624998363
45.949	40.3789372033	2.65978490415	6.88227419655	277.18170153	-16.2499983009
45.969	39.2725503579	1.77067405075	7.1040054962	277.87755922	-15.9374983889
45.989	38.3873332346	1.32609253299	7.24096546912	276.451823163	-16.2499984717
46.009	39.9630196039	1.99287953949	7.12068518125	283.550935986	-17.4999983475
46.029	38.4197096876	1.22348755657	7.28184604361	278.111173271	-15.3124985079
46.049	39.8141936711	2.27856197188	7.15261878717	283.884609352	-17.1874983216
46.069	38.7816506198	1.44741620986	7.1294458577	275.136456243	-15.9374984458
46.089	37.9230198652	1.0593948267	7.27193812609	273.893781935	-17.1874985492
46.109	39.1357770116	1.59278100881	7.21915283848	281.252401629	-17.4999984044
46.129	40.2805466825	1.77071904554	7.05883085341	283.204593095	-19.0624983629
46.149	39.3749741709	1.77075288821	7.02509609219	275.519908886	-17.1874983785
46.169	39.3843055651	1.59304075304	6.95937947176	272.898141133	-18.1249983992
46.189	39.459518583	1.77078861611	6.98929624958	274.709985924	-18.4374983681
46.209	39.7231661882	2.27874964994	6.9648218106	275.821746449	-18.4374983112
46.229	38.9612879694	1.77079001347	6.9879348613	271.188770683	-17.8124983733
46.249	39.2589341345	1.99308911837	6.91096972361	270.379772385	-19.3749983319
46.269	40.8395427388	5.32652777256	6.80585300335	277.593235989	-19.0624981922
46.289	38.103033369	1.32619023946	7.14317806732	270.718597096	-18.7499984509
46.309	39.0334962256	1.77081634773	6.96156463671	270.670128476	-18.4374983681
46.329	39.6543208505	1.99307518496	6.92494866349	273.653326466	-18.7499983371
46.349	38.6387374621	1.32635239272	6.98098433226	268.324151592	-19.9999984405
46.369	38.8373922471	1.32621814631	7.11527121767	274.863911364	-18.7499984509
46.389	39.7219630749	2.27889145411	6.8230176405	270.214630201	-18.4374983112
46.409	38.8874349876	1.3263558195	6.97759802499	269.920908915	-18.7499984509
46.429	39.0522835721	1.77081799636	6.95991600653	270.736527045	-18.4374983681
46.449	39.0707662173	1.44764328605	6.90222518933	268.395542391	-19.6874984146
46.469	39.1348904564	1.44764063064	6.90490467736	268.939908173	-19.0624984198
46.489	38.6025403938	1.32630035083	7.03304646221	270.061390628	-19.3749984457
46.509	39.3975545007	2.27880052432	6.91388796005	271.566344574	-19.062498306
46.529	38.5000472857	1.59295383678	7.04620831789	270.084671684	-19.9999983836
46.549	39.4286542337	1.77087917132	6.89870507663	270.951129476	-19.0624983629
46.569	38.9851974991	1.59298390308	7.01611288131	272.325121933	-20.6249983784
46.589	39.6409797506	1.99311544121	6.88455582685	271.971104205	-20.6249983215
46.609	38.0036692429	1.32623755047	7.09584682023	268.233072361	-19.3749984457
46.629	38.3000217847	1.32633309853	7.00027852443	266.70318222	-19.9999984405
46.649	38.7219695257	1.44758256102	6.96292614094	268.327548318	-20.3124984094
46.669	38.4255400499	1.22374544094	7.0240865186	268.363955291	-20.312497599
46.689	39.6270453287	2.65986602691	6.80066582446	268.803025363	-19.9999982698
46.709	38.5043720198	1.32621848413	7.11518108862	272.503593955	-20.6249975679
46.729	39.2039558959	1.44764130669	6.9044993218	269.398794165	-21.5624975317
46.749	39.7084491338	1.32646665135	6.86699363134	271.273310787	-21.2499975627
46.769	38.9043963071	1.4476183762	6.92735757651	268.221133078	-23.4374975161
46.789	37.4091048954	1.05947974138	7.18709132279	267.051084305	-23.4374976299
46.809	38.3322609233	1.3263483931	6.98519118364	266.355414803	-23.1249975472
46.829	37.6524828079	1.05960902463	7.05785987696	263.987575229	-20.9374976507
46.849	38.5815830071	1.22378069307	6.98883439088	268.109161563	-20.312497599
46.869	38.6546906665	1.32627875108	7.0548939075	271.261814751	-21.2499975627
46.889	38.9173909314	1.5931398909	6.86015419798	265.834603314	-19.9999983836
46.909	37.9862437749	1.22364065287	7.12885735002	269.229995264	-20.9374975938
46.929	38.5167531961	1.32631241062	7.02125459534	269.011831091	-20.6249975679
46.949	38.8439704945	1.32633825283	6.99535168585	270.301614098	-22.4999975524
46.969	38.8269494378	1.32636194891	6.97167584239	269.273539262	-21.8749975575
46.989	39.5561410761	1.59314952498	6.85090593668	269.835049538	-21.2499975058
47.009	39.1044201879	1.59298623134	7.01414130645	273.081512787	-22.4999974954
47.029	38.8475368605	1.7707693791	7.00842534564	271.186747661	-20.3124983525
47.049	38.4140702014	1.22366941121	7.10009900806	271.17028992	-20.9374975938
47.069	38.5988674176	1.44748837202	7.057458079	271.088155596	-20.9374975369
47.089	39.5399743346	1.59319430201	6.8060997707	267.968254291	-21.8749975006
47.109	39.1947504766	1.99309995392	6.9000431171	269.512425555	-20.6249983215
47.129	39.6913863575	1.99316695971	6.83299180942	270.284326872	-21.2499983163
47.149	40.2326272776	2.2790837673	6.63125398069	266.018757893	-22.1874974127
47.169	38.1725486615	1.22367382336	7.09565237638	269.297574089	-22.1874975834
47.189	40.0581543554	1.99326712855	6.73342580665	268.820511762	-22.4999974385
47.209	38.2965997733	0.992923197302	7.07695780927	269.105399817	-23.124997661
47.229	38.351527842	1.32628981871	7.04374533691	268.7113061	-23.749997542
47.249	38.9785184546	1.59305255039	6.94779311491	269.63870466	-23.1249974902
47.269	39.0085537144	1.77086694946	6.91125936874	268.550146963	-22.8124974644
47.289	39.0148971394	1.05972091177	6.94592093237	269.229729479	-23.4374976299
47.309	38.9788391634	1.44760551796	6.94016765957	269.228930974	-24.6874975057
47.329	39.6789573479	1.99309832304	6.90218578839	272.926379635	-23.1249974333
47.349	39.0519537788	1.44750146427	7.04424542268	273.759300883	-24.0624975109
47.369	38.8315355894	1.59316047412	6.83984025484	264.466080609	-23.7499974851
47.389	39.2930855758	1.77088143055	6.8966703603	269.940180793	-24.6874974488
47.409	36.939860194	0.834865343423	7.24013191938	265.15002283	-25.3124968608
47.429	38.3197764383	1.32634557992	6.9880245959	266.376103035	-22.4999975524
47.449	39.5532332766	1.59316548365	6.83477244612	269.182540224	-24.9999974747
47.469	38.7216037464	1.44759658929	6.94912040703	267.795546664	-24.0624975109
47.489	38.7225660498	1.77074565156	7.03248532135	271.238657774	-24.062497454
47.509	37.4101207608	0.992896081123	7.10407398806	263.876257073	-23.124997661
47.529	38.4236162326	1.22372631495	7.04310906756	269.073080279	-24.0624975678
47.549	39.4786547723	1.77100155639	6.77650854585	266.507684237	-25.3124974436
47.569	39.4348783402	1.77082483448	6.95323045544	273.127349166	-25.3124974436
47.589	38.6768545855	1.22382941207	6.9400291857	266.904948713	-23.437497573
47.609	39.5856427268	2.65978517372	6.88210511572	271.729463427	-24.9999973609
47.629	38.7424492843	1.44761574946	6.93003247461	267.207255937	-22.1874975265
47.649	38.6229882377	1.4475261386	7.01959517751	269.80933568	-23.4374975161
47.669	38.0655685208	1.2238002811	6.96917740337	263.783531486	-22.8124975782
47.689	38.7344587283	1.44753810086	7.00765699506	270.130077616	-22.8124975213
47.709	39.608388787	1.99317844555	6.82206327458	269.289236697	-23.1249974333
47.729	39.4626728634	1.44773443042	6.81127927494	267.532602426	-24.0624975109
47.749	39.9233524416	1.77103490867	6.74326418366	268.192562046	-23.4374974592
47.769	39.1904018868	1.77098604693	6.79212592678	265.169161941	-23.4374974592
47.789	38.7263956623	1.32627596989	7.05759415848	271.868473322	-23.749997542
47.809	38.1578917236	1.32633815025	6.99541379937	265.529776935	-23.749997542
47.829	39.6264150737	1.99328180902	6.71865428233	265.341809099	-23.7499974281
47.849	39.2388087793	1.44769968055	6.84605322532	267.366618559	-23.4374975161
47.869	38.6323704899	1.44769390866	6.85184919794	263.456253969	-22.8124975213
47.889	38.5685526634	1.32643362042	6.89996386241	264.744447693	-23.1249975472
47.909	39.3741249891	1.77090533403	6.87283882077	269.565836564	-23.4374974592
47.929	38.5637167111	1.32633967171	6.99391256959	268.296510558	-23.1249975472
47.949	39.2202020644	1.59318057753	6.81976597494	266.33253698	-23.1249974902
47.969	38.6006461206	1.32645355616	6.88000788543	264.202392971	-23.749997542
47.989	39.1176074418	1.59321805604	6.7822583312	264.181111738	-23.7499974851
48.009	37.6937623923	1.05954419451	7.12262525069	266.685789014	-24.0624976247
48.029	38.8392274627	1.59305000655	6.95033696059	268.773084843	-23.1249974902
48.049	38.9878377268	1.32644650472	6.88705932789	267.124610492	-23.749997542
48.069	40.0461418517	2.65991492851	6.75251219983	269.727326329	-23.7499973712
48.089	38.3300411645	1.2238251372	6.94428681616	264.67297951	-24.0624975678
48.109	39.3573178031	1.77104151113	6.73662575154	264.130829015	-24.062497454
48.129	39.5165599592	1.99325568613	6.7447771749	265.631547801	-23.7499974281
48.149	38.5866557877	1.3264158157	6.91776858608	265.548617088	-23.1249975472
48.169	40.2392277512	2.27913595461	6.57876935199	263.962665016	-25.3124973867
48.189	38.6266646986	1.59311858809	6.88166801194	264.672597636	-24.9999974747
48.209	39.194961237	1.59313455743	6.8657278057	267.947197515	-24.3749974799
48.229	38.3480078165	1.22397577484	6.79387747482	259.093525572	-25.3124966901
48.249	37.4158122776	0.754848519822	7.05639339747	261.575459263	-27.8124968969
48.269	38.3123471704	1.3264295901	6.90395371813	263.137065549	-24.3749975368
48.289	37.9587434568	1.13581405597	7.04346234483	265.713227115	-24.9999967211
48.309	38.7817237558	1.44769757937	6.84817848675	264.33376372	-22.8124975213
48.329	37.144713617	0.992958621182	7.04167325696	259.719110405	-24.999996778
48.349	35.4046022709	0.585205327811	7.38735567339	258.285910106	-29.0624970573
48.369	39.4260164541	1.99326790258	6.73256071713	264.544510926	-23.7499974281
48.389	38.2743371436	1.32648467026	6.84889379264	260.790359626	-23.749997542
48.409	38.7533849071	1.32651594407	6.81759974817	262.854134097	-24.3749975368
48.429	40.8679690027	2.27923788304	6.47678146534	263.94287262	-25.9374973815
48.449	38.0338577167	1.05978334977	6.88361556373	260.120890536	-26.5624967366
48.469	38.9231797632	1.44771474106	6.83094455449	264.633427831	-24.6874975057
48.489	39.457937551	1.44777022549	6.77543604759	266.099410842	-25.3124975005
48.509	39.7586496664	2.27901752818	6.69737417448	265.498330589	-23.4374974023
48.529	38.7921532436	1.44782508299	6.72065078605	259.503925436	-23.4374975161
48.549	39.2067626419	1.77109802039	6.68011649408	260.921614015	-24.062497454
48.569	38.2263098601	1.0597842868	6.88271737487	261.403216607	-24.6874967522
48.589	37.7674010837	1.44763220143	6.91350826414	259.864196878	-24.0624975109
48.609	39.2988024761	1.59330301031	6.69727492632	262.093204341	-24.3749974799
48.629	40.6082395103	1.99354014783	6.46022441789	261.490958333	-24.9999974178
48.649	39.3282968099	1.59332882834	6.67148602725	261.284150121	-23.7499974851
48.669	38.5561959735	1.447772639	6.77311885599	259.929668257	-22.8124975213
48.689	38.5082451821	1.22391550587	6.85391814426	262.462571818	-24.0624975678
48.709	39.4842297194	1.77108988963	6.68821127748	263.085374577	-24.6874974488
48.729	39.1943578336	1.32651664048	6.8169033359	265.818122494	-24.3749975368
48.749	39.4506729936	1.7711321947	6.64594218125	261.206747531	-24.062497454
48.769	39.0893911002	1.22406105518	6.7083516021	260.79611083	-24.6874975626
48.789	38.3566124332	1.32641952034	6.91404370498	263.824095341	-23.749997542
48.809	38.770691979	1.22404409466	6.72531212197	259.32021182	-24.6874975626
48.829	39.5279672136	1.77115449157	6.62357336481	260.840925918	-25.3124974436
48.849	39.492168997	1.77118473865	6.59339823109	259.421875395	-24.062497454
48.869	39.5362185357	2.27904824869	6.6664752729	262.798507734	-25.3124973867
48.889	38.7566899602	1.05990330471	6.7636735652	260.475400015	-25.9374967418
48.909	37.9674933259	1.22388319184	6.88646046805	259.998699337	-25.3124966901
48.929	40.1304646611	1.77125444782	6.52365309149	260.836550726	-24.6874974488
48.949	38.9601190067	1.44783656832	6.70909321569	260.181422007	-25.3124975005
48.969	40.3558924006	2.27920261256	6.51211140028	262.053331216	-25.3124973867
48.989	38.9373397809	1.59335295762	6.64729847702	257.752802245	-24.9999974747
49.009	39.1808293414	1.59340519069	6.59509454161	257.336160896	-24.3749974799
49.029	38.0241846906	1.05991439997	6.75259126068	255.136333356	-25.312496747
49.049	38.7878578451	1.44784490633	6.7007552056	258.710604644	-25.3124975005
49.069	38.453861306	1.22396673134	6.80269268326	260.143945219	-24.0624975678
49.089	38.2578746162	1.2240451056	6.72431842281	255.852599278	-24.0624975678
49.109	37.4098807587	0.934305065416	6.87155070211	255.18706339	-22.812497692
49.129	39.2569125603	1.59342490801	6.57540636323	257.069333703	-23.7499974851
49.149	38.6541344079	1.44786813144	6.67757825439	256.931039558	-24.0624975109
49.169	39.5424470117	1.77118056051	6.59757637264	259.916136962	-24.062497454
49.189	37.9326680186	1.05990542906	6.76139069892	254.85182785	-24.0624976247
49.209	38.3000196488	1.32655321196	6.78035208474	258.367038188	-23.749997542
49.229	39.9664701577	1.59350949366	6.4907915792	258.361651645	-24.3749974799
49.249	38.2524264553	1.32663602507	6.69751874431	254.909433545	-24.3749975368
49.269	39.6936734448	1.77131964748	6.45848940275	255.429834921	-24.062497454
49.289	39.4203793589	1.5935661462	6.43413903167	252.616245043	-24.3749974799
49.309	39.8979731495	2.2792961531	6.41886817291	255.380636661	-22.1874974127
49.329	38.9863355236	1.32675725404	6.57631000878	255.121672238	-23.749997542
49.349	39.934062706	2.27923901607	6.47576735394	257.871037131	-24.6874973919
49.369	39.2700783024	1.993481348	6.51902424965	255.168149339	-24.9999974178
49.389	38.8711781923	1.22416629028	6.60336203628	255.303312711	-25.3124966901
49.409	39.1366781112	1.77131869839	6.45943849345	251.882429623	-24.062497454
49.429	40.4369462666	3.19360169295	6.39921113366	258.247091584	-24.687497335
49.449	39.0798544515	1.32673791836	6.59560522563	256.480253305	-24.9999975316
49.469	38.9732374667	1.32681886464	6.51467917261	252.657589924	-24.3749975368
49.489	39.3025472812	1.59345809714	6.54248650148	256.084940864	-27.4999965865
49.509	39.5660399843	1.99367216629	6.32825148319	249.591605391	-24.374997423
49.529	38.963423771	1.22423002439	6.53961068326	253.451730019	-25.9374966849
49.549	39.4371661044	1.77134589823	6.43220267803	252.750046413	-24.6874974488
49.569	38.9692950464	1.2242431217	6.52653060778	252.98561188	-25.3124966901
49.589	40.4601326832	3.19364988677	6.3507842136	256.443616816	-25.9374973246
49.609	39.3764989889	1.59361546063	6.38479546987	250.40763807	-24.9999974747
49.629	38.1020128976	1.22404559032	6.72383369782	254.791994363	-24.0624975678
49.649	40.1142199784	2.66030500384	6.36211312159	254.60232443	-26.2499973505
49.669	38.3519583216	1.4478985475	6.64713812136	253.765754373	-24.6874975057
49.689	39.8264627183	1.44821004689	6.33563872477	251.227009913	-24.6874975057
49.709	39.0028534227	1.59360180717	6.39883474122	248.574704395	-26.2499965969
49.729	38.8373918058	1.32686888707	6.46492467129	249.863398987	-25.624996659
49.749	39.1702225244	1.99345768231	6.54311066932	255.456617647	-28.7499965192
49.769	39.3028988829	1.5936486009	6.35165519671	248.647451198	-24.9999974747
49.789	37.8307464794	0.993327461855	6.67278705844	250.752060824	-27.4999967572
49.809	39.1650683625	1.32700307935	6.33071216264	246.765534283	-26.2499966538
49.829	37.6750283499	1.06014976016	6.51721812225	244.036177211	-25.9374967418
49.849	38.6880081017	1.22423677944	6.53285563625	251.401625317	-25.9374966849
49.869	38.0233222719	0.934644247632	6.53245157756	246.661535256	-27.1874967883
49.889	38.8320880334	1.22425054413	6.51905645648	251.807714115	-27.1874966745
49.909	38.166672572	1.06008160403	6.58537424786	249.790091917	-25.9374967418
49.929	38.6766328872	1.22427902657	6.49055677737	249.709040764	-27.8124966693
49.949	38.5181929456	1.22424217291	6.52741044206	250.090622474	-27.8124966693
49.969	38.9654465573	1.44806088672	6.48506959399	251.567002215	-27.1874966176
49.989	38.8085505958	1.13627292888	6.58454484316	254.064373706	-26.8749967055
50.009	39.6549209414	1.77148312566	6.29537962424	248.758758863	-27.1874965607
50.029	38.9805786392	1.32704168425	6.29210725553	244.112533305	-26.2499966538
50.049	39.2619074678	1.59358032563	6.42028715295	251.061233474	-26.8749965917
50.069	39.2330937287	1.44809952534	6.44613619846	251.78107591	-25.3124975005
50.089	39.3948175486	1.59353413205	6.46650986241	253.717399223	-26.2499965969
50.109	39.6370781765	1.99369434402	6.30611927944	249.168016426	-23.7499974281
50.129	39.3044657631	1.32704627548	6.2875160322	245.96209563	-26.2499966538
50.149	39.3054605615	1.59369813016	6.30248261619	246.746192606	-26.8749965917
50.169	38.0334030496	1.22435588958	6.4135172025	242.656780916	-24.6874975626
50.189	39.6465102682	2.27941225345	6.30241104876	249.179640562	-25.9374973815
50.209	38.7262984378	1.326844805	6.48900674244	250.072219869	-25.624996659
50.229	39.2411470829	1.99361411287	6.38630490228	249.805707214	-24.374997423
50.249	38.4035487919	1.2242918586	6.47754817979	247.451607509	-24.6874975626
50.269	38.6152414983	1.22439404454	6.37559053617	244.919637541	-25.9374966849
50.289	39.1648103578	1.59359890521	6.40138002191	249.705783187	-24.3749974799
50.309	39.1446206965	1.59365487886	6.3453772431	247.402315726	-24.9999974747
50.329	38.6069144643	1.32693364747	6.39987610809	245.893511161	-24.9999975316
50.349	38.4279254104	1.22451860532	6.25097803014	238.99209979	-27.8124966693
50.369	38.5041507236	1.22432999961	6.43960097993	246.654041981	-27.1874966745
50.389	38.3805067303	1.22442720994	6.34237340559	242.169100792	-27.8124966693
50.409	39.1310568908	1.59364535185	6.3552609245	247.70027866	-26.8749965917
50.429	38.3379321713	1.32676522791	6.56854336806	250.583781045	-26.8749966486
50.449	39.9849278088	1.7715349573	6.24354798273	248.771053654	-27.1874965607
50.469	38.839111462	1.5936777911	6.32243586414	244.58746426	-25.6249974695
50.489	38.9622183493	1.59367308123	6.32750241505	245.558567612	-27.4999965865
50.509	38.3093310196	1.77134720699	6.43129829433	245.487434592	-27.1874965607
50.529	39.2235608095	1.59360883935	6.39177342898	249.706570743	-26.8749965917
50.549	39.334886064	2.27945703207	6.25757296937	245.467062796	-26.5624973763
50.569	38.2583761683	1.22431361141	6.4560064184	245.700702012	-26.5624966797
50.589	38.5340746618	1.32697729956	6.35649195449	243.773809288	-26.2499966538
50.609	39.7101887725	1.99373886226	6.26206730351	247.889287607	-26.8749965348
50.629	38.9594020869	1.77145122972	6.32687119486	245.613890365	-24.6874974488
50.649	38.9864044803	1.22445779637	6.31180422416	244.812598663	-27.1874966745
50.669	38.5541869077	1.32688914895	6.44437463059	247.256758675	-24.9999975316
50.689	39.3493245135	1.99372481387	6.27546733228	246.160583121	-26.2499974074
50.709	37.9837309333	1.1363138967	6.54360675383	247.127483518	-25.6249967159
50.729	40.1740409482	1.77154826717	6.23023811415	249.41668447	-27.1874965607
50.749	38.7040386107	1.3267456817	6.58808957848	253.725772487	-26.8749966486
50.769	38.4303922524	1.32691389145	6.41987982688	245.53057301	-26.8749966486
50.789	38.018072589	1.1363398459	6.51764268624	246.375092529	-26.2499967107
50.809	39.2635985817	1.59361377348	6.38678102906	249.767006685	-28.1249965813
50.829	39.5874077339	1.77147247421	6.30555475876	248.735194511	-25.9374974384
50.849	39.2997812292	1.59357119775	6.4294150271	251.659260701	-26.8749965917
50.869	40.0869720964	2.66028389805	6.38329984839	255.274636344	-25.6249973557
50.889	38.6645884204	1.44804247908	6.50318245843	250.318687856	-25.3124975005
50.909	39.2502067576	1.4482106242	6.33538027172	247.581907232	-25.937496628
50.929	38.8454219531	1.59362479706	6.37581572344	246.684311036	-26.8749965917
50.949	39.1840453502	1.32699832178	6.33542926193	247.068180849	-27.4999966434
50.969	38.8946151522	1.32680143694	6.53233433572	252.827864918	-26.8749966486
50.989	38.6561426946	1.32679481438	6.53895689351	251.531207884	-26.8749966486
51.009	37.0118237749	0.934535321945	6.64136718285	244.074571845	-27.8124967831
51.029	38.1446143622	1.44804894335	6.49703704059	246.72000086	-26.5624966228
51.049	38.7959148347	1.2242420051	6.52762996725	251.902239386	-25.9374966849
51.069	38.4198240504	1.32680061148	6.53315979951	249.772969098	-26.8749966486
51.089	37.9650715752	1.22420790008	6.56170051108	247.787300523	-27.1874966745
51.109	38.6517038271	1.59353919145	6.46139219613	248.735259873	-27.4999965865
51.129	38.3647268494	1.32701390291	6.31984812907	241.310018347	-27.4999966434
51.149	38.9766204017	1.3269618523	6.37189874424	247.168208904	-27.4999966434
51.169	38.156346068	1.32687800941	6.45576186551	245.135606709	-26.8749966486
51.189	39.5747349087	1.77136559179	6.41287752468	252.872453516	-27.8124965555
51.209	38.1240710434	1.06014786722	6.51908516452	247.015115036	-27.1874967314
51.229	38.4209964101	1.4481385405	6.40739173091	245.093939166	-27.8124966124
51.249	39.2676343472	1.59370543261	6.29518017146	246.224240619	-26.8749965917
51.269	38.2210873169	1.326898092	6.43565904296	244.790614239	-27.4999966434
51.289	37.7841796266	0.993361222139	6.63903815622	249.185203903	-26.8749967624
51.309	38.6476659346	1.32682742418	6.50636733192	250.228863119	-26.2499966538
51.329	39.238292747	1.44828021588	6.26574043135	244.797880521	-27.1874966176
51.349	38.9154161302	1.59373977185	6.26045511241	242.674951306	-25.6249974695
51.369	38.9199455649	1.44816647589	6.3795285811	247.201920006	-25.937496628
51.389	39.5892852414	2.27938793987	6.3275120088	249.808217725	-27.1874965038
51.409	39.1302188689	1.59367978386	6.3208580576	246.359447573	-26.2499965969
51.429	37.7170288403	1.13631950188	6.53797184496	245.182182941	-26.8749967055
51.449	37.8628290101	1.32677498019	6.55879108512	247.112805755	-26.8749966486
51.469	38.0391739151	1.13630999636	6.54747735844	247.633751375	-26.8749967055
51.489	37.6116725685	1.06009146574	6.57547369513	245.789991737	-27.8124967262
51.509	37.0076658105	0.934545074155	6.63159480913	243.690599574	-29.0624967727
51.529	38.5273971781	1.32686001106	6.47369951403	248.203815416	-28.749996633
51.549	38.3130764606	1.22437315079	6.39643256496	243.793372186	-27.8124966693
51.569	38.0188524117	1.32676572124	6.56798933462	248.477360763	-28.749996633
51.589	39.3559202641	1.22441417363	6.35542696086	248.832092363	-27.1874966745
51.609	39.4525655467	1.77144412308	6.33434623496	249.015777117	-27.8124965555
51.629	39.1887598965	1.59369786302	6.30277889948	246.025105398	-26.2499965969
51.649	38.6266148849	1.32690402786	6.42972318442	247.160784615	-27.4999966434
51.669	39.8778717075	2.27937123481	6.34421707486	252.291666428	-27.1874965038
51.689	36.4427117273	0.755176862729	6.72803066997	243.022542875	-29.6874968813
51.709	38.9481696383	1.44814376658	6.40216565836	248.255111626	-27.8124966124
51.729	37.5870617593	1.06007596365	6.59098872705	246.205127755	-27.1874967314
51.749	39.0325661362	1.32693841098	6.39534006387	248.429199451	-27.4999966434
51.769	38.8624997211	1.44820210968	6.34384663259	245.462490011	-27.1874966176
51.789	38.9698083817	1.44822683476	6.31909746931	245.184196967	-27.8124966124
51.809	39.2625389483	1.59360575124	6.39477412837	250.07158839	-28.7499965761
51.829	38.6797484317	1.59362540562	6.37514888182	245.606628694	-28.1249965813
51.849	38.5107466859	1.44816307839	6.38287791932	244.730727242	-27.1874966176
51.869	40.0160211724	1.99387008694	6.13019426229	244.55409683	-26.2499974074
51.889	39.0118836421	1.44815567051	6.39030987952	248.202775354	-26.5624966228
51.909	38.8340025193	1.3268990909	6.4346601395	248.677671377	-27.4999966434
51.929	38.6000230368	1.32691152025	6.42225102659	246.70498558	-26.8749966486
51.949	38.1680014627	1.22431040363	6.4591624763	245.23949918	-28.4374966641
51.969	39.6538033201	1.4482809892	6.2649430297	247.35879929	-27.8124966124
51.989	39.1041780728	1.44817853331	6.36744708773	247.903785041	-26.5624966228
52.009	38.4801860896	1.22437327321	6.39629290389	244.851404108	-28.4374966641
52.029	38.8487354053	1.99361005471	6.39082932884	247.482294354	-27.4999965296
52.049	39.6103844123	1.99377660639	6.22432316847	245.78053707	-26.8749965348
52.069	38.4881386863	1.32700231245	6.33137789567	242.525814199	-29.3749966278
52.089	38.5648775413	1.22435703181	6.41253430388	246.010129269	-28.4374966641
52.109	38.4944333264	1.32678325851	6.55049252807	250.918681411	-27.4999966434
52.129	38.4875916048	1.22429677322	6.47279288725	247.812039917	-28.4374966641
52.149	38.7694112485	1.59365417689	6.34631934629	245.06714754	-29.3749965709
52.169	38.2447527214	1.22426649435	6.50308899585	247.394912168	-27.8124966693
52.189	37.106261666	0.934631115644	6.54557348341	241.192599872	-27.8124967831
52.209	37.6370717244	1.06008447707	6.58246236539	246.215762099	-27.8124967262
52.229	37.2276709016	1.0601030446	6.5638948333	242.854819942	-27.8124967262
52.249	38.6240322818	1.59354170774	6.45887590591	248.460780758	-27.4999965865
52.269	38.3319492452	1.44813496659	6.41096564686	244.66168034	-27.8124966124
52.289	39.3886524135	1.44824425415	6.30167808494	247.139242182	-27.8124966124
52.309	38.5711484131	1.2244380484	6.33155219147	242.958902144	-27.1874966745
52.329	40.0222009799	2.27943263507	6.28275735398	250.758616265	-27.8124964986
52.349	39.2862285744	1.44817826926	6.36771113846	249.068190188	-26.5624966228
52.369	38.5869368353	1.32688617121	6.44760006516	247.590047866	-26.8749966486
52.389	39.169980484	1.77145936287	6.31917838972	246.642267927	-26.5624965659
52.409	38.1516156875	1.13636902986	6.48842900057	246.138649542	-27.4999967003
52.429	39.2341907801	1.59373885837	6.2617835481	244.714529485	-26.2499965969
52.449	37.9925644793	1.13627478725	6.58265674009	248.651524896	-28.1249966951
52.469	38.666738979	1.13634015199	6.51729199802	250.565352181	-28.1249966951
52.489	38.8087158916	1.59363766705	6.3629165904	245.954599351	-27.4999965865
52.509	39.6467755037	1.99371158515	6.28920783887	248.562714635	-28.7499965192
52.529	38.5234706515	1.44810902401	6.43690822379	246.874676265	-27.8124966124
52.549	38.5688465784	1.32681642343	6.51730737882	250.136361399	-28.1249966382
52.569	38.2637223728	1.22430322993	6.46635342211	246.12679406	-27.8124966693
52.589	38.6726934384	1.32687415729	6.45957351594	248.59886147	-28.1249966382
52.609	38.5582342178	1.22432832196	6.44127863479	247.064506271	-27.1874966745
52.629	38.4953205332	1.22437147463	6.39810872291	245.016879257	-27.8124966693
52.649	38.0845068278	1.1363456584	6.51180045249	246.585655843	-27.4999967003
52.669	38.4879974388	1.44802580346	6.52015285106	249.822727514	-27.1874966176
52.689	39.2944996467	1.59383839398	6.16221879883	241.208724959	-26.8749965917
52.709	39.0444540187	1.99373406537	6.26686418992	243.919583185	-26.8749965348
52.729	39.4848711324	1.77145770137	6.3203275944	248.670098443	-25.9374974384
52.749	40.0313966138	1.99379073621	6.20954498922	247.804984081	-26.2499974074
52.769	38.5200796244	1.22438336951	6.38619659478	244.720377229	-28.4374966641
52.789	37.7965823275	1.13638520002	6.47224397163	243.24331792	-28.1249966951
52.809	38.3643605201	1.13651082994	6.34664377991	242.132782355	-26.8749967055
52.829	37.5312105824	0.993565084838	6.43518683812	239.966124188	-26.2499967676
52.849	38.4489191726	1.13642540824	6.43206548631	245.914114252	-26.8749967055
52.869	38.3262044794	1.22431440812	6.45517522564	246.104782703	-27.8124966693
52.889	38.1417915821	1.06021543328	6.45150614914	244.583689212	-27.8124967262
52.909	38.676445584	1.44821145202	6.33450428919	243.929159683	-27.1874966176
52.929	39.9561004222	1.7716458459	6.13258744046	244.189014474	-28.4374965503
52.949	39.2012957803	1.59374977436	6.25080928228	244.082513138	-27.4999965865
52.969	38.5530240964	1.1364322193	6.42523955674	246.319755682	-27.4999967003
52.989	38.8296296717	1.22432888031	6.44072028066	248.782037327	-27.1874966745
53.009	39.3731097442	1.44826193044	6.2839536368	246.349893317	-29.062496602
53.029	38.6989411942	1.06031863524	6.34829124083	244.210026311	-28.437496721
53.049	38.7779319772	1.44817180946	6.37409869254	246.091200116	-28.4374966072
53.069	37.8759780831	0.993563349624	6.4368765267	242.233664833	-28.7499967469
53.089	40.0042162687	2.27952934398	6.18592951725	246.793541765	-29.0624964882
53.109	38.3053954225	1.22433717058	6.43243001069	245.10901984	-27.1874966745
53.129	37.552725194	1.13642318304	6.43426094635	240.263695433	-28.1249966951
53.149	39.1695016054	1.44822388144	6.32207487286	246.556205704	-27.1874966176
53.169	38.3065573307	1.22429958827	6.46996059749	246.539050852	-29.0624966589
53.189	39.0522075569	1.77145267991	6.32578940291	246.157023459	-27.8124965555
53.209	39.1700406903	1.44815692303	6.3890091991	249.158507551	-27.8124966124
53.229	39.1237473731	1.44819783801	6.34809422751	247.277308605	-27.8124966124
53.249	38.9115475831	1.59374444428	6.25616850035	242.485333572	-26.8749965917
53.269	37.8680678627	0.993572970367	6.42725578385	241.823443171	-28.7499967469
53.289	37.7551120624	1.06016123617	6.50570326035	244.125474178	-27.8124967262
53.309	38.8450001828	1.59364223937	6.3583734045	246.009478244	-26.8749965917
53.329	38.4539999845	1.22436682821	6.40273790082	244.930039188	-28.4374966641
53.349	40.1128238209	3.19388112498	6.12085617559	245.055193775	-28.4374964365
53.369	37.8545698018	1.32680056868	6.53322282482	246.100529903	-26.2499966538
53.389	39.1627685488	1.59363150612	6.3691066589	248.43893904	-26.8749965917
53.409	37.4918170484	0.993339154955	6.66108257655	248.072576986	-28.1249967521
53.429	38.2992113703	1.44794697113	6.59896110538	251.588401999	-27.8124966124
53.449	38.4333921593	1.13647622082	6.38123803649	243.883235846	-27.4999967003
53.469	39.0275234809	1.77154886149	6.22960782219	242.274214266	-27.8124965555
53.489	38.716409009	1.44826670534	6.27917873139	242.057774018	-29.062496602
53.509	38.6673894124	1.44807928957	6.46669082592	248.938367766	-26.5624966228
53.529	38.3791669298	1.32699210824	6.34166303327	242.230132252	-26.8749966486
53.549	38.0901824765	1.06011050788	6.55643154769	248.200635515	-27.8124967262
53.569	38.3684772852	1.22436945953	6.4001410657	244.28670827	-27.1874966745
53.589	38.3636865441	1.32687477942	6.45897162603	246.58961198	-27.4999966434
53.609	39.1599076474	1.77140383485	6.37463446589	248.734990719	-27.8124965555
53.629	38.9959916459	1.77149935639	6.27911291879	243.995388663	-27.8124965555
53.649	38.8056996574	1.44821363083	6.33237364073	244.662393248	-25.937496628
53.669	37.8601059656	1.22431174325	6.45790906709	243.214233141	-25.3124966901
53.689	38.0321684587	1.22435540349	6.41423158488	242.675790678	-25.9374966849
53.709	38.2309126479	1.44810982901	6.43617546379	244.972074873	-25.937496628
53.729	39.8856900978	1.77148507869	6.29335465724	250.126198482	-28.4374965503
53.749	39.0546661308	1.59353537818	6.46517632143	251.475036406	-28.1249965813
53.769	38.5029416346	1.44826867723	6.27727908294	240.65065004	-27.1874966176
53.789	38.8555958283	1.44822571879	6.32028568231	244.511379727	-25.937496628
53.809	37.9975833949	1.06013278612	6.53416625981	246.761603424	-27.1874967314
53.829	39.0320891051	1.44810427207	6.44170831946	250.319817133	-26.5624966228
53.849	38.3184622053	1.32696285741	6.37091386235	242.957154505	-26.8749966486
53.869	38.5946136401	1.13650390994	6.35357864478	243.850675794	-26.2499967107
53.889	38.0721283254	1.22432262929	6.44698853654	244.164861433	-26.5624966797
53.909	39.0760269162	1.44819806063	6.34760091047	246.95658793	-25.3124975005
53.929	38.8411185561	1.44820358143	6.34239896187	245.271704041	-26.5624966228
53.949	39.5431146982	1.77149037726	6.28805607961	247.769842611	-28.4374965503
53.969	38.6764004199	1.44821315806	6.3327982584	243.863466339	-27.1874966176
53.989	38.6843097665	1.44819893155	6.34702476118	244.45888146	-27.1874966176
54.009	39.4110513426	1.44825161398	6.29431825438	246.992234674	-27.8124966124
54.029	39.0332479801	1.44824888953	6.29711494158	244.732729406	-25.937496628
54.049	38.3435656879	1.32696343542	6.37035609136	243.095139907	-26.2499966538
54.069	38.434531951	1.22434640522	6.42321260899	245.58477408	-26.5624966797
54.089	38.0756613289	1.06020076399	6.46617544044	244.711408747	-27.8124967262
54.109	38.0392411235	1.32684405502	6.48971626021	245.66232463	-26.8749966486
54.129	39.3000875867	1.44826981793	6.27618653881	245.590396172	-25.937496628
54.149	38.8119600114	1.32705303399	6.2807777547	242.620999894	-25.624996659
54.169	39.2347262614	1.59371690552	6.28370725562	245.57129554	-26.8749965917
54.189	38.0615019203	1.06013907128	6.52790700175	246.941379886	-25.9374967418
54.209	38.5088082071	1.22438221654	6.38738405268	244.694022277	-27.1874966745
54.229	38.5187265276	1.44814617404	6.39983043016	245.428688711	-25.937496628
54.249	39.480601916	1.77148103714	6.2974681404	247.747112296	-27.1874965607
54.269	38.2637035057	1.22438513642	6.3844814148	243.026656257	-26.5624966797
54.289	39.5840180525	1.59380141892	6.19919385435	244.438243062	-26.8749965917
54.309	39.3992929955	1.32702467733	6.30911418328	247.398424322	-26.2499966538
54.329	38.7073944587	1.44822797781	6.31800258319	243.491169787	-26.5624966228
54.349	39.0179833367	1.59359892804	6.40171387742	248.782570375	-26.2499965969
54.369	39.7536009827	1.99376222188	6.23810484169	247.213646031	-25.6249974126
54.389	38.483806091	1.44828028931	6.26571516042	240.089863141	-25.937496628
54.409	39.4257462609	1.59375649241	6.24373454835	245.203280404	-25.6249974695
54.429	38.165117258	1.22432248573	6.44713210502	244.76664164	-26.5624966797
54.449	38.6605937665	1.32703235369	6.30143781575	242.465973355	-26.2499966538
54.469	38.203727127	1.2242522013	6.51741652637	247.671103189	-26.5624966797
54.489	38.0957374078	1.22433124653	6.43837130339	243.991428652	-26.5624966797
54.509	37.4883932549	0.993532505342	6.4677890969	240.898796061	-24.999996778
54.529	39.2920862816	1.3271686089	6.16518260516	241.122783524	-26.2499966538
54.549	38.6924208037	1.32701750724	6.31630450673	243.235366329	-25.624996659
54.569	38.4473279812	1.13651058033	6.34692312317	242.667043845	-25.6249967159
54.589	38.5971131306	1.06035296571	6.31401256523	242.260087422	-25.9374967418
54.609	38.2815021827	1.13639462697	6.46286161739	246.008958038	-26.2499967107
54.629	38.6225969538	1.2244803794	6.28922118992	241.664807493	-27.1874966745
54.649	39.467129327	1.59380911314	6.19152877983	243.416259007	-26.2499965969
54.669	39.0757685253	1.59364789986	6.35238537092	247.238830095	-24.3749974799
54.689	39.3697157683	1.77155990747	6.2181215027	243.94942111	-25.9374974384
54.709	39.1309466831	1.59375255307	6.24770303122	243.52389106	-24.9999974747
54.729	37.2820734886	0.934673445593	6.50327378089	240.780229592	-25.9374967987
54.749	38.851708154	1.32698159944	6.35221230678	245.618531761	-25.624996659
54.769	38.0377011296	1.06017187681	6.49508852342	245.553862941	-26.5624967366
54.789	40.0010317588	1.99386729563	6.13303109141	244.575270776	-25.6249974126
54.809	38.8192909432	1.32710342835	6.23038339325	240.728910006	-25.624996659
54.829	38.7544844215	1.44825094271	6.29476699051	242.894716731	-24.0624975109
54.849	38.3462605276	1.06044099602	6.22600816226	237.350610001	-24.6874967522
54.869	38.740823921	1.44819793225	6.3477292914	244.843068647	-25.3124975005
54.889	36.7867944642	1.05997623766	6.69072767525	244.586557077	-26.5624967366
54.909	38.835031159	1.32703670005	6.29682353631	243.38248205	-24.9999975316
54.929	38.1341732711	1.13647802408	6.37949423544	241.91875427	-24.9999967211
54.949	38.6189991884	1.22435418236	6.41546995178	246.467568187	-25.3124966901
54.969	38.3058171377	1.22436394235	6.40546443202	244.089553951	-24.6874975626
54.989	38.2550656719	1.22438005792	6.38957715348	243.164708834	-25.9374966849
55.009	38.6848602153	1.22449814612	6.2714372274	241.373444888	-27.8124966693
55.029	39.3879596681	1.77152902044	6.24904450236	245.271919466	-25.3124974436
55.049	39.0036297276	1.44818235893	6.36330260685	247.106116269	-25.3124975005
55.069	39.6160921325	1.77159303782	6.18502712427	244.174137926	-25.3124974436
55.089	38.4072230803	1.32693320981	6.40031377118	244.638293376	-24.9999975316
55.109	38.0185259173	1.44806899984	6.47666169596	245.136727231	-25.3124975005
55.129	39.2373837824	1.59386461554	6.13564056109	239.823274914	-24.9999974747
55.149	39.2704550114	2.27955980683	6.15485767507	241.05321287	-25.9374973815
55.169	39.3232649808	1.77150491004	6.27326281298	245.814695553	-23.4374974592
55.189	38.0058337992	1.22435347907	6.41592770489	242.571544623	-24.6874975626
55.209	38.0659614112	1.22440058099	6.36907132137	241.190203024	-25.3124966901
55.229	38.2361369931	1.44819770689	6.34795464688	241.661974949	-25.3124975005
55.249	39.1606101035	1.5936681831	6.33204386652	246.985366136	-25.6249974695
55.269	38.4830601844	1.13656960732	6.28791100078	240.646713486	-24.9999967211
55.289	39.0149306286	1.32702646127	6.30731000286	244.915188953	-26.8749966486
55.309	38.1324670067	0.993534208135	6.46606354095	244.972637476	-26.2499967676
55.329	39.422593515	1.77155159685	6.22690843249	244.621050175	-27.1874965607
55.349	38.64567605	1.32698352367	6.35028807719	244.242352527	-25.624996659
55.369	38.5724467828	1.22435613273	6.41350233824	246.095364804	-25.9374966849
55.389	38.7526384884	1.59367293586	6.32732023453	244.23069058	-24.9999974747
55.409	38.0101221516	1.32711778686	6.21602487964	235.170361524	-25.624996659
55.429	39.4675222303	1.44834511163	6.20054990476	243.677128381	-25.3124975005
55.449	39.2504203882	1.99384512977	6.15524248232	240.852314626	-24.9999974178
55.469	39.1209909932	2.27950492076	6.20992212901	242.278283101	-24.0624973971
55.489	38.0831441408	1.22441383021	6.35582209815	240.799719406	-25.3124966901
55.509	38.7748244532	1.4481940658	6.35161982079	245.207490473	-24.6874975057
55.529	38.4820049111	1.22447643204	6.29318578908	240.936117398	-26.5624966797
55.549	39.08795612	1.44836253075	6.18347372492	240.671852683	-25.937496628
55.569	38.8068588642	1.77142819402	6.34983494637	245.537000325	-25.9374974384
55.589	39.262240866	1.99375363033	6.24669638921	244.493268188	-25.6249974126
55.609	37.9576165542	1.22432807349	6.44157882011	243.227282877	-25.3124966901
55.629	38.6825944193	1.32709659794	6.2369661105	240.133473324	-23.749997542
55.649	37.8102785062	1.22437950493	6.38990184347	240.349610174	-24.6874975626
55.669	39.2561149083	1.77153504862	6.24298034476	244.214529261	-25.9374974384
55.689	38.911290607	1.32713526692	6.19827689535	240.061764668	-24.3749975368
55.709	39.5186884481	2.2795559791	6.15874486786	242.729729463	-25.3124973867
55.729	37.8284340972	1.13633415174	6.52335171038	245.359644537	-25.6249967159
55.749	38.9467480808	1.77151371181	6.26438910411	243.117876056	-24.6874974488
55.769	38.2400823497	1.32698046406	6.35305952583	241.783953154	-24.9999975316
55.789	38.058802618	1.32703953428	6.29398930606	238.410942183	-24.9999975316
55.809	39.3206535334	1.7715664098	6.21169111258	243.394333973	-24.6874974488
55.829	38.6866755624	1.59359802433	6.40223176449	246.689993576	-24.9999974747
55.849	38.5936630025	1.32700125268	6.33227090182	243.224892859	-24.9999975316
55.869	38.8432816356	1.59371298362	6.28730161767	243.259751883	-24.3749974799
55.889	38.4276031349	1.44817348901	6.37217253004	243.7945857	-25.3124975005
55.909	39.5590376953	2.27961460336	6.10012060605	240.670879249	-25.3124973867
55.929	38.2258963349	1.22438857272	6.38083405487	242.648551462	-24.6874975626
55.949	38.1162344158	1.32691905236	6.41449145688	243.320020836	-24.3749975368
55.969	38.9092685258	1.5937863697	6.21388639755	240.838787317	-24.9999974747
55.989	38.5945406377	1.59382858341	6.1716726899	237.274092301	-24.9999974747
56.009	38.8712500989	1.59374991936	6.25033673684	242.009295259	-24.9999974747
56.029	39.2004473159	1.77155671366	6.2213872493	243.027693727	-24.6874974488
56.049	39.10004624	1.44823912028	6.30688418959	245.530212796	-25.937496628
56.069	38.1246742042	1.1364989229	6.35838370614	241.062631362	-24.3749975937
56.089	38.4056056188	1.22446869971	6.30093536594	240.752362538	-25.9374966849
56.109	38.2835091366	1.44816260912	6.38307649406	243.294197737	-24.6874975057
56.129	39.4033611095	1.99384658537	6.1537868815	241.733802049	-24.9999974178
56.149	38.5900414321	1.22447688693	6.29276538583	241.596477413	-25.3124966901
56.169	38.6364907658	1.59385825775	6.1419983439	236.394307114	-24.9999974747
56.189	39.5056332016	1.59382483244	6.17542365688	243.022408759	-24.9999974747
56.209	39.7681867635	1.99391198595	6.08834077835	241.385211819	-25.6249974126
56.229	39.3582297746	1.99384626796	6.15414981348	241.471124445	-24.374997423
56.249	39.3675603489	1.77154436999	6.23413529605	244.562073798	-27.1874965607
56.269	39.4278186797	1.99394194016	6.05847761203	238.148954894	-24.374997423
56.289	38.2574739889	1.32694348091	6.39033082901	243.306194822	-25.624996659
56.309	40.0207249064	1.99388570645	6.11457474897	243.961566134	-26.2499974074
56.329	38.9392696597	1.59373974766	6.26089425022	242.840667078	-26.2499965969
56.349	38.7040337338	1.44835450521	6.19115632814	238.602788574	-25.3124975005
56.369	38.9723160899	1.77154916608	6.22893482768	241.905454495	-24.6874974488
56.389	38.7852463696	1.59372579491	6.27449032835	242.403312623	-24.3749974799
56.409	38.152712399	1.2245210152	6.24861986722	237.191430292	-25.9374966849
56.429	39.4469426276	1.99392572012	6.07460660552	238.896845606	-25.6249974126
56.449	38.742427729	1.44827947765	6.26618388718	241.721335193	-25.3124975005
56.469	40.1429893712	2.66055855925	6.10855771904	244.654049682	-26.2499973505
56.489	38.785272167	1.59372469745	6.27555865023	242.444583983	-24.9999974747
56.509	39.331851142	1.77168428336	6.09374560573	238.856742239	-25.9374974384
56.529	39.0403269146	1.22450093201	6.26872030332	243.48638375	-25.3124966901
56.549	39.3839482697	1.59382384087	6.17677191256	242.326543006	-26.8749965917
56.569	38.5098804469	1.1366693578	6.18810105357	237.012719286	-27.4999967003
56.589	38.9087013445	1.59375833494	6.24227783911	241.931350936	-26.8749965917
56.609	38.571341095	1.44829319066	6.25276565442	240.140788815	-27.1874966176
56.629	39.7176918883	2.27964518478	6.07014818102	240.45200916	-28.4374964934
56.649	38.6803194474	1.44830226945	6.24373502478	240.472969076	-25.937496628
56.669	37.828822714	1.22443072302	6.33889480716	238.557910258	-26.5624966797
56.689	39.8590572912	1.59384274309	6.15784055562	244.501085087	-27.4999965865
56.709	38.9023528214	1.59381320947	6.18740331215	239.773711985	-26.8749965917
56.729	39.1118053267	1.59376559015	6.2346368083	242.897711826	-25.6249974695
56.749	39.978006172	1.77173186679	6.04663848994	240.9103622	-27.1874965607
56.769	39.4522163683	1.59390537964	6.09526227787	239.555520632	-26.2499965969
56.789	38.5563464602	1.44833813235	6.20784804522	238.330411298	-26.5624966228
56.809	39.8181668815	2.27970538483	6.0100670487	238.680610671	-27.1874965038
56.829	37.7409004953	1.13651138238	6.34612107579	238.178369252	-25.6249967159
56.849	39.5311593786	1.59380769913	6.19288451633	243.864347764	-27.4999965865
56.869	37.4293445126	0.993530298576	6.46997310003	240.600039555	-26.2499967676
56.889	39.5483472638	1.77165054746	6.12799379758	241.516640505	-26.5624965659
56.909	39.2813639331	1.32714882047	6.18495080748	241.826313274	-26.8749966486
56.929	39.0109045629	1.44842738828	6.11859211303	237.687748576	-26.5624966228
56.949	38.4845419572	1.22455642505	6.21319278102	237.90478949	-26.5624966797
56.969	39.462403041	1.77162328441	6.15525684661	242.06022218	-26.5624965659
56.989	39.0694705177	1.77152322882	6.25483612247	243.513346541	-25.3124974436
57.009	39.4062588325	1.77160967841	6.16886284675	242.248281398	-26.5624965659
57.029	39.8992180095	1.99394307268	6.05725404729	240.947742222	-25.6249974126
57.049	38.0774648767	1.06025625164	6.41067484361	242.63519018	-28.437496721
57.069	39.8265784915	2.27965406088	6.06139099892	240.764294217	-27.1874965038
57.089	39.8294490024	1.99385820779	6.14272177676	243.909781179	-26.8749965348
57.109	38.9682633574	1.4482847565	6.26117572976	242.936888217	-27.8124966124
57.129	40.0114103844	2.27954814685	6.16724556666	246.094392696	-27.8124964986
57.149	38.6366507354	1.32716574713	6.16800390934	237.208585681	-27.4999966434
57.169	38.8864664638	1.44829218762	6.25376869836	242.141393032	-27.1874966176
57.189	39.2648613115	1.77159407685	6.18442843403	241.985979902	-27.1874965607
57.209	39.5910418698	1.99386712293	6.1337155779	242.095434245	-28.1249965244
57.229	38.4378066679	1.32700569044	6.32808083312	242.083127874	-26.8749966486
57.249	39.9179061984	2.27966343227	6.05196014695	240.941934362	-27.8124964986
57.269	39.7134039314	2.27960338553	6.11200688781	242.079541678	-27.8124964986
57.289	40.0632790781	2.2796639439	6.0513295926	241.794267446	-29.0624964882
57.309	39.5376193854	1.99390580626	6.09507777233	240.250454664	-27.4999965296
57.329	39.1562453478	1.44834367155	6.20221252334	241.819815207	-29.062496602
57.349	39.9160886125	2.27969577091	6.01956205041	239.644588011	-28.4374964934
57.369	38.7639893999	1.44831880957	6.22717082223	240.356550161	-26.5624966228
57.389	39.0832107051	1.77158361929	6.19492197073	241.273748054	-26.5624965659
57.409	39.6725594638	2.27971839114	5.99700127729	237.292171689	-27.8124964986
57.429	39.0336085259	1.99384031343	6.16057060332	239.728587499	-27.4999965296
57.449	39.1542361707	1.77154800754	6.23053371348	243.096817068	-26.5624965659
57.469	38.2500099275	1.32711687875	6.21689252913	236.687436253	-26.8749966486
57.489	39.197829866	1.99390622146	6.09470810572	238.171320903	-26.8749965348
57.509	38.5095373984	1.59381536985	6.18521378736	237.268938028	-27.4999965865
57.529	38.847991969	1.32719629672	6.13745431959	237.330271773	-27.4999966434
57.549	39.5143055873	1.77177167743	6.00682785809	236.553645062	-27.1874965607
57.569	39.0043155257	1.44843907686	6.10687945608	237.194598129	-27.1874966176
57.589	38.8657976222	1.59387191671	6.12872520631	237.285388403	-26.2499965969
57.609	39.0368480175	1.44844294266	6.10298957423	237.241861932	-27.8124966124
57.629	38.4421467459	1.22446526835	6.30433223956	241.110672762	-27.1874966745
57.649	38.8606931787	1.77160641679	6.17212446533	239.020308898	-26.5624965659
57.669	38.6191835813	1.32716184012	6.17195138465	237.252384005	-26.2499966538
57.689	38.8283310741	1.32709478854	6.23898273497	241.115745731	-26.8749966486
57.709	38.7433244694	1.32712468871	6.20908256414	239.440255801	-26.8749966486
57.729	39.5251427996	1.77173545237	6.04308888994	238.042030365	-26.5624965659
57.749	40.1411988898	1.99400631812	5.99461144233	239.909646165	-26.8749965348
57.769	38.4704715051	1.44826219293	6.28373930397	240.694087126	-27.8124966124
57.789	40.6635171605	3.99411227094	5.88844851676	239.092537445	-26.8749972884
57.809	39.2945376777	1.5939394185	6.06119427758	237.269573687	-26.8749965917
57.829	39.7017748166	1.9940366362	5.96364500199	236.061293019	-26.2499974074
57.849	39.4766082433	1.77171812122	6.06031211915	238.425014373	-28.4374965503
57.869	39.2261127468	1.77164496398	6.13357727465	239.766303501	-26.5624965659
57.889	38.1201013557	1.44836283532	6.18316915189	234.701078331	-25.937496628
57.909	39.5848502784	1.77170082759	6.07723734504	239.744166847	-25.3124974436
57.929	38.7568844196	1.32722031906	6.11349268541	235.853531904	-25.624996659
57.949	39.571614252	2.27961204211	6.10262238815	240.845864026	-25.9374973815
57.969	38.1751660308	1.13649259725	6.36481701308	241.624750156	-29.3749966848
57.989	39.2908677437	1.77166579502	6.11226992203	239.330695125	-25.3124974436
58.009	40.3811315562	3.19405517032	5.9455006676	239.639972301	-25.9374973246
58.029	38.8725380689	1.77158039647	6.19763250131	240.0778258	-25.9374974384
58.049	39.8120978584	1.99397375677	6.026569958	239.207414387	-25.6249974126
58.069	39.5718337234	1.77160909669	6.16896825379	243.270287893	-25.3124974436
58.089	39.082900255	1.44841069492	6.13526139769	238.772403354	-27.1874966176
58.109	40.7692595717	3.99405450848	5.94621097037	242.062244576	-26.8749972884
58.129	39.1169795755	1.59391419614	6.0864166373	237.176568337	-26.8749965917
58.149	38.9786658917	1.32719365995	6.14005062664	238.228853987	-28.749996633
58.169	38.9815514389	1.99393765131	6.0626298879	235.614326091	-26.2499974074
58.189	39.3212679941	1.77170965905	6.06884623242	237.820095873	-27.1874965607
58.209	39.566920316	1.99400885145	5.99142975174	236.352252237	-26.2499974074
58.229	38.0544254297	1.13664665754	6.21080131294	235.064051534	-27.4999967003
58.249	39.9770581142	2.27972037151	5.99423352537	239.0033931	-26.5624973763
58.269	39.233390977	2.27960159875	6.11300628843	239.192544237	-26.5624973763
58.289	40.0505160174	1.99402701079	5.97391877458	238.543874389	-26.8749965348
58.309	39.208602288	1.7718133783	5.96465067069	233.080969774	-25.9374974384
58.329	39.6120634302	1.77183141586	5.94712539734	234.789839914	-26.5624965659
58.349	39.7323350905	1.99394956273	6.050718471	239.681849816	-26.2499974074
58.369	41.2561959007	7.99419021519	5.81221614856	239.615714234	-26.8749972315
58.389	38.213258418	0.993725776251	6.27448404379	238.264057094	-26.8749967624
58.409	38.9574093432	1.59387138423	6.12922854551	237.864159357	-26.8749965917
58.429	39.3534616826	1.44857193942	5.97406505693	234.134544493	-25.937496628
58.449	39.5013154654	1.77184854005	5.92996523481	233.460090778	-27.1874965607
58.469	39.0567829887	1.5939128659	6.08771774424	236.862010925	-27.4999965865
58.489	38.7809441256	1.32721332224	6.12042880011	236.266467256	-27.4999966434
58.509	39.8368285143	1.99399106803	6.00921317253	238.668728016	-26.2499974074
58.529	39.0173747127	1.59393392377	6.06668901179	235.808764171	-26.8749965917
58.549	40.3301736475	2.66077391107	5.89312495839	237.145519179	-26.8749973453
58.569	39.0742505661	1.32727476905	6.05900222626	235.675115526	-26.8749966486
58.589	39.6346523157	1.77183029224	5.94773672595	234.947796902	-25.9374974384
58.609	39.774561519	2.27976263484	5.95281703864	236.154052325	-27.1874965038
58.629	40.6434171481	3.19430786647	5.69257142037	230.953972144	-27.1874973142
58.649	39.4437769473	1.59409570117	5.90491161255	232.052438824	-26.8749965917
58.669	39.015032471	1.44860177466	5.94418165509	230.964701464	-27.1874966176
58.689	39.8402694117	2.27980362313	5.91170982756	234.914959277	-28.4374964934
58.709	40.487795194	3.19403793079	5.96262364718	240.963654576	-26.5624973194
58.729	39.293468568	1.44851581855	6.03013775894	235.962721156	-27.1874966176
58.749	40.3211531114	2.66087367498	5.7934419852	233.090759672	-26.2499973505
58.769	38.5575785961	1.77175984938	6.01817959079	231.260903067	-25.9374974384
58.789	39.4174143279	1.99396088671	6.03944000941	237.340237422	-25.6249974126
58.809	39.5595043601	1.77176960594	6.0089353175	236.907035529	-26.5624965659
58.829	39.3904520297	1.59401915721	5.98148470806	234.732563145	-26.2499965969
58.849	39.7966528599	1.7719332914	5.84477354117	231.83770026	-25.3124974436
58.869	39.2867363673	1.59405318901	5.94745290745	232.787478442	-26.2499965969
58.889	40.2285832095	2.27988501615	5.82958888701	233.917981251	-26.5624973763
58.909	38.9889104364	1.5940210355	5.97957727915	232.265914617	-26.8749965917
58.929	39.1397110911	1.32744100813	5.89278337531	229.622497387	-26.2499966538
58.949	39.5028561571	1.5940907762	5.90947990364	232.579136688	-24.9999974747
58.969	40.2843331333	2.66082307559	5.84396044403	234.90412987	-26.8749973453
58.989	39.1929857231	1.5940903182	5.91029458166	230.786420863	-26.8749965917
59.009	39.7451139375	1.59408644147	5.91420044239	234.191698699	-26.2499965969
59.029	38.8328801434	1.59403968989	5.96092289086	230.617408705	-26.8749965917
59.049	40.0758989067	2.66085505346	5.81198257015	232.412777453	-26.8749973453
59.069	39.552764269	2.27990611939	5.80927303189	229.188826413	-27.8124964986
59.089	39.3153848104	2.27971786892	5.99758296281	235.17856391	-27.1874965038
59.109	39.1872062216	1.59396686226	6.03336470287	235.539161522	-25.6249974695
59.129	39.6532371047	1.77195337514	5.82465383345	230.209648813	-25.9374974384
