ATF	1.0
8	6     
"Type=Membrane Test"
"AcquisitionMode=Gap Free"
"Comment="
"FileStartTime=50606"
"FileStartDate=20210915"
"StopwatchTime=9767"
"DataType=Periodic"
"SignalsExported=Cm,Rm,Ra,Tau,Hold"
"Time (s)"	"Cm (pF)"	"Rm (GOhms)"	"Ra (MOhms)"	"Tau (µs)"	"Hold (pA)"
28.065	-423.027332634	0	-31.5570566	13349.4974793	-261.874973271
28.125	74.2874294589	0.793034420425	6.96561669431	512.952243521	-38.7499967776
28.145	76.0441206184	1.05968990165	6.97679174054	527.073841222	-39.6874966275
28.165	75.5606118389	0.992944312625	7.05572004014	529.372875381	-39.3749966585
28.185	75.7820576648	1.13567401296	7.18319318159	540.935715284	-38.124996612
28.205	74.9581465191	0.881783384118	7.10556307131	528.362203748	-37.499996731
28.225	74.886920567	0.933980592959	7.19590461323	534.759056748	-39.6874966844
28.245	75.4615345689	0.992720929923	7.27912550508	545.295601328	-38.1249966689
28.265	74.5320717677	0.834772723719	7.33258212996	541.753811965	-38.4374967517
28.285	75.159751446	0.8815578624	7.33104881794	546.455474815	-39.9999967103
28.305	74.3013995261	0.834743084806	7.36221297257	542.240311506	-39.0624967465
28.325	75.2926474822	0.992756858479	7.24318556747	541.408484086	-38.7499966637
28.345	75.2575313013	0.992755009108	7.24502355754	541.292291901	-39.3749966585
28.365	74.9433607971	0.881628647205	7.26025502035	539.663754065	-40.6249967051
28.385	74.8262827338	0.881612124085	7.27680511837	540.038809929	-38.7499967207
28.405	75.5670839078	0.992706975026	7.29304625777	547.094936955	-39.9999966534
28.425	75.224104136	0.992797970841	7.20203906152	537.865109756	-40.6249966482
28.445	75.4706716462	0.992783793497	7.21621640501	540.682655778	-40.6249966482
28.465	75.6241735911	1.05948932512	7.17736826859	539.130278143	-39.6874966275
28.485	75.700120771	1.1356766465	7.18051504971	540.150659056	-39.9999965964
28.505	75.1436866597	0.992778954511	7.22104401034	538.697615396	-41.249996643
28.525	75.7920440187	1.22361011268	7.15917757578	539.452438571	-38.437496581
28.545	75.301075689	0.992829370871	7.1706617946	536.086686541	-39.3749966585
28.565	75.7784633564	1.13578578836	7.07137318045	532.542199363	-39.9999965964
28.585	75.6125857998	0.992889166314	7.11085496971	533.846837261	-39.9999966534
28.605	75.6639674098	1.13574817919	7.10896748824	534.546805455	-40.6249965913
28.625	74.5297416574	0.88167737578	7.21153543782	533.113359875	-39.9999967103
28.645	75.6518133012	1.22370338078	7.06585775399	531.476124032	-40.3124965654
28.665	75.3462673066	0.992932078192	7.06793171063	528.7782996	-40.6249966482
28.685	75.5026275435	1.13579176088	7.06540066004	530.158367263	-39.9999965964
28.705	75.549077477	0.992863115753	7.13690553125	535.338504974	-39.9999966534
28.725	75.2625388181	1.13571275428	7.1443775364	534.342626353	-41.2499965861
28.745	75.2829304169	0.934005906903	7.17058058777	535.709552602	-40.3124966792
28.765	74.3011806021	0.834875316061	7.22995750449	532.582255968	-40.9374967309
28.785	76.4036047644	1.22372371098	7.04549307747	535.219583778	-41.562496555
28.805	75.384587986	1.13575051931	7.10662737051	532.398845915	-40.6249965913
28.825	75.4322973481	0.9929095478	7.09047348337	531.058359482	-39.9999966534
28.845	74.5756396607	0.881670943772	7.21794046782	533.911574755	-41.8749966947
28.865	75.2066736418	0.992862768687	7.13720707058	532.934595522	-42.4999966326
28.885	74.3321826753	0.93400344834	7.173029069	529.123306614	-40.937496674
28.905	76.3661109418	1.2237201483	7.04907299851	535.227187433	-40.9374965602
28.925	74.6063618131	0.934040526963	7.13595044597	528.350768397	-40.937496674
28.945	76.1496907477	1.22366187015	7.10731667005	538.094586236	-42.1874965498
28.965	75.493028825	0.992972632698	7.02737720409	526.789839841	-40.6249966482
28.985	75.5836589747	1.05951065538	7.1559991643	537.247994946	-41.5624966119
29.005	75.8273794177	1.13574961765	7.10746957075	535.589099559	-43.1249965705
29.025	76.0314592497	1.32625528707	7.07799859482	535.29378994	-41.874996524
29.045	75.5465869816	0.992862728543	7.13726997756	535.347996979	-41.249996643
29.065	76.1045948049	1.22355692128	7.21224829803	545.668793209	-42.8124965446
29.085	74.9733356967	0.934002741111	7.17371613436	533.737991527	-42.1874966636
29.105	75.2389560249	1.05956354232	7.10346811876	530.898305941	-43.4374948616
29.125	75.5880176867	1.13567894778	7.17816916816	539.175665841	-41.8749965809
29.145	75.6865916283	1.05946068949	7.20595209617	541.709500975	-42.1874966067
29.165	74.7109537455	0.834803447464	7.30204792118	540.812463508	-42.8124949806
29.185	75.2513373204	1.05945830196	7.20833963036	538.771504885	-42.1874966067
29.205	76.3419383181	1.44739971658	7.1456859003	542.835580424	-41.5624964981
29.225	74.9753139609	0.992808239501	7.19173625679	535.324880192	-42.4999966326
29.245	75.3285381968	1.13570366953	7.15343254745	535.484770355	-42.4999965757
29.265	74.8758114755	0.992707171337	7.29280442102	542.072379102	-42.4999966326
29.285	75.2104656889	1.05948485944	7.18178215116	536.508425279	-42.1874966067
29.305	74.4295708398	0.881594019296	7.29513007992	538.517208085	-42.4999949548
29.325	75.9395030811	1.44736038405	7.18499435268	542.929686259	-42.1874964929
29.345	74.9773383175	0.933904587862	7.27216662961	541.034746091	-42.8124949237
29.365	75.5730118873	1.13567757272	7.17951449708	539.169021402	-43.1249965705
29.385	74.6662201387	0.881612236925	7.27664731398	538.872010718	-41.8749966947
29.405	75.7588449753	1.13558709168	7.27001040646	547.264015871	-42.4999965757
29.425	75.2716365137	0.992768382261	7.23159349732	540.397475723	-42.4999966326
29.445	75.0159626228	0.992617385516	7.38259024229	549.723545669	-42.4999966326
29.465	75.0594856746	0.992692373592	7.30760216628	544.496604714	-42.4999966326
29.485	75.3056184201	1.05938409654	7.28253210489	544.671345475	-42.8124966015
29.505	75.4874331912	0.933873752605	7.30299180482	547.006457442	-43.4374949185
29.525	75.6658370003	1.13562452073	7.23298990388	543.826509554	-44.3749948254
29.545	76.0239343218	1.32614473727	7.18906401438	543.594093196	-44.9999947633
29.565	75.4433481843	0.992795874487	7.20441407174	539.60934039	-44.3749948823
29.585	75.5356052712	1.13561552157	7.24198907218	543.561654425	-44.3749948254
29.605	75.4367331596	1.05941707824	7.24993219761	543.193949512	-43.4374948616
29.625	75.7164473618	1.22353086721	7.23879343756	544.872087634	-44.0624947995
29.645	75.0255378663	1.05946636273	7.20064770552	536.585571073	-43.4374948616
29.665	76.0934694754	1.13573945999	7.11805064434	538.263694812	-44.3749948254
29.685	75.0476772528	1.13563215645	7.22493076352	538.786493944	-43.1249965705
29.705	75.979591329	1.32610613462	7.22711058203	546.136533531	-43.1249965136
29.725	75.6302003968	1.22352202512	7.24714445723	544.875589952	-42.8124965446
29.745	76.2666048398	1.32607637342	7.25744810279	550.488174516	-44.3749947685
29.765	75.4637731241	0.992724917147	7.27539417432	545.034296431	-43.1249948927
29.785	76.0722952441	1.22359197383	7.1776868185	542.838775845	-44.0624947995
29.805	75.9981470758	1.22361143068	7.15772165952	540.810023862	-43.4374965394
29.825	76.205043163	1.44739915732	7.14614884352	541.897108051	-44.0624964773
29.845	75.1470380382	0.933893145789	7.28359862007	543.105089442	-43.4374949185
29.865	75.8106440794	1.32613847158	7.19534994446	542.540402928	-44.3749947685
29.885	77.0163528252	1.99286229732	7.13731198891	547.728084399	-44.9999963842
29.905	75.6734489035	1.13564266109	7.21484954649	542.525828542	-44.3749948254
29.925	76.7997574305	1.59283720026	7.16268410025	547.629814961	-42.4999964619
29.945	76.1338283155	1.22353135039	7.23781918359	547.802349581	-42.8124965446
29.965	76.1518388581	1.44740775	7.13758023363	540.872662501	-43.4374964825
29.985	75.7655586214	1.13561925753	7.23825311096	544.936950583	-44.3749948254
30.005	76.697752613	1.7706149819	7.16251619632	547.135614762	-44.6874964152
30.025	75.1576514528	0.933854579519	7.32216489059	546.035363872	-43.4374949185
30.045	75.6011999077	0.992873414848	7.12688509196	534.961092434	-43.7499948875
30.065	76.1843474147	1.32610784338	7.22538158594	547.478012728	-43.7499965084
30.085	76.1929364708	1.32611152972	7.22171547842	547.26343083	-43.1249965136
30.105	75.5167734383	1.13557665163	7.28087387208	546.32527837	-43.7499948306
30.125	76.4771022174	1.59281009268	7.18976254816	547.381388346	-43.1249964567
30.145	76.6724151619	1.44742145997	7.12387026747	543.529214895	-43.4374964825
30.165	76.5170762782	1.59286710289	7.13269406555	543.33987614	-44.3749964463
30.185	75.96481049	1.13566882372	7.18870178728	542.65341196	-43.7499948306
30.205	76.038235448	1.44737002844	7.1752777206	542.904032188	-44.0624964773
30.225	76.1858516788	1.22356452945	7.20462288906	545.677260502	-43.4374965394
30.245	75.6552533962	1.22356520842	7.20445222447	541.864118287	-44.0624947995
30.265	77.2034878487	1.77070410964	7.07444900403	543.998713523	-45.3124946753
30.285	76.3715077766	1.59281261565	7.1871813022	546.430238554	-44.3749964463
30.305	75.2226877881	0.992783494216	7.21679434254	538.948911694	-44.3749948823
30.325	75.5623215164	1.05947442793	7.1925566049	539.821535989	-44.6874948512
30.345	76.4893564353	1.44748775306	7.05826305206	537.262191866	-44.6874947374
30.365	76.7206451373	1.77078420094	6.99435770402	534.50043108	-45.3124946753
30.385	75.5826414762	1.13566545945	7.19206605794	540.174474516	-43.7499948306
30.405	75.5196294937	1.13566723761	7.19025816609	539.589326873	-44.9999948202
30.425	76.7025472564	1.32621105125	7.1227095667	543.411455807	-46.2499947529
30.445	76.2291791649	1.59287492713	7.12486982731	540.704427959	-44.3749964463
30.465	75.9638830624	1.32622866536	7.10515616638	536.859075775	-44.3749947685
30.485	76.8338475974	1.59296447432	7.03532263076	538.174062741	-44.3749964463
30.505	76.4558845406	1.5929665354	7.03409145796	535.433361473	-45.6249947012
30.525	76.3860357097	1.32625221686	7.08160466636	538.062688359	-44.3749947685
30.545	77.4472697708	1.77078357138	6.99498725666	539.611081837	-45.3124946753
30.565	76.2111278161	1.32636684189	6.96695939858	528.185452488	-44.9999947633
30.585	76.6366881555	1.592966277	7.0343498569	536.71918818	-45.6249947012
30.605	76.132882081	1.13580909516	7.04841547734	533.306678367	-44.3749948254
30.625	76.0123071069	1.22362700334	7.14262281842	539.776426589	-45.3124947891
30.645	77.1148798035	1.59302180389	6.97885210144	535.825946836	-44.9999947064
30.665	76.3156848704	1.22372283442	7.04680898258	534.702966171	-44.6874947943
30.685	77.4588659076	1.99309798254	6.90171782236	532.754408523	-43.7499963946
30.705	76.4494563057	1.32630793687	7.02582395251	534.290137035	-46.2499947529
30.725	76.7402328971	1.59308449402	6.91533206975	528.390532455	-43.7499964515
30.745	76.4008355877	1.22374861261	7.02099631023	533.350003024	-45.9374947839
30.765	77.1614970813	1.59309679556	6.9038604317	530.41360079	-44.9999947064
30.785	76.7439848525	1.59300666409	6.99390449746	534.393908518	-46.8749946908
30.805	76.9240429109	2.27877689113	6.93858948375	532.124104112	-45.9374946132
30.825	76.500658776	1.32626946361	7.06429721339	537.560107943	-46.2499947529
30.845	75.7604834757	1.1357917468	7.06573410392	531.993910053	-45.624994815
30.865	77.0386679066	1.77074284292	7.035679747	539.874316803	-45.9374946701
30.885	76.8022843081	1.7708408752	6.93764746899	530.747855225	-45.9374946701
30.905	76.3960843047	1.22376450759	7.00511857134	532.11766112	-45.3124947891
30.925	77.1352882723	1.77083020007	6.94832260343	533.866101586	-45.9374946701
30.945	77.8083178921	2.27887571908	6.83806785106	530.4668213	-44.6874963583
30.965	77.2843403935	1.77083661269	6.94187400435	534.403234152	-46.5624946649
30.985	76.4004235581	1.32639659409	6.93718696585	527.246470671	-45.6249947581
31.005	77.176157227	1.99301401989	6.98688614753	537.337286751	-46.2499946391
31.025	76.9413229465	1.99308515082	6.91445848692	530.168310908	-44.9999963842
31.045	76.0111039918	1.22376943122	7.00017770588	529.064890763	-45.9374947839
31.065	77.0554250197	1.77081979058	6.95873208745	534.109187351	-45.9374946701
31.085	76.4156589041	1.59296752461	7.03304397294	535.072314006	-46.8749946908
31.105	76.5936923778	1.44760597393	6.93999401963	529.023565585	-45.937494727
31.125	75.798348395	1.13584695891	7.01050713285	528.125245308	-46.2499948098
31.145	77.8497478543	2.65976267913	6.90324336504	536.024538052	-44.9999963273
31.165	76.1827372948	1.32633572471	6.99803611355	530.331402849	-46.2499947529
31.185	76.5657505354	1.59303217276	6.96842496518	531.218968262	-46.249994696
31.205	75.6198275837	1.13584595525	7.01154052685	526.958587336	-44.9999948202
31.225	76.5711454047	1.4475808473	6.96512064959	530.773418404	-45.937494727
31.245	75.9103904272	1.22381280867	6.95681749341	525.109722844	-45.3124947891
31.265	77.0644664488	1.5930782065	6.92242036174	531.164556485	-45.6249947012
31.285	76.4214380473	1.32640270408	6.9311174406	526.932476386	-44.3749947685
31.305	77.4688724645	1.99306741233	6.93349370721	535.267847052	-46.2499946391
31.325	76.3522468546	1.22388414878	6.88546014032	522.779244189	-45.9374947839
31.345	77.0538783023	1.77088468264	6.89384003181	529.137243512	-45.9374946701
31.365	77.3923540935	1.77089235944	6.88616322775	530.872072339	-45.9374946701
31.385	77.1356764636	1.77087921734	6.89923338799	530.111752615	-47.1874946597
31.405	77.5909943097	1.77088369214	6.89479455775	532.899164858	-46.5624946649
31.425	76.7857613837	1.59310448751	6.89605193972	527.236357153	-47.4999946856
31.445	77.6003390279	2.27891019693	6.8052242237	526.515439776	-46.562494608
31.465	76.6329695115	1.44759944617	6.94652178104	529.790314043	-45.937494727
31.485	77.9751927927	2.27891045949	6.80496166483	529.038457581	-46.562494608
31.505	76.9027044219	1.32648969324	6.8440068745	523.621021661	-48.1249947373
31.525	76.998737526	1.44766558504	6.88033474783	527.271122586	-47.1874947166
31.545	76.9930495347	1.32640421533	6.92946455432	530.747849295	-48.7499947321
31.565	76.9840893835	1.59310502953	6.89556819455	528.561223004	-46.249994696
31.585	76.3422936776	1.4475857512	6.96009635401	528.807176961	-49.062494701
31.605	77.2893164697	1.99313730179	6.86351319266	528.655778636	-47.4999946287
31.625	76.785879105	1.32633578878	6.99791134068	534.520577645	-48.1249947373
31.645	76.9327052138	1.77087184786	6.90653092731	529.273900599	-48.4374946493
31.665	77.0369186723	1.77087044808	6.90793070243	530.097854308	-48.4374946493
31.685	77.3740297033	2.27878042815	6.93487407805	534.951168502	-47.8124945976
31.705	76.825387514	1.59314223043	6.85836728899	524.638193495	-46.249994696
31.725	76.9067748197	1.77092034138	6.85807337341	525.397647542	-47.8124946545
31.745	76.9793613851	1.7708666322	6.91178255867	529.996006024	-47.8124946545
31.765	76.441092705	1.32636639604	6.96730408384	529.805309469	-48.1249947373
31.785	78.1230018588	2.65989173563	6.77624936066	528.035735589	-48.1249945666
31.805	76.8597032039	1.59313334067	6.86716964508	525.543276907	-48.1249946804
31.825	77.1527468392	1.44765058585	6.89526170223	529.466494298	-49.062494701
31.845	76.7503679706	1.59308319399	6.91725804528	528.606859206	-49.37499467
31.865	76.5666102762	1.13590613171	6.95124513623	528.99605446	-49.9999947786
31.885	76.4066316406	1.44758029096	6.96550843082	529.662392148	-50.3124946907
31.905	77.1439756424	1.59312164604	6.87883513505	528.379236168	-48.7499946752
31.925	77.0757400498	1.99311359185	6.88713208623	529.002852103	-48.7499946183
31.945	76.3797715301	1.44761366654	6.9322050955	526.956796999	-48.4374947062
31.965	76.5500639346	1.32641649487	6.91722548648	526.766977959	-47.4999947425
31.985	77.9113634962	2.65984363996	6.82434503031	530.333353145	-48.1249945666
32.005	75.2174732505	0.992886976719	7.11324355035	531.234336014	-48.1249948511
32.025	77.3295887104	1.59307319866	6.92722424105	533.360169994	-49.9999946648
32.045	76.3565132454	1.13590731245	6.95007926257	527.45656219	-49.3749947838
32.065	75.9667537551	1.22373410128	7.03542143503	531.403016182	-49.0624947579
32.085	76.3940783885	1.32641965857	6.91404155029	525.452877722	-48.1249947373
32.105	77.1472379564	1.77087284192	6.90542894804	530.665467136	-50.3124946337
32.125	77.2150258806	1.7709303624	6.84801638559	526.732937134	-48.4374946493
32.145	77.9280000756	2.27878630568	6.92881816267	538.312164388	-49.687494582
32.165	77.5114855905	1.77095177154	6.82657127568	527.10582141	-49.0624946441
32.185	77.0387192953	1.44764557386	6.90022553521	529.062752102	-50.3124946907
32.205	78.1851052734	3.19322948591	6.77231847996	528.37383864	-48.4374945355
32.225	77.1230493139	1.59308686912	6.91364119275	530.897115741	-48.1249946804
32.245	78.3872969957	3.19325951201	6.74217583125	527.387425413	-49.0624945303
32.265	77.2211872072	1.59310842835	6.89202368849	529.917748595	-49.37499467
32.285	76.9463110634	1.44768325438	6.86259317358	525.559866687	-49.062494701
32.305	77.4450956808	1.59302093643	6.97951561494	538.171360037	-49.37499467
32.325	77.4263832181	1.9931606259	6.8400525056	527.789279441	-49.3749946131
32.345	77.0943911742	1.44766161612	6.8842073532	528.221869319	-49.6874946958
32.365	77.7840716912	1.9931873069	6.81337150447	528.166330871	-49.3749946131
32.385	76.9542474059	1.44760407948	6.9417680761	531.649094531	-49.062494701
32.405	77.7774268053	2.27890079117	6.81445159588	528.43037858	-48.4374945924
32.425	77.2180042101	1.44762772655	6.91807283725	531.659030408	-50.3124946907
32.445	76.8816764482	1.22385999652	6.90949172317	528.231096372	-50.3124947476
32.465	77.2261097759	1.77096409332	6.81417754644	524.215388139	-50.3124946337
32.485	76.9446611948	1.77088555703	6.89278578448	528.306748087	-49.0624946441
32.505	77.1853106709	1.32640387558	6.92976384167	532.09605249	-49.9999947217
32.525	77.1280530673	1.99315570816	6.84492472685	526.128878023	-49.9999946079
32.545	76.9574337823	1.22387480512	6.89468311566	527.624752007	-50.3124947476
32.565	77.6517291316	2.27887325343	6.84187041299	529.692769313	-49.687494582
32.585	77.6614927645	1.77090706247	6.87117242925	531.563027435	-50.9374946285
32.605	76.0183575042	1.3263980035	6.93561568196	524.491593127	-50.6249947165
32.625	77.6504280402	1.77107490785	6.7033989907	518.559089797	-49.6874946389
32.645	76.718905025	1.4476609697	6.8848296931	525.696472204	-50.3124946907
32.665	77.5859214386	1.44777107504	6.77472434992	523.175076916	-50.3124946907
32.685	77.0498506111	1.99316705124	6.8335361125	524.723930392	-50.6249946027
32.705	77.3336460326	1.77100175762	6.77654921952	522.057660742	-49.6874946389
32.725	76.9102106869	1.59320581909	6.79460380983	520.355232334	-49.9999946648
32.745	77.5217274305	1.99322506571	6.7756126958	523.477731504	-49.3749946131
32.765	77.2146594882	1.44773859931	6.80722415994	523.157623865	-49.6874946958
32.785	77.2274208736	1.59316148476	6.83887986859	525.891586972	-51.2499946544
32.805	75.8434373052	1.22385913588	6.91042132171	521.167376953	-47.8124947683
32.825	77.6445400606	1.77103717109	6.74109977978	521.424892043	-50.3124946337
32.845	76.8403599494	1.59311772395	6.88269895483	526.594036613	-49.9999946648
32.865	77.1415462957	1.59317228021	6.82823010609	524.492289883	-48.1249946804
32.885	77.2097574777	1.77090711598	6.87126280639	528.477997484	-48.4374946493
32.905	76.8478514355	1.32648214527	6.85149414948	523.817005223	-49.9999947217
32.925	76.65129501	1.22386563943	6.90388329121	526.223145503	-49.0624947579
32.945	77.3223778122	1.59319702202	6.80345915559	523.822749138	-48.7499946752
32.965	77.0076358018	1.32652211393	6.81156595766	521.862873864	-48.7499947321
32.985	77.5312516019	1.59316078791	6.83966413355	528.020852761	-49.37499467
33.005	78.145571527	2.2789875176	6.7276657022	524.189851153	-49.0624945872
33.025	76.4398848531	1.13603413604	6.8232259432	518.452685078	-50.6249947734
33.045	77.5332816879	1.77091219523	6.86614758369	530.298889797	-49.0624946441
33.065	76.5076887313	1.13603564006	6.8217367885	518.799992669	-49.9999947786
33.085	77.1687130239	1.32647395733	6.85972255191	526.632535472	-48.7499947321
33.105	76.680584613	1.13600744594	6.84994577085	522.109607669	-49.3749947838
33.125	77.5655378546	1.7709495655	6.82877730977	527.643194021	-49.0624946441
33.145	76.3776787652	1.05984726931	6.81961162763	517.536008848	-49.6874948097
33.165	76.2949217035	1.05980808431	6.85882253089	519.928476166	-48.43749482
33.185	76.9352373797	1.59325994318	6.74050886171	516.397955613	-49.37499467
33.205	75.606292392	0.934231421778	6.94521173115	521.226833082	-50.3124948614
33.225	77.014924096	1.22388017172	6.88935099887	527.612855652	-49.0624947579
33.245	77.252326202	1.59324406763	6.75635527058	519.740136766	-49.9999946648
33.265	76.9796043635	1.22396298635	6.80651912456	521.065478226	-49.6874947528
33.285	77.0978364541	1.59321982123	6.78063080736	520.55651336	-49.37499467
33.305	77.0632830552	1.32647200037	6.8616390452	526.059207244	-49.9999947217
33.325	76.7641670563	1.22393058392	6.83890431457	522.065669385	-50.3124947476
33.345	76.9846932788	1.22388114874	6.88833950256	527.328752642	-50.3124947476
33.365	75.5128303479	0.934219118548	6.95751496093	521.497837475	-50.3124948614
33.385	76.6198516751	1.13605077446	6.80660239214	518.414804307	-49.9999947786
33.405	76.162803943	1.05980839491	6.85848603271	519.00283157	-49.6874948097
33.425	76.0077034194	0.881961881912	6.92714156519	522.412964077	-51.249994882
33.445	76.7907772374	1.32651339447	6.82022471574	521.051388386	-50.6249947165
33.465	76.5691247648	1.22393407164	6.83541659978	520.475121414	-50.3124947476
33.485	75.8363130526	1.13595776005	6.89964652374	520.084832127	-48.749994789
33.505	76.1602129049	1.13598499039	6.87240132689	520.256139575	-49.3749947838
33.525	76.0727184438	1.0597303945	6.93647349227	524.244945625	-50.3124948045
33.545	75.9074101348	0.993103203429	6.89698269603	519.921303078	-49.9999948355
33.565	76.6665271561	1.13604847989	6.80885236456	518.901055987	-51.874994763
33.585	77.4667624925	1.44769725502	6.84852029408	528.034757896	-50.9374946855
33.605	75.1678896076	0.835110971713	6.99443489004	521.390030615	-49.6874949235
33.625	76.4494787168	1.05977524577	6.89160927092	523.455956113	-50.9374947993
33.645	75.7154615845	0.881902036573	6.98698690397	524.864628262	-51.249994882
33.665	76.398927087	1.2238608332	6.90860331399	524.847157717	-52.187494732
33.685	75.2864883803	0.792962184601	7.03792887969	525.199546873	-51.2499949389
33.705	75.90987162	1.05973812428	6.92871781291	522.54162856	-51.5624947941
33.725	75.6094377296	0.934176167389	7.00045603836	525.36361628	-50.9374948562
33.745	75.6607980503	0.8818630728	7.02593269199	527.385913451	-52.4999948716
33.765	75.6787385178	0.934175672843	7.00095058455	525.882014815	-50.9374948562
33.785	76.0780075194	1.05967346134	6.99336780364	528.553274682	-52.1874947889
33.805	76.4848731191	1.05970223491	6.96462013431	529.209990868	-50.9374947993
33.825	75.5650327753	0.993053291822	6.94687153969	521.293881434	-51.2499948251
33.845	75.5891582465	0.881980512726	6.90851974387	518.150538745	-50.6249948872
33.865	75.6624027029	0.934191007012	6.98560633336	524.624769377	-51.562494851
33.885	76.1910928618	1.05965789936	7.00895567919	530.511003828	-50.9374947993
33.905	75.3987205138	0.881908267728	6.98074675631	522.205852131	-51.8749948768
33.925	75.2915278132	0.992923545549	7.07661781316	529.038879262	-51.2499948251
33.945	75.0905715311	0.835058866287	7.04654031615	524.701114603	-49.6874949235
33.965	75.8056762393	0.934194580422	6.98205308722	525.352834642	-50.3124948614
33.985	74.5966679793	0.754773544312	7.13131924494	526.993466926	-51.5624949648
34.005	75.0914215575	0.881862046424	7.02699503813	523.495644473	-49.9999948924
34.025	74.6870979511	0.754790798646	7.11407812438	526.36870275	-50.3124949752
34.045	74.6623554245	0.792879727002	7.12038647902	526.893108949	-51.2499949389
34.065	75.0707884879	0.93409244322	7.08417012543	527.811308767	-51.562494851
34.085	75.6301284601	0.934137798865	7.03883464425	528.366665388	-50.3124948614
34.105	75.2029394493	0.792925045693	7.07506778762	527.360392261	-51.2499949389
34.125	74.6150822502	0.792872706128	7.1274146374	527.074568717	-50.6249949441
34.145	75.2041792433	0.835000025721	7.10536473953	529.844455205	-50.9374949131
34.165	74.3425847244	0.754765474808	7.13938874906	525.787149039	-51.5624949648
34.185	74.3549420858	0.720186304112	7.08652665608	521.784001742	-50.624995001
34.205	74.8595727961	0.881741721923	7.14729256117	530.741143772	-51.8749948768
34.225	75.5973277573	0.881928467136	6.96055634148	522.078988639	-51.249994882
34.245	74.5330776511	0.792955191067	7.04512989062	520.471010078	-52.4999931938
34.265	74.9621252326	0.835000348164	7.1050342261	528.114726941	-51.5624949079
34.285	74.4845691032	0.754771751305	7.13330704632	526.346826206	-52.1874932249
34.305	75.7070526486	1.05959905767	7.06777147715	531.534687678	-52.1874947889
34.325	74.728646227	0.792872038682	7.12808208341	527.925763505	-50.6249949441
34.345	75.0164009492	0.754790719866	7.11415029798	528.694828858	-50.93749497
34.365	74.1597897938	0.688474389248	7.1778837985	526.817865516	-50.3124950321
34.385	74.9684682922	0.792910545545	7.08956065158	526.783434258	-51.8749949337
34.405	73.7039463662	0.632763657556	7.2365666551	527.332709192	-50.9374933491
34.425	74.6727608426	0.720039734234	7.23309051451	534.743127033	-51.2499949958
34.445	74.7471924594	0.688532460149	7.11996427185	526.750329255	-52.1874932818
34.465	75.6195886521	0.934175177385	7.00141579672	525.505645501	-52.8124948406
34.485	75.274837737	0.792897794367	7.10231182988	529.879026065	-51.8749949337
34.505	75.5360024573	0.834911811116	7.19379309357	538.748392153	-53.4374931576
34.525	75.5216670917	0.881779838374	7.1091761105	532.602826225	-51.8749948768
34.545	74.7490829639	0.754776309089	7.12874265502	527.881221646	-52.8124932197
34.565	75.2035650382	0.792891461194	7.10885976397	529.861000919	-52.4999931938
34.585	74.7614637608	0.720185471884	7.08751229284	524.709010346	-53.7499932403
34.605	75.102760607	0.834978006742	7.12737564744	530.755059667	-51.5624949079
34.625	75.3301025395	0.834973282524	7.13231361471	532.727376658	-54.0624931524
34.645	75.5988491095	0.881790945824	7.09805966719	532.320180084	-52.4999948716
34.665	73.9484061789	0.608049771757	7.33503715891	535.949036912	-53.1249933594
34.685	74.7134110131	0.754753881547	7.15117680405	529.274021933	-52.1874932249
34.705	74.3650929834	0.720098655277	7.17434093966	528.25750301	-52.4999932507
34.725	74.4998708424	0.754691911495	7.21314685627	532.291011627	-52.1874932249
34.745	74.6824763942	0.688380839411	7.27157399468	537.382618863	-53.4374932714
34.765	75.3297281171	0.835005932123	7.09966401551	530.3068098	-54.0624931524
34.785	74.1456814361	0.688356822444	7.29560197659	535.264340344	-52.1874932818
34.805	74.4821890394	0.754679024909	7.22601362074	533.104860337	-54.0624932093
34.825	74.8540570918	0.754656992786	7.24805895852	537.385333078	-52.8124932197
34.845	74.4310599889	0.754685800563	7.21924457395	532.244630102	-53.4374932145
34.865	75.471620512	0.834955370073	7.15024220778	535.058329175	-52.8124931628
34.885	74.9268608489	0.754699817964	7.20522717335	534.759627109	-53.4374932145
34.905	75.8407697878	0.992818402715	7.1820620658	540.781097788	-53.7499930696
34.925	74.0410271706	0.688403042564	7.24936533343	531.157001044	-54.0624932662
34.945	75.0831827196	0.792843411737	7.15689465198	532.555122834	-53.7499931834
34.965	74.5353882439	0.720025163358	7.24782683851	534.835889496	-53.1249932455
34.985	74.8833075812	0.754693540115	7.211498415	534.909508902	-54.0624932093
35.005	73.97330724	0.688386447473	7.26596593213	531.873568479	-53.4374932714
35.025	74.6035654342	0.688350771876	7.30162500561	539.009756588	-55.3124932558
35.045	74.3872647462	0.688365634443	7.28677896255	536.365789893	-53.4374932714
35.065	75.0777173592	0.754692645515	7.21239962255	536.364604531	-53.4374932145
35.085	73.0515633772	0.564096524621	7.33221223981	528.756707202	-53.7499934111
35.105	74.4040992897	0.688409458819	7.24294907879	533.294164862	-54.0624932662
35.125	73.8738200903	0.585261855218	7.330912065	534.86285805	-54.06249338
35.145	74.4353883454	0.688364437648	7.28797024883	536.799598776	-54.0624932662
35.165	73.3442518083	0.585246094907	7.34666837894	532.155677889	-54.6874933748
35.185	74.5727410201	0.688284111855	7.3682905349	543.653644381	-54.687493261
35.205	73.6678576594	0.60805827304	7.32652725493	533.303760888	-54.374993349
35.225	74.3415071972	0.688356389175	7.29601872265	536.708355663	-54.0624932662
35.245	74.7300215779	0.720023036122	7.24994203487	536.387417388	-54.3749932352
35.265	74.4132616427	0.688334804803	7.3175975867	538.798408169	-54.687493261
35.285	74.8710451708	0.720026697254	7.24629294301	537.13187267	-53.1249932455
35.305	74.0194223114	0.632823777767	7.17640914875	525.237312704	-55.9374933075
35.325	74.4144551026	0.659460295008	7.20659062953	530.477450407	-53.7499932973
35.345	73.9166649348	0.68842062933	7.23177856697	528.991954321	-54.0624932662
35.365	74.4187577666	0.688366425288	7.28598260913	536.534846598	-54.0624932662
35.385	74.2465815797	0.659343976226	7.32290435339	537.728415985	-54.3749932921
35.405	74.3814748373	0.688432293297	7.22010909261	531.468451983	-54.687493261
35.425	74.1075200081	0.688359345487	7.29305690265	534.804195625	-54.687493261
35.445	74.6006542403	0.75461548411	7.28954781371	538.602166048	-54.6874932041
35.465	74.2485518452	0.659326084141	7.34079643854	539.041926748	-54.3749932921
35.485	73.9098103568	0.632632369217	7.36782702323	538.28566117	-54.6874933179
35.505	73.3696875052	0.585214009734	7.3787575487	534.636097082	-54.06249338
35.525	74.9454292887	0.754677582616	7.22744930707	536.526050596	-54.6874932041
35.545	73.6720966707	0.608075906787	7.30889350824	532.066229545	-54.374993349
35.565	72.7665697123	0.564117736629	7.31098536704	525.188860588	-56.2499933903
35.585	73.7028551686	0.608029735593	7.35506039203	535.609920154	-54.9999933438
35.605	74.5302629371	0.720000997459	7.27197467768	536.562925629	-54.99999323
35.625	73.1479243966	0.563975098932	7.45363049631	538.105863562	-54.9999934007
35.645	73.7357767384	0.659323223275	7.34365224595	535.525134013	-54.9999932869
35.665	73.7566962426	0.60804507191	7.33971976518	534.896735951	-55.6249933386
35.685	73.8378982862	0.688364876272	7.28752611748	532.458621944	-54.687493261
35.705	73.5890765279	0.58520003003	7.39272526332	537.237008	-55.9374933644
35.725	73.6959578547	0.659329082841	7.33777750494	534.812528645	-56.8749932713
35.745	74.2852829943	0.65938267764	7.2841928224	535.196020937	-55.6249932817
35.765	73.8359826354	0.632747561899	7.25262035484	529.43589957	-56.5624933023
35.785	74.3574843741	0.659438386911	7.22847849284	531.66360995	-56.2499932765
35.805	73.2721344562	0.608045944334	7.33884734093	531.320207701	-55.6249933386
35.825	73.5734836933	0.63267686139	7.32331620242	532.636548511	-57.1874932971
35.845	73.6793543451	0.63270200472	7.29818685764	531.593787077	-55.3124933127
35.865	74.1716807958	0.632752526809	7.24765078353	531.482750212	-57.1874932971
35.885	73.8032611029	0.632668636979	7.33155459932	534.894124268	-55.3124933127
35.905	74.770140294	0.720062984777	7.20997532037	533.74647415	-56.2499932196
35.925	73.5253657127	0.608054540982	7.33025069325	532.539465555	-55.6249933386
35.945	73.5191897945	0.632665103521	7.33507873314	533.088452132	-56.5624933023
35.965	74.0805107183	0.608183331855	7.20145119996	527.244126399	-56.8749933282
35.985	74.3590469753	0.688381609663	7.27077069477	534.996877235	-57.1874932402
36.005	74.0922823411	0.659391098911	7.27577661049	533.195570297	-54.9999932869
36.025	74.4862929041	0.632764925009	7.23525258392	532.834529258	-57.1874932971
36.045	74.5710272436	0.720022285774	7.25068636303	535.300607145	-54.99999323
36.065	74.3827112387	0.659438777195	7.22807809183	531.814847445	-57.4999932661
36.085	75.2399057468	0.754711525637	7.19348646562	536.127180434	-56.5624931885
36.105	74.1319104031	0.659398435977	7.26842436836	532.947603314	-56.8749932713
36.125	74.2347873267	0.632808535799	7.1916417935	527.870935426	-57.1874932971
36.145	74.0633807842	0.659309078501	7.35778184497	538.927851536	-56.8749932713
36.165	74.3106581635	0.659450513023	7.21633720564	530.446119334	-58.1249932609
36.185	74.3627638535	0.754661278171	7.24373393108	533.54278216	-56.5624931885
36.205	75.1239256549	0.792757904324	7.24236564486	539.149452881	-56.8749931575
36.225	74.0487903425	0.632655360251	7.34481267934	537.632845445	-57.8124932919
36.245	74.708541489	0.792803245767	7.19702420109	532.842070158	-56.8749931575
36.265	72.861547433	0.508751886432	7.37727296485	529.836508707	-55.9374934782
36.285	74.1302815424	0.659413254328	7.25361107601	531.861699913	-56.2499932765
36.305	73.5478149856	0.608067945847	7.31683720826	531.739012548	-56.8749933282
36.325	73.9637554034	0.632658196577	7.34197635387	536.810476319	-57.8124932919
36.345	74.4533655073	0.720074588276	7.19835978092	530.637495237	-57.4999932092
36.365	74.4293755753	0.659359449712	7.3074106341	537.924414674	-56.8749932713
36.385	73.7904510142	0.65933171465	7.33514063766	535.307973554	-57.4999932661
36.405	74.2151391671	0.659365547155	7.30131319035	535.933454564	-56.8749932713
36.425	73.9449054421	0.585331942359	7.26080094317	530.320828378	-57.8124933489
36.445	73.5935809153	0.632689144254	7.31103333798	531.898772371	-57.1874932971
36.465	74.9545075403	0.720099522245	7.17342581235	532.377209405	-57.4999932092
36.485	74.3992899739	0.720072549986	7.20039807114	530.400737825	-57.4999932092
36.505	75.1436990551	0.792775837377	7.22443259123	537.968175168	-56.8749931575
36.525	72.7883566795	0.585238477156	7.35427414047	528.662208691	-56.5624933592
36.545	73.7320202978	0.564071936403	7.35677444352	535.446409794	-58.1249933747
36.565	74.1033539737	0.632742027102	7.25815049027	531.753577673	-57.1874932971
36.585	74.2553586768	0.632739373171	7.26079975977	533.036598217	-57.8124932919
36.605	73.7697869753	0.688375981711	7.27639864703	531.16377295	-57.1874932402
36.625	74.3305183649	0.720053576511	7.21938960609	531.294119133	-55.6249932248
36.645	74.3265703677	0.720005247365	7.26771875143	534.78648497	-55.6249932248
36.665	73.5762191604	0.607966659428	7.41812793719	539.218512021	-56.2499933334
36.685	73.7317740594	0.608148750958	7.23603640742	527.25230853	-56.2499933334
36.705	73.3184703564	0.585281017271	7.31173002833	529.470356187	-57.187493354
36.725	73.850449347	0.585328359148	7.26439614491	529.902404113	-55.9374933644
36.745	73.7992526711	0.688432190393	7.22018445716	527.313820478	-57.812493235
36.765	73.3949405768	0.585297256026	7.29549127325	528.860123021	-57.187493354
36.785	73.4902720767	0.585293756719	7.29898258716	529.797309354	-58.4374933437
36.805	73.8048242301	0.632765837502	7.23434941384	527.894520913	-55.9374933075
36.825	74.1118153717	0.688402468118	7.24992325587	531.70530955	-55.9374932506
36.845	74.5993433071	0.72007910894	7.19385717656	531.34865126	-55.6249932248
36.865	74.5721364769	0.688361266518	7.29111934774	538.015687399	-56.5624932454
36.885	73.659207905	0.6594109833	7.25588716267	528.645899075	-55.6249932817
36.905	73.7193861387	0.585303436937	7.28931435855	530.753821345	-56.5624933592
36.925	75.2171380097	0.792867550439	7.13271952934	531.719346291	-56.8749931575
36.945	74.5387411505	0.688437980033	7.214400325	532.175451817	-57.1874932402
36.965	74.5702294335	0.688438794097	7.21359176912	532.341221356	-56.5624932454
36.985	73.6216813169	0.608085086958	7.2997004067	531.041380593	-56.2499933334
37.005	73.4437437665	0.632728341126	7.27184112788	528.002986386	-56.5624933023
37.025	73.1927535021	0.564111315719	7.31740255983	528.72248751	-56.8749933851
37.045	73.9493824655	0.659484228482	7.18263692214	525.428963311	-56.2499932765
37.065	73.9331840362	0.659470632275	7.19622301227	526.29666767	-57.4999932661
37.085	74.0815967005	0.659304325053	7.36254035094	539.40513505	-56.2499932765
37.105	73.2311625408	0.585291345144	7.3014101486	528.102761096	-55.9374933644
37.125	74.0918959266	0.688483619166	7.1687722075	525.674388219	-55.9374932506
37.145	74.6952578216	0.720079337699	7.19361035777	532.013749849	-57.4999932092
37.165	74.2802035396	0.659405826017	7.26102926985	533.476371555	-57.4999932661
37.185	73.7843023028	0.632701859034	7.29831855877	532.360478383	-57.1874932971
37.205	74.3538203055	0.688502684088	7.14969626994	526.143539843	-57.1874932402
37.225	74.1098621691	0.659518515336	7.14833995134	524.082106597	-57.4999932661
37.245	74.2222293016	0.688457250733	7.19512962494	528.515002302	-57.1874932402
37.265	75.5168580465	0.83502784049	7.07772336432	529.995174117	-56.5624931316
37.285	74.0689635972	0.688485511295	7.16686906285	525.373626571	-57.1874932402
37.305	74.8996651506	0.792823144978	7.17711770666	532.741017005	-57.4999931523
37.325	73.3686744103	0.608106907312	7.27786712279	527.652480565	-58.1249933178
37.345	75.0686404238	0.754759760134	7.145245361	531.353576401	-57.1874931833
37.365	73.8491228027	0.659499820772	7.16703451532	523.589170091	-57.4999932661
37.385	74.5299779105	0.720078448594	7.19449344332	530.901065032	-58.124993204
37.405	73.1514695031	0.608082500954	7.30228210112	527.834063961	-56.8749933282
37.425	74.9481224691	0.792871757593	7.12849780706	529.506872069	-58.1249931471
37.445	73.0641060026	0.585281146826	7.31160846666	527.624797927	-55.9374933644
37.465	74.2906016407	0.688539251238	7.11312361189	523.034892432	-57.812493235
37.485	73.802757515	0.608243441626	7.14134142873	520.934436958	-56.8749933282
37.505	75.0173406114	0.792927596171	7.07265922918	525.881393466	-58.1249931471
37.525	74.1513332243	0.632819809751	7.18036784096	526.460301851	-57.1874932971
37.545	73.9815346638	0.659456034884	7.21081534534	527.697086964	-58.1249932609
37.565	74.3079773371	0.632952763556	7.0474140368	517.912547699	-57.1874932971
37.585	75.1054488912	0.754796262669	7.10871639835	528.921917844	-59.6874931625
37.605	74.6132990576	0.688532774693	7.11961117246	525.780963229	-56.5624932454
37.625	74.4138727982	0.720140433843	7.13250217382	525.551874913	-58.7499931988
37.645	74.6514552575	0.720137703807	7.13523822993	527.430057076	-58.124993204
37.665	74.881505676	0.754841610186	7.06337548882	524.012780263	-59.0624931677
37.685	75.4722740889	0.881827935383	7.06129028122	528.698054028	-56.2499931058
37.705	74.7862910723	0.720127521022	7.14541499557	529.128841741	-58.7499931988
37.725	73.9018235779	0.632813092493	7.18708509969	525.174104542	-57.1874932971
37.745	74.8543328439	0.754796742338	7.10824994338	527.119195956	-58.4374931729
37.765	74.6839401791	0.754862427911	7.04257758481	521.105726041	-57.1874931833
37.785	74.918263384	0.793003237471	6.99701792954	519.619598849	-58.1249931471
37.805	74.4017263486	0.72008588195	7.18706008718	529.445369721	-58.124993204
37.825	74.2544129249	0.659513762749	7.15308747946	525.449287453	-58.1249932609
37.845	74.641695585	0.754777727584	7.12726469758	527.01459389	-58.4374931729
37.865	74.578034071	0.792877998636	7.12227133289	526.43611921	-56.8749931575
37.885	75.0072463459	0.754832959915	7.07202575971	525.529495433	-59.0624931677
37.905	75.3600384048	0.792944415905	7.05585406383	527.039678208	-56.8749931575
37.925	74.4342535606	0.754691873017	7.21312587184	531.820652672	-57.8124931781
37.945	74.006593454	0.688514140536	7.13822880677	522.855251078	-58.4374932298
37.965	74.9787126072	0.834983954827	7.12158481334	529.451564409	-58.437493116
37.985	75.1229780894	0.835134375212	6.97116442897	519.359354923	-58.437493116
38.005	74.7454260996	0.754813876123	7.09110955193	525.0949927	-59.0624931677
38.025	74.8526759745	0.720194520749	7.07841526779	524.681504366	-58.7499931988
38.045	73.8946915963	0.659487509296	7.17933587452	524.80169583	-58.7499932557
38.065	75.6390315353	0.881867384924	7.02180476887	526.926895354	-58.749993085
38.085	73.9826430806	0.720148382151	7.124559886	521.930219862	-58.124993204
38.105	74.8272509888	0.754815752218	7.08924667024	525.533021851	-57.8124931781
38.125	73.7780066512	0.688466146511	7.1862173233	524.707882737	-59.0624932246
38.145	73.8531651994	0.6884720227	7.18035215019	524.818193122	-57.812493235
38.165	73.3002081847	0.608194319214	7.19046384096	520.904034453	-56.8749933282
38.185	74.823222313	0.792885870763	7.11437735325	527.586727422	-58.7499931419
38.205	73.4442728338	0.632812832351	7.18734990323	521.941588706	-56.5624933023
38.225	75.1415099535	0.754801671818	7.10332046383	528.777978494	-58.4374931729
38.245	72.8752377876	0.564280269096	7.14844546677	514.427761932	-57.4999933799
38.265	73.9448908179	0.688440430561	7.21194428963	527.757763613	-57.812493235
38.285	73.7461481844	0.659505641471	7.16121887487	522.439418229	-56.8749932713
38.305	75.1106459153	0.834946026359	7.15952942421	533.184903726	-57.1874931264
38.325	74.6332053103	0.688571250969	7.08111837285	523.107041253	-58.4374932298
38.345	73.9876434372	0.659538512307	7.12833792167	521.769602446	-58.1249932609
38.365	75.1272101761	0.835029540766	7.07600694535	527.133750662	-57.8124931212
38.385	74.5653406319	0.754784468547	7.12052373438	525.982239985	-58.4374931729
38.405	74.9278607084	0.792927021873	7.07324809522	525.297469982	-56.8749931575
38.425	74.9348453226	0.754760280768	7.14470490673	530.366803647	-59.0624931677
38.445	75.1388450086	0.792936385671	7.06387701325	526.084930319	-57.4999931523
38.465	74.2807381121	0.720158839225	7.11410883158	523.272097265	-57.4999932092
38.485	75.7339972459	0.88181704828	7.07215040546	531.340878931	-58.1249930902
38.505	73.6660636358	0.63284100792	7.15916034841	521.487711392	-58.4374932867
38.525	75.2981563749	0.835063422881	7.04213290147	525.825312456	-57.1874931264
38.545	74.7088216785	0.754879020927	7.02599117563	520.063066085	-56.5624931885
38.565	75.1973756881	0.835105495039	7.0000526733	522.009979042	-57.8124931212
38.585	74.237804614	0.688536975704	7.11539363811	522.828255576	-58.4374932298
38.605	74.9855402883	0.835006567735	7.09897190529	527.832770117	-58.437493116
38.625	73.9160750118	0.688558339912	7.09404044584	519.016333213	-57.1874932402
38.645	73.9977842576	0.68853786046	7.1145254058	521.074951752	-56.5624932454
38.665	74.3994635274	0.688584497545	7.06788281259	520.504045872	-57.1874932402
38.685	74.0525520975	0.720193654539	7.07929351848	519.136788906	-57.4999932092
38.705	74.3408080313	0.688566004021	7.08635981342	521.439334656	-59.0624932246
38.725	75.1513506335	0.881883734208	7.00547347036	522.321595291	-57.4999930954
38.745	74.94201813	0.792964685155	7.03557752949	522.623403701	-57.4999931523
38.765	73.7756306795	0.632888870858	7.11129274843	518.810625527	-59.0624932816
38.785	74.4639856489	0.7548018521	7.10314678872	523.997483929	-57.8124931781
38.805	74.907959631	0.934145096262	7.03171351145	522.796000608	-58.4374930591
38.825	75.0371087104	0.79298624072	7.01400011155	521.695864723	-59.3749931367
38.845	73.9475614911	0.688595114737	7.05724909776	516.572135502	-59.0624932246
38.865	75.448043809	0.835064612436	7.04093527582	526.783165377	-57.8124931212
38.885	74.6817557456	0.792956416587	7.04382424501	521.413451094	-59.3749931367
38.905	74.8687672708	0.792993083182	7.00716493369	520.022697753	-58.7499931419
38.925	73.38883179	0.659515085318	7.15175479386	519.228437486	-59.3749932505
38.945	74.6655363179	0.688504609804	7.14774852291	528.206868237	-59.6874932195
38.965	73.8870577912	0.659534091888	7.1327482237	521.379153979	-59.3749932505
38.985	74.2807224929	0.720221384304	7.05154569317	518.715269759	-59.3749931936
39.005	73.2125339102	0.608273156633	7.11162211134	514.642930127	-57.499993323
