ATF	1.0
8	6     
"Type=Membrane Test"
"AcquisitionMode=Gap Free"
"Comment="
"FileStartTime=46823"
"FileStartDate=20220211"
"StopwatchTime=9042"
"DataType=Periodic"
"SignalsExported=Cm,Rm,Ra,Tau,Hold"
"Time (s)"	"Cm (pF)"	"Rm (GOhms)"	"Ra (MOhms)"	"Tau (µs)"	"Hold (pA)"
0.11	48.0960676511	3.99428928749	5.71129995381	274.298858239	1.2499998758
0.13	68.9074339335	2.28143772921	4.27688654573	294.157835484	0.937499901452
0.15	69.3160369091	2.28146785469	4.24676388609	293.821917053	1.56249984205
0.17	69.0091870343	1.99573972839	4.26060222798	293.394343517	0.624999984016
0.19	69.6125084229	2.66239781526	4.26923536427	296.716389057	0.624999932503
0.21	69.4513712441	2.28146515136	4.24951822042	294.586163441	0.312500015067
0.23	69.6041472531	2.66238235688	4.28469374472	297.753266387	0.624999932503
0.25	68.3999117763	1.45028180787	4.26389931918	290.795384627	-0.312499876712
0.27	68.8101739097	1.77350004795	4.27798409332	293.660470387	0.31249995816
0.29	68.2735839254	1.45024875344	4.29693195555	292.50029739	0.312500009673
0.31	69.4349413243	2.66243769948	4.22942440094	293.204064807	4.61183047549e-8
0.33	69.1018255042	1.77354011019	4.23795441669	292.152275503	-0.312499928225
0.35	69.4155275244	2.28153209112	4.18251900141	289.800498764	-0.312499979738
0.37	68.8371856792	1.77351440041	4.26363163265	292.792512158	0.31249995816
0.39	68.4415439071	1.59565649595	4.34375711518	296.486336879	-1.24999984047
0.41	68.7118844307	1.77354696777	4.23109683101	290.034709519	-0.312499928225
0.43	68.7579544406	1.77348953535	4.28852925248	294.159183646	-0.312499928225
0.45	70.1471830794	3.19584637768	4.15408122353	291.018818916	0.312499963554
0.47	69.4104939771	2.28145031287	4.26434544572	295.438109283	-2.18749974731
0.49	68.9915678204	1.99574214555	4.25822195872	293.155915951	-1.24999978356
0.51	68.2112576177	1.5957075328	4.29274939897	292.028225021	-0.624999845661
0.53	69.1895034624	2.28151101978	4.20369799246	290.316866205	-1.56249975251
0.55	68.9800822112	1.99574825436	4.25207193944	292.684688116	-0.624999897174
0.57	68.8612085038	1.77354123326	4.23679196871	291.055316493	-2.18749980422
0.59	68.8048938318	1.77353947236	4.23858883372	290.94033527	-1.56249980942
0.61	69.8799259782	3.1958193082	4.18113965546	291.795968465	-0.937499917636
0.63	67.8228330902	1.22650659449	4.26281049694	288.11452241	-0.937499928425
0.65	69.0149587041	1.59575879378	4.24148842631	291.950152116	-0.624999845661
0.67	68.8992143842	1.77349808738	4.27997381034	294.176897524	-1.56249980942
0.69	69.8928951674	1.59580215931	4.19811736867	292.648698767	-3.12499960804
0.71	68.7301123422	1.77356169384	4.21640332192	289.106562202	-0.93749981461
0.73	69.1372029132	1.99573268334	4.26768417296	294.426144381	-1.24999978356
0.75	70.154801841	3.19584138708	4.15906077449	291.398858662	-0.937499917636
0.77	69.4409142168	2.28152095517	4.19376259935	290.684389327	-1.56249975251
0.79	69.68864225	2.66245492264	4.21212030783	293.073290464	-0.624999948687
0.81	68.7998056462	1.59574904439	4.25120867402	291.705203519	-1.24999984047
0.83	69.1347763213	1.99576671617	4.23365134543	292.072959823	-1.24999978356
0.85	69.1839930244	1.99571984943	4.28047255964	295.506373844	-1.87499977836
0.87	68.8510742251	1.77357655749	4.20150370916	288.594379785	-1.56249980942
0.89	69.0014684777	1.5957227374	4.27751566301	294.365781342	-1.24999984047
0.91	69.113960962	1.99578913318	4.21123433392	290.442234884	-1.24999978356
0.93	69.2242082034	1.99575236696	4.24795502484	293.436743541	-1.87499977836
0.95	69.1195811823	1.77353459375	4.2434708567	292.606818823	-0.312499928225
0.97	68.9354673763	1.77353269343	4.24540373729	291.960009936	-0.93749981461
0.99	69.8945093342	3.19583930681	4.16114104485	290.462714761	-0.937499917636
1.01	69.1603941536	1.77354838802	4.22967317415	291.829889027	-1.56249980942
1.03	69.1814059369	1.99575855441	4.24181310471	292.832204648	-1.24999978356
1.05	68.7419405413	1.59572474974	4.27550332881	293.121022129	-1.24999984047
1.07	69.1904650348	1.99578637842	4.21394356611	290.950396441	-1.87499977836
1.09	68.6674630649	1.59573714197	4.26311109856	291.957042491	-1.24999984047
1.11	69.3302963972	1.99572740014	4.2729673666	295.613169192	-1.24999978356
1.13	69.4409226639	1.99578841752	4.21194999369	291.865734755	-1.24999978356
1.15	69.1789340421	1.77352270863	4.2553885337	293.678590593	-0.93749981461
1.17	69.9358050468	2.66248287544	4.18431403828	292.174194705	-1.87499972146
1.19	68.4092892683	1.45026892526	4.27673377237	291.708092575	-1.56249986632
1.21	69.4765895715	2.28150075252	4.21390579492	292.228061519	-2.18749974731
1.23	68.9883042109	1.99576408462	4.23619183713	291.628682599	-2.49999977317
1.25	69.7762201495	2.28148998652	4.22473125336	294.240919684	-1.56249975251
1.27	68.6353005687	1.59575649547	4.24372846372	290.497035622	-1.87499983527
1.29	69.5633542861	2.28153026678	4.18439153099	290.54743826	-2.18749974731
1.31	69.6322025829	2.28153123218	4.1834855893	290.772147336	-1.56249975251
1.33	69.5541809868	1.99577334704	4.22697494619	293.382407227	-1.87499977836
1.35	69.5742184884	1.9958095236	4.19075285974	290.95740972	-2.49999977317
1.37	69.6237856109	2.28147850401	4.23615429958	294.390486769	-2.18749974731
1.39	68.564299214	1.45027838588	4.26724906776	291.72258743	-2.18749986113
1.41	68.4758697459	1.45029278656	4.25291606822	290.37062838	-2.81249963909
1.43	69.3422304637	2.66244023653	4.22695295033	292.641740708	-1.87499972146
1.45	69.0983430255	1.77356529087	4.2127703244	290.405645047	-1.56249980942
1.47	69.0828503993	1.77354472473	4.23330049753	291.752077558	-2.18749980422
1.49	68.9897038883	1.77355573524	4.22228998492	290.602700261	-2.18749980422
1.51	68.533474867	1.45029405996	4.25157499461	290.523530704	-2.18749986113
1.53	69.2192338837	1.99575131589	4.24900609232	293.488102728	-1.87499977836
1.55	68.7467400195	1.59575893075	4.24126404513	290.800177755	-2.49999983008
1.57	69.1827923672	1.99579087743	4.20939902425	290.605052433	-2.49999977317
1.59	69.5220257288	2.28148911848	4.22553983355	293.225007781	-2.18749974731
1.61	68.9226569397	1.77353984059	4.23814866432	291.408101571	-2.81249979903
1.63	70.2467282373	3.19581604868	4.18450467433	293.563379673	-1.56249980402
1.65	70.1037065413	3.19583137751	4.16917585091	291.893885269	-1.56249980402
1.67	69.3209889592	1.99577919459	4.22117291914	291.998290319	-1.24999978356
1.69	69.5456057791	1.99576777672	4.23254526761	293.731989452	-1.87499977836
1.71	70.1214734356	2.66251615856	4.15103091716	290.623304094	-1.87499972146
1.73	68.9022349345	1.5958153631	4.18486083145	287.592083665	-1.87499983527
1.75	69.4811378934	2.28151600191	4.19871586869	291.195663511	-1.56249975251
1.77	68.6010026012	1.59573790699	4.2623169439	291.620279532	-1.87499983527
1.79	68.8081916778	1.77351889149	4.25909776478	292.358717208	-2.81249979903
1.81	68.7869806665	1.45028842853	4.25725458187	291.986575532	-0.937499871518
1.83	69.4816765754	2.66242193104	4.24525843428	294.49809335	-1.87499972146
1.85	68.9564085308	1.77357429471	4.20373051416	289.188722808	-2.18749980422
1.87	69.3651254819	2.28150110925	4.2136085241	291.73868409	-1.56249975251
1.89	69.3987133257	2.28150845334	4.20620497538	291.368045106	-2.18749974731
1.91	68.9602653021	1.77357180063	4.20626056852	289.378545165	-1.56249980942
1.93	69.9460720693	2.66252108361	4.14610587073	289.552925177	-1.87499972146
1.95	69.4116620407	2.28149434926	4.22024959033	292.393675987	-2.81249974212
1.97	69.4476664393	2.28154600608	4.16865223157	288.975178125	-2.18749974731
1.99	69.369278021	2.28152932935	4.18532895911	289.801624444	-2.18749974731
2.01	69.3318232533	1.99582806289	4.1722590964	288.666874953	-1.87499977836
2.03	69.191241953	2.28149486939	4.21978892162	291.433409206	-2.18749974731
2.05	68.7849738526	1.59577339381	4.22683011715	289.97432499	-1.87499983527
2.07	69.6146252613	2.66246084347	4.20634600425	292.361307508	-1.87499972146
2.09	69.6650868604	2.28152049651	4.19416179768	291.650499374	-2.18749974731
2.11	68.5758693002	1.59571019867	4.29007800376	293.407001702	-3.12499960804
2.13	69.6967869548	2.28150759215	4.20706615752	292.679297402	-2.18749974731
2.15	69.6935368156	2.2815320883	4.18257001193	290.964692298	-2.18749974731
2.17	69.4777875408	2.28150254337	4.21211494531	292.10913475	-2.18749974731
2.19	68.6231959615	1.45030562913	4.24005398373	290.117878696	-0.937499871518
2.21	68.1371061334	1.32907132013	4.26223797488	289.488193045	-2.49999967014
2.23	68.8425681312	1.77356967274	4.20835248214	289.027982578	-2.18749980422
2.25	69.2105376908	1.99578549461	4.21482737352	291.095714259	-1.87499977836
2.27	68.2684424103	1.32907783365	4.2557080634	289.603251048	-0.624999902569
2.29	69.3290019618	2.28149466516	4.21999315629	292.027761265	-2.18749974731
2.31	69.7680106898	2.66248401029	4.18310592726	291.389169067	-1.24999983507
2.33	68.6378785288	1.45031328105	4.23237798529	289.656156713	-1.56249986632
2.35	69.7711270504	2.28153384016	4.18087761712	291.170976821	-1.56249975251
2.37	68.9496275725	1.59579159187	4.20863205807	289.420315565	-1.87499983527
2.39	69.4811512634	1.99582029494	4.17998151883	289.822932406	-2.49999977317
2.41	68.8105998534	1.45031922942	4.22642960547	289.978120286	-1.56249986632
2.43	70.0164608556	2.66246264661	4.20454286902	293.923049927	-1.87499972146
2.45	69.7185429843	2.28153344748	4.18127029448	290.978808143	-1.56249975251
2.47	69.4748115128	1.99578637138	4.21390508035	292.143429299	-2.49999977317
2.49	69.184649961	1.77353677898	4.24124624273	292.729102611	-2.18749980422
2.51	69.9042268581	2.28152207083	4.19258748108	292.542003198	-2.18749974731
2.53	68.8870485713	1.7735210783	4.25698289299	292.548782433	-1.56249980942
2.55	68.6529280555	1.59572531292	4.27491100759	292.701018625	-1.87499983527
2.57	69.8712521168	2.28153568177	4.17898218105	291.456869649	-0.937499866123
2.59	69.6747864964	2.28153097125	4.18368705822	290.963956367	-2.18749974731
2.61	69.7241414701	2.66248602162	4.18116785358	291.071240678	-1.87499972146
2.63	69.8310278031	2.66246805448	4.19913499245	292.768170502	-1.87499972146
2.65	69.4125589829	1.7735402112	4.23781402597	293.456312157	-2.18749980422
2.67	69.9454898297	2.66249543792	4.17167829688	291.333611582	-1.24999983507
2.69	69.4319663832	1.5957667233	4.23350063206	293.162525969	-1.87499983527
2.71	68.8517870562	1.59573514562	4.26507830961	292.875466479	-1.87499983527
2.73	68.8939132152	1.59577567377	4.22455015431	290.277330846	-1.87499983527
2.75	69.2486737178	1.99576932784	4.23094861997	292.367772887	-2.49999977317
2.77	69.5118125318	2.66246664787	4.20054161112	291.527321854	-1.87499972146
2.79	68.9103710794	1.77353360403	4.24445716119	291.788803033	-1.56249980942
2.81	68.7957444976	1.59575603881	4.24418512136	291.207359611	-1.87499983527
2.83	67.9057209961	1.32900999471	4.32354316689	292.64129362	-3.12499966495
2.85	69.2580223715	2.28152266266	4.19187672464	289.788658808	-3.43749973692
2.87	68.5591716101	1.59574893097	4.25129296	290.69068395	-1.87499983527
2.89	68.4922026229	1.45029203327	4.25366935677	290.491180289	-2.81249963909
