ATF	1.0
8	6     
"Type=Membrane Test"
"AcquisitionMode=Gap Free"
"Comment="
"FileStartTime=62961"
"FileStartDate=20220211"
"StopwatchTime=25180"
"DataType=Periodic"
"SignalsExported=Cm,Rm,Ra,Tau,Hold"
"Time (s)"	"Cm (pF)"	"Rm (GOhms)"	"Ra (MOhms)"	"Tau (µs)"	"Hold (pA)"
0.109	56.5503453322	0.210424539076	11.7977146206	631.745249418	-54.9999946526
0.129	107.465924117	0.142577907912	11.2682679711	1122.25998044	-44.9999956463
0.149	106.053026487	0.136563836793	11.5843323464	1132.48770704	-44.3749957653
0.169	107.767031058	0.14542781645	11.4349505464	1142.47793441	-46.8749955738
0.189	106.326926408	0.136375006444	11.7731621958	1152.32473437	-45.6249957549
0.209	107.65452729	0.142040670918	11.8055038879	1173.39123376	-47.4999956255
0.229	106.838502252	0.139129861746	11.8135548154	1163.36118468	-47.4999956824
0.249	107.621268718	0.140783424346	11.5975485461	1153.14810364	-47.8124956514
0.269	106.986114134	0.140674958488	11.7060138752	1156.17214881	-49.062495641
0.289	107.624217386	0.142138811338	11.70736266	1164.11278018	-49.3749956099
0.309	107.28604931	0.140777807715	11.6031643842	1150.06703764	-49.6874956358
0.329	107.909951846	0.142246941879	11.5992318491	1157.30270177	-49.9999956047
0.349	107.450992528	0.142490059285	11.3561141743	1130.15510249	-50.6249955995
0.369	106.751829504	0.135127830487	11.6611786917	1145.95890069	-50.3124957444
0.389	106.996568333	0.133736601702	11.7179619681	1152.77583646	-49.9999957754
0.409	107.545388461	0.142064165605	11.7820075849	1170.06216838	-51.2499955943
0.429	107.749201123	0.140580531652	11.8004404474	1173.02351428	-49.6874956358
0.449	107.539783835	0.140694787408	11.6861841624	1160.35039531	-50.9374956254
0.469	108.300909485	0.143507605172	11.8322204271	1183.83304712	-50.9374955685
0.489	108.405057912	0.145005262159	11.8575025963	1188.24685009	-51.8749955322
0.509	107.271613208	0.141103198828	11.277772214	1120.24819541	-52.187495615
0.529	107.02930092	0.136484361733	11.663804409	1150.08391716	-51.8749957029
0.549	107.488588232	0.142605357948	11.2408149722	1119.97751556	-51.8749955891
0.569	106.438130755	0.139542943455	11.4004712913	1121.79565388	-51.874995646
0.589	108.053059272	0.143548566519	11.7912588051	1177.37087059	-51.5624955633
0.609	107.419211521	0.142285349348	11.5608233025	1148.53494044	-52.4999955839
0.629	107.567069997	0.141930775942	11.9153969786	1182.43624894	-51.8749955891
0.649	106.639252772	0.138241563382	11.2911647701	1113.16160441	-52.8124956667
0.669	107.072701789	0.140766623477	11.6143478293	1148.7950237	-51.5624956202
0.689	107.839421785	0.144996454444	11.866309752	1182.85293074	-53.1249955218
0.709	106.449088993	0.133509238263	11.9453244433	1167.14245816	-52.4999957547
0.729	106.864466956	0.139743835401	11.1995790859	1108.03508829	-52.4999956408
0.749	108.234691694	0.145512923651	11.3498402645	1139.56194411	-53.7499955166
0.769	107.985631648	0.14391042686	11.4293976406	1143.40152395	-53.4374955477
0.789	106.738853835	0.136295669645	11.8524954969	1163.90655684	-54.3749956822
0.809	107.120716728	0.140932761027	11.4482092221	1134.20681745	-54.0624955994
0.829	107.323726676	0.139277305815	11.6661086717	1155.2818474	-52.4999956408
0.849	108.148472979	0.14674855829	11.6673022555	1168.86949084	-54.0624954856
0.869	107.305021319	0.139482664338	11.4607491117	1136.42065378	-54.9999956201
0.889	107.895010103	0.145307579497	11.5551841387	1154.90599801	-54.3749955114
0.909	106.472204159	0.138277346435	11.2553812084	1108.18236531	-54.0624956563
0.929	107.348365149	0.1391767997	11.766614009	1164.66123395	-54.3749956253
0.949	107.01142771	0.138144883405	11.3878442383	1125.82328141	-54.0624956563
0.969	107.667693249	0.142043228189	11.8029433842	1173.30135685	-54.9999955632
0.989	107.886408443	0.138980711817	11.9627021513	1188.32815945	-53.7499956305
1.009	107.658218164	0.142070744195	11.7754276477	1170.68980733	-54.3749955684
1.029	106.523801126	0.138009477061	11.5232505825	1132.90714569	-54.0624956563
1.049	107.655834536	0.143543225886	11.7965977907	1173.53011342	-55.3124955321
1.069	106.712915841	0.135290854895	11.4981530577	1130.88899525	-53.4374957184
1.089	107.230854725	0.139393747913	11.5496652779	1143.71625837	-55.6249956149
1.109	106.976203858	0.137978110884	11.554617013	1140.556164	-53.4374956615
1.129	106.819545705	0.139420429358	11.5229846108	1136.91489392	-53.7499956305
1.149	107.832343375	0.140798033827	11.5829361581	1154.07374837	-54.6874955942
1.169	107.704008947	0.139454164671	11.4892487791	1143.24898355	-54.9999956201
1.189	107.641581792	0.142060973687	11.7851986941	1171.39959997	-53.1249955787
1.209	107.830009011	0.140797484559	11.5834854259	1154.09898809	-54.6874955942
1.229	108.622999902	0.143670753604	11.669070622	1172.31310911	-54.0624955425
1.249	106.766074492	0.138216039032	11.3166883569	1116.79849408	-54.6874956511
1.269	107.234297303	0.138369129171	11.1635982175	1107.7477101	-54.6874956511
1.289	108.411021141	0.143590189763	11.7496344626	1177.44261706	-54.0624955425
1.309	107.895389388	0.140733683437	11.6472865485	1160.63314213	-54.6874955942
1.329	107.55938681	0.140937863363	11.4431066218	1138.3851234	-54.6874955942
1.349	107.717555969	0.140875936232	11.5050334889	1145.72518695	-55.312495589
1.369	107.485714537	0.136540267963	11.6078964297	1149.92296792	-56.2499956666
1.389	106.890382711	0.143902916783	11.4369068939	1132.48903702	-55.3124955321
1.409	107.106460262	0.13955262933	11.3907846382	1127.95860717	-53.7499956305
1.429	107.991746316	0.140381590926	11.9993793234	1193.79229616	-54.0624955994
1.449	107.290196951	0.140827871391	11.5530983294	1145.55618421	-55.312495589
1.469	107.239868132	0.136266243939	11.8819212039	1172.01979657	-54.3749956822
1.489	107.788360767	0.139436124148	11.5072893022	1145.79265631	-54.9999956201
1.509	107.063796011	0.142072707865	11.7734639776	1164.04792432	-54.3749955684
1.529	107.969410847	0.140987177161	11.3937930884	1138.19832108	-54.0624955994
1.549	108.44588244	0.145310493463	11.5522698925	1160.53304171	-54.9999955063
1.569	107.606811054	0.142428948189	11.4172239226	1137.39640759	-53.7499955736
1.589	108.3417676	0.143637747164	11.702076787	1172.31584982	-54.6874955373
1.609	107.8391006	0.143951022911	11.3888007654	1138.11513842	-55.3124955321
1.629	107.297637748	0.142809513046	11.0366579883	1099.25434684	-56.2499955528
1.649	107.258787749	0.138159342981	11.3733841532	1127.11076544	-55.3124956459
1.669	107.743821916	0.139419843722	11.5235694687	1146.8056569	-55.6249956149
1.689	108.584683996	0.149834903299	11.7812775729	1186.01207917	-54.6874954235
1.709	106.903322727	0.136723371477	11.4247931658	1127.1612084	-55.6249956718
1.729	106.912012557	0.139495870721	11.447542729	1131.06083213	-54.9999956201
1.749	107.188586806	0.140738982069	11.6419881806	1152.54892562	-54.0624955994
1.769	108.631547203	0.14678469117	11.6311690899	1170.74264438	-54.6874954804
1.789	107.80968857	0.139333081034	11.6103326751	1155.42704378	-54.3749956253
1.809	107.622681596	0.142475463488	11.3707086235	1133.29956831	-53.7499955736
1.829	107.42254446	0.141006412239	11.3745582743	1130.67581401	-53.4374956046
1.849	107.771349134	0.142574235814	11.271935759	1125.78688157	-54.9999955632
1.869	106.761297381	0.135490430892	11.2985765697	1113.40371465	-54.687495708
1.889	108.076472586	0.140563610652	11.8173595969	1178.13153971	-54.0624955994
1.909	107.068590581	0.133859251523	11.5953109422	1142.52451927	-53.1249957495
1.929	108.145577899	0.143734959535	11.6048644159	1161.2572514	-54.6874955373
1.949	107.827253545	0.139481689049	11.4617249193	1142.04062771	-53.7499956305
1.969	107.560382445	0.143566643398	11.7731813769	1170.35309578	-52.8124955529
1.989	108.196128107	0.143822157766	11.5176664603	1153.76990841	-54.0624955425
2.009	107.808733373	0.139400699761	11.5427142072	1149.2451294	-53.7499956305
2.029	107.013917987	0.13668207085	11.466094792	1132.06421972	-53.1249956926
2.049	107.330102599	0.139275772633	11.6676410765	1155.48952818	-54.3749956253
2.069	107.600090767	0.140966392763	11.4145777507	1136.20668364	-53.4374956046
2.089	107.751606836	0.142577835789	11.2683360536	1125.24960639	-54.3749955684
2.109	107.940905112	0.143780245046	11.5595794549	1154.90031328	-53.4374955477
2.129	107.420562694	0.141138583724	11.2423865257	1118.56430522	-54.0624955994
2.149	108.118043627	0.140853051387	11.5279185982	1152.08522185	-54.6874955942
2.169	106.745512775	0.138200146771	11.3325808719	1118.02291161	-54.0624956563
2.189	108.134772899	0.138148047016	11.3846808813	1137.35156015	-53.4374956615
2.209	107.401733887	0.140779820313	11.6011499366	1151.12372369	-54.0624955994
2.229	106.37304167	0.13397224187	11.4823201143	1124.99011424	-54.3749957391
2.249	107.529591366	0.142549660038	11.296511805	1125.51645216	-54.3749955684
2.269	108.246009909	0.140757161153	11.6238088323	1162.25151502	-54.6874955942
2.289	107.124297171	0.144211752427	11.1280712498	1106.68934767	-55.3124955321
2.309	106.120713219	0.134039722249	11.4148404575	1116.28779456	-52.4999957547
2.329	108.20257955	0.145260242616	11.6025201789	1162.56395111	-56.2499954959
2.349	107.369632681	0.142291474464	11.5546968399	1147.44587702	-55.624995558
2.369	107.852928491	0.142497240628	11.3489304062	1133.72216481	-56.2499955528
2.389	107.935550679	0.142026163228	11.8200086142	1177.779431	-54.3749955684
2.409	107.255312029	0.139695896511	11.2475164205	1116.46453029	-56.2499956097
2.429	107.656898749	0.142323315396	11.5228564461	1147.60220564	-54.3749955684
2.449	107.479269642	0.139735471875	11.2079418337	1115.17512404	-54.3749956253
2.469	107.218836069	0.14250694778	11.3392235236	1126.1694724	-55.624995558
2.489	106.854555756	0.138111172165	11.4215552236	1127.22560061	-54.6874956511
2.509	106.864439725	0.139694099898	11.2493143296	1112.55927777	-53.1249956357
2.529	107.308072985	0.136627897764	11.5202673781	1140.08718473	-54.3749956822
2.549	107.019979296	0.136717881875	11.4302832672	1128.88811374	-54.3749956822
2.569	107.920254487	0.143787394734	11.5524294923	1154.02254375	-54.0624955425
2.589	107.487344555	0.135335744768	11.4532631845	1135.02533679	-53.4374957184
2.609	107.554714325	0.139782413565	11.1610004032	1111.65734405	-53.7499956305
2.629	108.088849892	0.136618103901	11.5300609919	1149.27637095	-54.999995677
2.649	106.722095424	0.139517302073	11.4261118954	1127.11107599	-53.7499956305
2.669	107.147439799	0.138189824337	11.3429033063	1123.17088651	-54.0624956563
2.689	108.236816911	0.145016332437	11.8464314782	1185.38550645	-53.7499955166
2.709	108.177710066	0.142472061401	11.3741107108	1139.45780688	-53.7499955736
2.729	107.919266719	0.139663975803	11.279438425	1126.30677172	-53.1249956357
2.749	107.582099361	0.139476233393	11.4671805752	1139.94187761	-53.7499956305
2.769	107.269150857	0.14434436063	10.9954638707	1095.98701717	-53.4374955477
2.789	108.147084953	0.145579414307	11.2833501685	1132.48637918	-52.499995527
2.809	108.332538185	0.13807456228	11.4581651084	1146.17627608	-54.6874956511
2.829	107.921906066	0.143981074071	11.3587501552	1136.22084785	-54.0624955425
2.849	107.370601226	0.137994538046	11.5381906146	1143.26980364	-51.5624956771
2.869	107.996579547	0.142607714637	11.238457206	1125.05310599	-54.3749955684
2.889	107.449788439	0.139437747199	11.5056670284	1142.04588839	-53.1249956357
2.909	107.999616901	0.142377375303	11.4687968092	1146.28962343	-53.7499955736
2.929	106.158356224	0.130247452018	11.3454845515	1107.91101756	-53.4374958322
2.949	108.161187217	0.142035182342	11.8109889622	1179.41582244	-55.624995558
2.969	107.332545297	0.139628672066	11.3147416432	1123.40540817	-54.3749956253
2.989	107.58140581	0.144151964252	11.1878602484	1116.91983193	-53.4374955477
3.009	106.637303462	0.131500211748	11.3569478931	1114.79555624	-52.4999958116
3.029	108.050292549	0.139066688523	11.8767254453	1182.31066984	-53.7499956305
3.049	107.380617865	0.139693148177	11.2502660508	1118.0201405	-53.1249956357
3.069	107.485846533	0.137727409978	11.8053179197	1168.72704172	-53.4374956615
3.089	107.58390493	0.138131027044	11.4017005986	1133.10960699	-54.0624956563
3.109	106.796622341	0.138323749994	11.2089773944	1107.34770622	-54.6874956511
3.129	107.399232649	0.14102175674	11.3592135089	1129.0282975	-54.0624955994
3.149	107.475320724	0.136607076358	11.5410885346	1143.75351801	-54.999995677
3.169	107.520978858	0.142258493434	11.5876784081	1152.07606536	-54.3749955684
3.189	106.222664871	0.132887134956	11.2570253755	1102.36831814	-54.6874957649
3.209	107.389622261	0.139588366546	11.3550476813	1127.68118128	-53.1249956357
3.229	107.467839232	0.140975709385	11.4052606005	1133.95882386	-54.6874955942
3.249	107.067795727	0.135198513612	11.5904938497	1142.98145909	-54.687495708
3.269	107.914458109	0.142136985387	11.7091867254	1167.41903751	-53.7499955736
3.289	106.2316932	0.136943655419	11.2045099728	1100.25312229	-53.7499956874
3.309	107.065392031	0.13996343576	10.9799779495	1090.06151403	-54.3749956253
3.329	107.269702313	0.139906962798	11.0364509112	1097.31590059	-54.3749956253
3.349	107.598018651	0.140771502015	11.6094679704	1153.98616615	-54.6874955942
3.369	107.750652047	0.141146823577	11.2341464076	1121.24459292	-54.6874955942
3.389	107.801546463	0.136728576146	11.4195889964	1136.1573405	-54.3749956822
3.409	108.287313752	0.140599811563	11.7811584216	1177.11686302	-54.6874955942
3.429	108.715250226	0.14217956503	11.666607082	1172.15630432	-53.7499955736
3.449	106.778030238	0.13678096736	11.3671980326	1120.63639841	-53.7499956874
3.469	108.319916831	0.14104916523	11.3318055483	1136.18019725	-52.8124956098
3.489	107.130793585	0.133971990327	11.4825723799	1133.02677792	-52.4999957547
3.509	108.127354061	0.145383692074	11.4790724021	1150.37172859	-52.499995527
3.529	106.83922136	0.134045298186	11.4092642796	1123.34353743	-53.1249957495
3.549	107.643254834	0.139574354715	11.369059253	1131.62572426	-53.7499956305
3.569	108.093167634	0.143848967534	11.4908564178	1150.2032288	-54.6874955373
3.589	108.104521308	0.141858662053	11.9875103288	1194.928766	-53.1249955787
3.609	107.051113059	0.134582294601	10.8722681057	1076.89142858	-52.4999957547
3.629	108.091008929	0.145496443928	11.3663197079	1139.57248546	-54.3749955114
3.649	107.197667649	0.135193754302	11.5952536503	1144.79752762	-53.4374957184
3.669	107.684830804	0.139737232191	11.2061822956	1117.1466305	-52.4999956408
3.689	107.529173746	0.138111951257	11.4207763857	1134.27129795	-54.0624956563
3.709	107.947790569	0.145362214093	11.5005503828	1150.44019626	-52.499995527
3.729	107.366412645	0.136784307775	11.3638578673	1126.50788067	-53.1249956926
3.749	106.874409605	0.135733340131	11.0556680666	1092.57615982	-52.8124957236
3.769	107.991450451	0.145150057485	11.7127064305	1170.42605645	-53.7499955166
3.789	108.515417645	0.145257850313	11.6049127626	1166.14640654	-55.6249955011
3.809	107.18905566	0.136916483103	11.231683039	1112.64017947	-51.8749957029
3.829	108.552992922	0.145223921425	11.6388427706	1169.68763563	-53.1249955218
3.849	108.380091809	0.13775121176	11.7815166466	1176.27776064	-52.1874956719
3.869	108.07925341	0.142332791264	11.5133813864	1151.23370743	-52.4999955839
3.889	107.920756272	0.138138179339	11.3945488131	1136.00327682	-52.8124956667
3.909	107.1565137	0.141031741217	11.3492300895	1125.56636493	-51.5624956202
3.929	107.571768822	0.139768602104	11.1748123831	1113.0995365	-52.4999956408
3.949	108.452445549	0.143813796395	11.5260283805	1157.27554043	-52.8124955529
3.969	108.507877793	0.1423157846	11.5303877815	1157.36823547	-53.1249955787
3.989	107.452997388	0.139538384196	11.4050302911	1132.90761879	-52.4999956408
4.009	108.546736426	0.146821530664	11.5943307384	1166.41619119	-52.1874955012
4.029	107.487475385	0.135205960864	11.5830478244	1146.78766588	-51.562495734
4.049	108.491177808	0.145315233674	11.5475313621	1160.57938744	-51.2499955374
4.069	107.331084085	0.139748683623	11.194731383	1112.43014079	-51.2499956512
4.089	107.653531038	0.138552115139	10.9806132678	1095.29669679	-52.1874956719
4.109	107.095533782	0.139786944269	11.1564709956	1106.49801625	-50.6249956564
4.129	108.499185521	0.142572713363	11.2734590187	1133.53096328	-53.1249955787
4.149	107.832889406	0.139722217225	11.2211970022	1120.06113775	-53.1249956357
4.169	107.395089136	0.139656431844	11.2869826428	1121.52524006	-52.4999956408
4.189	108.366773143	0.142313817519	11.5323554006	1156.04444392	-51.8749955891
4.209	109.237994139	0.143902927632	11.4368974177	1157.36077823	-52.1874955581
4.229	107.308850929	0.14135325127	11.0277200366	1097.73204194	-51.5624956202
4.249	107.2768163	0.137366003469	10.7821619236	1072.493605	-53.7499956874
4.269	107.064819708	0.142599161306	11.2470113451	1116.12850042	-52.4999955839
4.289	106.60894511	0.137199572328	10.9485938136	1080.95712319	-51.8749957029
