ATF	1.0
8	6     
"Type=Membrane Test"
"AcquisitionMode=Gap Free"
"Comment="
"FileStartTime=63885"
"FileStartDate=20220211"
"StopwatchTime=26104"
"DataType=Periodic"
"SignalsExported=Cm,Rm,Ra,Tau,Hold"
"Time (s)"	"Cm (pF)"	"Rm (GOhms)"	"Ra (MOhms)"	"Tau (µs)"	"Hold (pA)"
0.109	25.9665214817	0.79358582477	6.4142452495	165.220226297	-16.8749986941
0.129	43.3812580216	0.718769871416	8.50294751386	364.555914329	-13.749998777
0.149	42.9414595841	0.542758597925	8.96560191973	378.739788569	-13.4374989787
0.169	42.6241707341	0.583980907612	8.61175395712	361.73450388	-13.4374989218
0.189	42.0718626214	0.562661006934	8.76762791265	363.21072989	-13.7499989477
0.209	43.2773361323	0.630983899289	9.01617830696	384.6991825	-13.4374988649
0.229	42.9683618112	0.584026898351	8.56576321815	362.736653589	-13.4374989218
0.249	43.1883093846	0.606866125623	8.51856497972	362.809669391	-13.124998896
0.269	41.9903430656	0.507785259704	8.34383162715	344.696366811	-12.8124990409
0.289	42.639693048	0.524141774877	9.19161244778	385.172947834	-14.3749989994
0.309	41.6351194157	0.490495826294	9.50422574866	388.187748538	-13.7499990615
0.329	42.9669749498	0.562347466057	9.08116507307	383.989275153	-14.3749989425
0.349	41.9964524996	0.49124228998	8.7577997396	361.354345373	-14.9999981838
0.369	42.5961498622	0.543524501145	8.19973418174	344.086144244	-16.5624980854
0.389	41.8399918742	0.525095965725	8.23746770558	339.332290567	-14.9999981269
0.409	42.5754831432	0.543011345418	8.71289683829	365.097613138	-15.3124980958
0.429	42.5081558532	0.524165285235	9.16810208989	383.01976705	-14.3749989994
0.449	42.7744688066	0.562736909407	8.6917180065	366.128604115	-14.9999989373
0.469	42.9305514559	0.562702711951	8.72596839069	368.89016511	-15.6249980648
0.489	42.8243100315	0.543128265626	8.59597663027	362.381433637	-15.3124980958
0.509	42.8690368983	0.583908146878	8.68450669719	366.840395197	-14.6874989115
0.529	42.9178916753	0.583418416631	9.17423694384	387.643229311	-14.6874989115
0.549	43.7339363967	0.630961169843	9.03889376794	389.723386009	-15.3124988493
0.569	43.0213598737	0.584012800026	8.57984955197	363.772539664	-15.3124989063
0.589	43.0133256369	0.583965545113	8.62710446579	365.678176356	-15.3124989063
0.609	42.1546848602	0.525195020934	8.13836639054	337.835211827	-14.3749989994
0.629	42.6618671897	0.542626576472	9.09766232017	381.723299259	-15.9374980906
0.649	42.9714476615	0.562304157721	9.12446969321	385.830822465	-14.9999989373
0.669	42.9795786358	0.583514484096	9.07816548235	384.198468098	-15.3124989063
0.689	42.7720343179	0.543097956977	8.62628181464	363.194826538	-15.9374980906
0.709	42.5902958362	0.543033650623	8.69059163286	364.304617314	-15.3124980958
0.729	42.6437029276	0.543149410205	8.57478271045	359.977467307	-14.6874989684
0.749	43.2905661776	0.584095803554	8.49690294573	362.561518817	-15.9374980337
0.769	42.1636778854	0.524638549076	8.69488435425	360.631522787	-14.9999981269
0.789	42.7598348204	0.562763351677	8.66532866449	364.909216016	-15.6249980648
0.809	42.9211585101	0.562898307379	8.53032003524	360.665590092	-14.9999989373
0.829	42.8521506925	0.584020614345	8.57209215376	362.018970949	-15.9374980337
0.849	43.0583606918	0.562930030885	8.49864945641	360.495453135	-15.6249980648
0.869	42.5508341664	0.562671593279	8.7570341346	366.908790888	-14.9999989373
0.889	43.5314787846	0.606942649485	8.44202387709	362.452397928	-15.6249988752
0.909	42.8195528143	0.562659013633	8.76961378053	369.748040644	-14.9999989373
0.929	43.3564500845	0.606689490403	8.69518295902	371.66548926	-15.6249988752
0.949	42.8991310159	0.542531254597	9.19298419453	387.799912488	-15.9374980906
0.969	42.5778207868	0.542913631375	8.81061088083	369.145968581	-15.3124980958
0.989	42.7025609554	0.562748423101	8.6802535245	365.038428872	-16.2499980596
1.009	43.02280393	0.562896296078	8.53238426394	361.605872016	-15.6249980648
1.029	42.2175200463	0.524632294639	8.70113555408	361.347343941	-15.6249981217
1.049	42.8955931159	0.562849411969	8.57921544447	362.485362587	-14.9999989373
1.069	42.2649851702	0.524626380374	8.70704981892	361.995413801	-15.6249981217
1.089	42.7729900877	0.56267090261	8.75777401467	368.85508195	-16.2499980596
1.109	42.4560312165	0.524652636401	8.68079379176	362.553320109	-15.6249981217
1.129	42.3837526294	0.524634703291	8.69872690153	362.671401358	-15.6249981217
1.149	42.95414972	0.543024192365	8.70004642686	367.810235713	-15.9374980906
1.169	42.7445704222	0.542958566514	8.76567227808	368.731985504	-15.9374980906
1.189	42.7978114541	0.563160132691	8.26849472249	348.752976918	-14.9999989373
1.209	42.6422124886	0.542433654475	9.29058778131	389.500017018	-15.3124980958
1.229	42.7558514548	0.524684614657	8.64881553562	363.790804074	-15.6249981217
1.249	42.0101834879	0.507298866959	8.83025542319	364.61402692	-15.9374981475
1.269	43.2143157999	0.583603701008	8.98900549079	382.561289309	-15.9374980337
1.289	43.03034938	0.562914299432	8.51437719279	360.917555994	-16.2499980596
1.309	43.7799535202	0.63166926702	8.3307965913	359.974350748	-15.3124988493
1.329	42.5021871161	0.508005386325	8.12372999347	339.841738616	-17.1874981371
1.349	42.9219246725	0.562853681908	8.57499100034	362.53199745	-16.8749980544
1.369	42.5675486477	0.542479622995	9.24461579671	386.92685482	-15.9374980906
1.389	43.1177044106	0.562763005149	8.6656714757	367.977581089	-16.2499980596
1.409	42.7924930345	0.543428567864	8.29567092729	349.654809252	-15.9374980906
1.429	43.2514585507	0.584004877518	8.58782898166	366.053292225	-15.9374980337
1.449	42.8408817497	0.563298109017	8.13056760772	343.364607809	-16.2499980596
1.469	43.2701177496	0.583957018851	8.6356836516	368.221705627	-16.5624980285
1.489	42.9983987448	0.562746196464	8.68247644441	367.660045362	-16.8749980544
1.509	42.7306239765	0.563194323243	8.23435338249	346.788728317	-16.2499980596
1.529	42.899780812	0.543120785155	8.60345363691	363.330833611	-15.9374980906
1.549	43.5977636952	0.631403180555	8.5969447867	369.772880857	-16.5624979716
1.569	42.3409890235	0.52454780687	8.78562332334	365.864141646	-15.6249981217
1.589	42.9133984949	0.562642884818	8.78579180715	371.231326489	-16.2499980596
1.609	42.6626131046	0.542533160001	9.19107532608	385.583112179	-16.5624980854
1.629	42.5650087199	0.543550355718	8.17388307363	342.766892906	-15.9374980906
1.649	43.0264020141	0.562813523596	8.61515302914	365.090489564	-16.2499980596
1.669	43.0631024991	0.607248018754	8.13671599161	345.759292239	-16.2499980026
1.689	42.9974443074	0.562776221189	8.65245915215	366.400371455	-15.6249980648
1.709	42.2793423705	0.524670363094	8.66306386196	360.319252833	-16.2499981165
1.729	42.8021489626	0.562119882267	9.30879807446	391.945873458	-15.6249980648
1.749	42.5383053969	0.542949055763	8.77518302858	367.344368572	-15.9374980906
1.769	43.1637462326	0.584113861304	8.47884519481	360.742281019	-15.9374980337
1.789	42.6443689638	0.543040532792	8.6837094641	364.482899021	-15.3124980958
1.809	43.4856964977	0.606234838091	9.14983527097	391.970984933	-15.6249988752
1.829	42.4434034673	0.542541483379	9.18275541288	383.260538211	-15.9374980906
1.849	42.6831839978	0.542980952464	8.74328979195	367.277403799	-15.3124980958
1.869	42.5481695281	0.543086793382	8.63739953361	361.752135641	-14.6874989684
1.889	42.7129132799	0.543107435651	8.61679967579	362.300453631	-16.5624980854
1.909	42.3162215193	0.507949784843	8.17934057154	340.63368058	-15.3124981527
1.929	43.0119627722	0.583878221033	8.71448546651	369.315032445	-15.9374980337
1.949	42.792946641	0.563243305019	8.18537532241	345.258829725	-15.6249980648
1.969	42.5055360899	0.542442565419	9.28167337295	387.885438667	-15.9374980906
1.989	42.73708391	0.54304015069	8.68409156587	365.291152742	-15.3124980958
2.009	42.9645625941	0.562620382465	8.80829044416	372.610813665	-16.8749980544
2.029	42.4195202923	0.525038018703	8.29541148941	346.414157161	-15.6249981217
2.049	42.6946847045	0.562251173353	9.17750698874	385.537716648	-15.6249980648
2.069	43.7240093454	0.630920329529	9.07973408182	391.370072124	-15.3124988493
2.089	41.8477554182	0.491766557926	8.23352610307	338.880789179	-16.2499981734
2.109	42.6090243939	0.542837197861	8.88704093037	372.568648688	-15.9374980906
2.129	42.4924591997	0.542531371452	9.19286734001	384.118877339	-15.9374980906
2.149	42.9711957171	0.562719399999	8.70927662653	368.544029681	-16.2499980596
2.169	42.5431901153	0.543018588209	8.70565058313	364.522144538	-15.9374980906
2.189	43.1364445851	0.583999520579	8.59318591986	365.304265556	-15.9374980337
2.209	43.0721002721	0.562779054066	8.64962255873	366.91806949	-16.2499980596
2.229	43.1375910901	0.562238751354	9.18992527137	390.055686129	-16.2499980596
2.249	43.110157275	0.56230037075	9.12830587519	387.236360805	-16.2499980596
2.269	43.3158269004	0.58351557913	9.07712337245	387.160466382	-16.5624980285
2.289	42.463787067	0.524553537307	8.77988964838	366.689772231	-16.2499981165
2.309	42.7059181703	0.562771788937	8.65689140442	364.099697165	-15.6249980648
2.329	42.6541990845	0.524054249121	9.27917459731	388.909528091	-16.8749981113
2.349	42.8666751911	0.562742797877	8.68587874796	366.675148825	-16.2499980596
2.369	42.9248018598	0.562746140145	8.68253647977	367.033250098	-16.2499980596
2.389	43.555812148	0.605665159101	9.71957564515	416.65758553	-16.2499980026
2.409	42.9883015477	0.562796870076	8.63181026514	365.46165083	-15.6249980648
2.429	43.1394761309	0.583868794196	8.72390830631	370.804438847	-16.5624980285
2.449	43.0517320438	0.562865471113	8.56320551211	363.136222883	-16.2499980596
2.469	42.5719198701	0.542957908894	8.76632643356	367.269595557	-16.5624980854
2.489	43.3195396334	0.583375742339	9.21696016299	393.064308724	-16.5624980285
2.509	42.5086136412	0.543005708485	8.71852337783	364.755806624	-17.1874980802
2.529	43.1216561407	0.583993531486	8.5991710161	365.429628062	-16.5624980285
2.549	42.3048742678	0.524570999571	8.76242414678	364.602931279	-16.8749981113
2.569	43.3514335473	0.562232500365	9.1961725438	392.251391421	-16.8749980544
2.589	42.6758802643	0.543026868206	8.69736712167	365.316717965	-16.5624980854
2.609	43.5771595234	0.606851035188	8.53369955749	366.717508469	-16.2499980026
2.629	42.5532389486	0.543086951569	8.63728375794	361.790464827	-16.5624980854
2.649	43.0312938699	0.563260635853	8.16804077243	346.457264066	-16.2499980596
2.669	41.6262732174	0.476492619661	8.3559463589	341.832409754	-15.9374982044
2.689	42.5422784142	0.524654366292	8.67906066305	363.218496789	-16.2499981165
2.709	42.199860603	0.507944051983	8.18507343112	339.931263295	-15.3124981527
2.729	42.9957416452	0.562782073394	8.64660323128	366.14170483	-16.2499980596
2.749	42.7201504649	0.543045762586	8.67847620618	364.914075909	-15.9374980906
2.769	42.8323568148	0.542507003726	9.21723506526	388.200347861	-15.9374980906
2.789	42.7098490123	0.542880885748	8.84335304324	371.644308343	-15.9374980906
2.809	42.6953328233	0.543554724245	8.16951454632	343.635374297	-15.9374980906
2.829	42.8203388618	0.543013999192	8.71023613569	367.086990451	-16.5624980854
2.849	43.0183269184	0.562237066654	9.19161368754	389.04758049	-15.6249980648
2.869	43.2274658888	0.562993001197	8.43567914464	359.269865533	-15.6249980648
2.889	42.7881075169	0.543402916568	8.32132222324	350.68348892	-15.9374980906
2.909	43.5691413589	0.582873031692	9.71967480687	416.532023328	-15.9374980337
2.929	42.874820396	0.543081964471	8.64227778479	364.731983731	-15.3124980958
2.949	42.202318062	0.52513747375	8.19595644261	340.572950446	-15.6249981217
2.969	42.9603168354	0.583873156955	8.71949262342	369.080363282	-15.3124989063
2.989	43.0795742756	0.562318850713	9.10977670048	386.188896746	-14.9999989373
3.009	42.7974883128	0.543496064774	8.22817748241	346.893586015	-15.3124980958
3.029	42.4570074354	0.524542757268	8.79067292466	367.073970427	-15.6249981217
3.049	42.7104352979	0.543006614679	8.71762757675	366.45053709	-15.3124980958
3.069	43.3105516056	0.562865486283	8.5631940584	365.318853842	-15.6249980648
3.089	42.8450946148	0.543055601034	8.66863429298	365.572925095	-16.5624980854
3.109	43.0078078468	0.583954029983	8.63861959574	366.11207803	-15.3124989063
3.129	42.9579870497	0.54309012381	8.63411498189	365.099797159	-15.9374980906
3.149	42.9581962807	0.562225782273	9.20289806852	388.972925364	-15.6249980648
3.169	42.6571637715	0.524534199301	8.79922765493	369.157363219	-16.2499981165
3.189	42.8980487236	0.562713209106	8.71547123536	368.174315299	-15.6249980648
3.209	43.269245443	0.562261659265	9.16701735997	390.286756005	-16.2499980596
3.229	42.6568562929	0.543376922941	8.34730892195	350.682798535	-17.1874980802
3.249	43.8586769084	0.630953667294	9.04645804695	391.157362863	-16.5624979716
3.269	42.6768704206	0.562735386241	8.69328666764	365.358118764	-16.8749980544
3.289	43.6820783871	0.583575371399	9.01733510019	387.902122642	-15.9374980337
3.309	42.9038143978	0.56273821995	8.69045667529	367.18327004	-16.2499980596
3.329	43.0790410752	0.562907774128	8.52089878031	361.598526437	-16.8749980544
3.349	42.4936628006	0.507011335108	9.11778121088	380.60338223	-17.1874981371
3.369	43.3782022389	0.583882683951	8.71002254792	372.271785444	-15.9374980337
3.389	42.761778863	0.525156822427	8.17659805357	344.285415312	-17.4999981061
3.409	42.6121388844	0.524087847	9.24557671807	387.144084737	-16.8749981113
3.429	42.2580277496	0.491155531488	8.84455254159	367.141985621	-16.2499981734
3.449	43.2781854067	0.542625609378	9.09862594906	387.278225325	-16.5624980854
3.469	42.4022121935	0.507435115154	8.69400419719	362.435321866	-16.5624981423
3.489	43.5925700666	0.606775523221	8.60920721464	370.047072482	-16.8749979975
3.509	42.7507076257	0.524588687999	8.74473895607	367.714092727	-16.2499981165
3.529	42.5897479418	0.524194973151	9.13845380437	382.535582465	-16.2499981165
