ATF	1.0
8	6     
"Type=Membrane Test"
"AcquisitionMode=Gap Free"
"Comment="
"FileStartTime=46438"
"FileStartDate=20210924"
"StopwatchTime=10144"
"DataType=Periodic"
"SignalsExported=Cm,Rm,Ra,Tau,Hold"
"Time (s)"	"Cm (pF)"	"Rm (GOhms)"	"Ra (MOhms)"	"Tau (µs)"	"Hold (pA)"
0.109	31.1351152573	1.99039133518	9.60899154727	297.739664649	-25.6249974126
0.129	50.5034082597	1.22459319808	6.17627765897	310.357772102	-22.1874975834
0.149	50.4873537288	1.06045382482	6.21302083609	311.851892817	-22.8124976351
0.169	50.6644482893	1.1367179883	6.13939263758	309.377996032	-21.2499976196
0.189	50.3455293076	1.13665409281	6.20330298745	310.613396121	-20.6249976248
0.209	49.3521905743	0.882636675488	6.25237744151	306.398075704	-20.6249977387
0.229	50.4021093365	1.1367394271	6.11790924082	306.704850991	-23.1249976041
0.249	50.8312725772	1.13663994561	6.21742046433	314.320063612	-21.8749976145
0.269	49.7635045912	1.0603922284	6.27466905788	310.412714351	-20.3124976559
0.289	49.9060673479	0.99382907989	6.17109798465	306.07468664	-21.8749976714
0.309	49.5175522906	0.934933065834	6.24356036639	307.114888289	-22.1874976972
0.329	51.2642199551	1.44847750029	6.06823348606	309.785444908	-23.4374975161
0.349	51.7262625283	1.44854489858	6.00083519576	309.120195536	-23.4374975161
0.369	51.0004312838	1.32724864253	6.08494175231	308.918377752	-23.1249975472
0.389	49.6563754926	0.993766081354	6.2340965206	307.632794665	-21.8749976714
0.409	50.7275106895	0.993825975426	6.17420244868	311.268148992	-21.8749976714
0.429	50.5445292934	1.13667289022	6.18446098331	310.899115444	-22.4999976093
0.449	50.4520095948	0.993902443797	6.09773407714	305.767013672	-21.8749976714
0.469	48.8332488171	0.755540543932	6.36433465627	308.195041036	-21.5624978162
0.489	50.5945581192	1.06060670851	6.06017598895	304.869937047	-20.9374976507
0.509	49.9788768539	0.93489426443	6.28239201602	311.891021758	-20.3124977128
0.529	50.4661778425	1.13662549275	6.23185845897	312.783158527	-22.4999976093
0.549	50.0322511481	0.993770211076	6.2299895612	309.758512512	-20.6249976818
0.569	50.6685948479	1.06047641933	6.19047812786	311.842463372	-20.3124976559
0.589	50.6075298543	1.06043831632	6.22859407827	313.373131284	-19.6874976611
0.609	50.0546608953	0.934912699831	6.26393645153	311.452476244	-21.5624977024
0.629	50.986489868	1.22466811184	6.10117008908	309.535174649	-19.6874984715
0.649	51.6440343621	1.99396782373	6.03212778501	310.583840061	-21.2499983163
0.669	51.7403332945	1.44850178894	6.04372230293	311.404901891	-19.6874984146
0.689	50.5872628714	0.993913801277	6.08639936043	306.020317187	-20.6249976818
0.709	51.1713224963	1.13676506541	6.09234525526	310.09146872	-19.99999763
0.729	50.0337706504	0.99376493576	6.23525349624	310.028011489	-21.2499976766
0.749	50.4222693412	1.13659508211	6.26232856209	314.030594628	-19.99999763
0.769	50.4822112614	0.993801792296	6.19838557852	310.968684862	-21.8749976714
0.789	50.5401557803	0.934987532201	6.18911416348	310.741850187	-20.9374977076
0.809	49.4746163153	0.83583115097	6.27426592436	308.104079359	-20.3124977697
0.829	51.19381279	1.22472781985	6.04169037662	307.77886578	-20.9374975938
0.849	50.5424189338	0.993855154433	6.14503482297	308.676369571	-21.2499976766
0.869	50.4727543808	1.3270561829	6.27746208279	315.349085098	-21.2499975627
0.889	49.5521006439	0.755534329936	6.37054865228	313.034608556	-21.5624978162
0.909	50.7477506584	1.13676676491	6.09061602916	307.43786031	-21.2499976196
0.929	50.2665580413	0.993813394069	6.18680656832	309.065440138	-20.6249976818
0.949	50.5413240547	0.993876952608	6.12323664811	307.581490283	-21.2499976766
0.969	50.4832902671	1.0604867833	6.18010120365	310.184210972	-20.9374976507
0.989	50.2632728327	0.934988940061	6.18770630341	308.969625842	-20.9374977076
1.009	49.9251803609	0.935077451556	6.09918472591	302.529602208	-21.5624977024
1.029	49.8225826176	0.88275684735	6.13217860047	303.41327744	-22.4999977231
1.049	50.7571970788	1.22459268426	6.17680872557	311.944061324	-21.5624975886
1.069	50.5113311233	1.06047866584	6.18820571062	310.761124913	-21.5624976455
1.089	50.4704137232	0.934997649411	6.17897678985	309.80813307	-22.1874976972
1.109	50.6776039158	1.22457291884	6.19653965761	312.444760723	-22.8124975782
1.129	50.9157596402	1.06056671947	6.10016503837	308.818276658	-20.9374976507
1.149	49.7491501092	0.882696691996	6.19234294723	305.917707883	-21.8749977283
1.169	50.6736389297	1.13679455017	6.06283076425	305.595872148	-21.2499976196
1.189	50.4873873877	1.06050656075	6.1602978578	309.221132681	-22.1874976403
1.209	50.4742835738	0.993859529611	6.14063688172	308.040992533	-22.4999976662
1.229	48.0922086704	0.660214356315	6.45247890766	307.310521385	-21.8749970316
1.249	51.2820983132	1.13673261764	6.12474842689	312.406694609	-21.8749976145
1.269	49.5083909739	0.882589162493	6.29989942853	309.687343471	-19.9999977439
1.289	50.9855737603	1.06060546796	6.06137769196	307.286671024	-22.8124976351
1.309	50.5693547394	0.882794167994	6.09485795646	306.099705416	-22.4999977231
1.329	50.4876647328	0.935051699257	6.12492694324	307.220850297	-22.1874976972
1.349	50.3413781796	0.882730154616	6.15888032803	307.898292244	-21.8749977283
1.369	50.5604123	1.06047760067	6.18923203455	311.114376447	-23.4374976299
1.389	51.1631351521	1.13677951538	6.07780609871	309.305906902	-23.7499975989
1.409	51.3836598618	1.13673793564	6.11958267744	312.762808869	-24.9999967211
1.429	51.5545573951	1.3273045658	6.02905895435	309.419977414	-21.8749975575
1.449	50.4780459288	0.835919975916	6.18552363915	309.939697954	-23.4374968764
1.469	50.2685880267	0.882771185144	6.11783181437	305.418140668	-23.1249977179
1.489	51.1931163515	1.06052387406	6.14294569683	312.665460056	-24.0624976247
1.509	50.9468434747	1.13666949786	6.18783847902	313.543957616	-23.1249976041
1.529	50.5638453299	0.835938141734	6.16733360834	309.56024789	-25.3124968608
1.549	50.2716840966	0.993811467335	6.18871053922	309.19148909	-21.8749976714
1.569	50.9059770976	1.06061390647	6.05296508677	306.383559113	-21.5624976455
1.589	50.2462214857	0.934930834635	6.24579156595	311.744819734	-22.1874976972
1.609	50.7336031791	0.935040431649	6.13617438749	309.280591937	-23.4374976868
1.629	51.455043007	1.13677139333	6.08597274052	311.486373617	-21.8749976145
1.649	50.3769842471	0.935051025022	6.12559109675	306.580374599	-22.812497692
1.669	51.4960013432	1.44848986316	6.05594285751	310.55843813	-21.5624975317
1.689	50.8390081245	1.13686275687	5.99459433335	303.160685848	-22.4999976093
1.709	50.1462614441	0.934917550781	6.25908550131	311.782417196	-21.5624977024
1.729	50.4663067918	1.06052707872	6.13977988167	308.068493743	-22.1874976403
1.749	50.3175823711	0.99382422529	6.17595258428	308.839770354	-21.8749976714
1.769	50.1126761551	1.06053478946	6.13209504284	305.529099899	-20.9374976507
1.789	50.8873942716	1.22463432189	6.13520557451	310.648330744	-20.312497599
1.809	51.6309828281	1.1367712162	6.08614987043	312.560484496	-21.8749976145
1.829	49.264600386	0.793684374317	6.31574116833	308.686096061	-22.49999778
1.849	50.3948925475	0.993837583721	6.16260553506	308.649961652	-21.2499976766
1.869	49.3732428178	0.882757055278	6.13197067318	300.666730031	-22.4999977231
1.889	50.8773146531	0.993972516725	6.0276497681	304.822131003	-22.4999976662
1.909	50.3976287931	1.13669834847	6.15901759786	308.727094407	-21.8749976145
1.929	50.228521346	0.882722605154	6.16641180353	307.581085898	-23.1249977179
1.949	49.8749996697	0.993719983901	6.28018259159	311.257000439	-22.4999976662
1.969	50.4652757194	0.994014040591	5.98612590146	300.283136692	-22.4999976662
1.989	49.1690935623	0.755610455299	6.29441668243	306.933929383	-22.187497811
2.009	50.531415372	1.06066614036	6.0006923413	301.517648611	-23.4374976299
2.029	50.0795992918	0.935012238512	6.16439777068	306.688617414	-21.5624977024
2.049	50.7827168587	0.993928286435	6.07188005768	306.474322717	-22.4999976662
2.069	49.8010365376	0.755680290677	6.22466218411	307.462013955	-24.0624969281
2.089	50.1882236048	0.882745525838	6.14360120656	306.205348586	-24.9999968349
2.109	50.6675109814	1.06055256371	6.11428194303	308.019657124	-22.8124976351
2.129	49.480181107	0.793866907224	6.1333119992	301.150737258	-23.1249969074
2.149	50.7140535173	1.06052538639	6.1414592607	309.665036027	-22.8124976351
2.169	50.2915811635	1.06044608895	6.22076965211	311.02779623	-22.1874976403
2.189	50.7773486337	0.993835315763	6.16487349252	311.106104066	-21.2499976766
2.209	50.6366571158	1.22462183625	6.14763949178	309.741003599	-22.1874975834
2.229	51.0780699648	0.993882291596	6.11787489664	310.577472235	-22.4999976662
2.249	51.6105164335	1.06065433584	6.01249686256	308.558950011	-23.4374976299
2.269	50.3101345147	1.06050629321	6.16061719315	308.151388707	-19.6874976611
2.289	50.3970129568	0.882725638901	6.16338704937	308.462542797	-22.4999977231
2.309	50.7371259352	1.06062235363	6.0444920214	304.942285317	-22.8124976351
2.329	49.7438183082	0.934913431037	6.26321532694	309.482942795	-20.9374977076
2.349	50.0515521511	0.835892276822	6.21311585862	308.681687813	-22.1874977541
2.369	50.7234273618	1.22471155743	6.05791830755	305.765937341	-22.1874975834
2.389	51.0627931678	1.13677527413	6.08207707975	308.915058885	-22.4999976093
2.409	50.8433870393	0.993947142703	6.0530465525	305.894519188	-21.2499976766
2.429	49.9212503482	0.993801881144	6.19827396735	307.507682191	-23.124997661
2.449	50.2198044575	0.882631196323	6.25783862029	312.05496797	-21.8749977283
2.469	49.7067108786	0.934949154133	6.22748214935	307.49947116	-21.5624977024
2.489	50.8851145316	0.993843139708	6.1570267846	311.3720107	-22.4999976662
2.509	50.594082827	1.1366606457	6.19672037267	311.817452008	-21.8749976145
2.529	50.1797317553	0.882784672537	6.10438039218	304.212566771	-20.6249977387
2.549	50.0531564156	0.882684926389	6.20410855467	308.3677978	-21.8749977283
2.569	51.0363510987	0.935189225807	5.98741047571	303.631626702	-21.5624977024
2.589	50.7609375176	1.13672426203	6.13310404422	309.651411967	-21.8749976145
2.609	51.2964723133	1.06059724981	6.06962174094	309.578517199	-21.5624976455
2.629	49.3552907837	0.75559606772	6.30888514047	308.798532661	-24.0624969281
2.649	50.7111227118	1.32729498674	6.03865824432	304.840238787	-21.2499975627
2.669	49.2975825231	0.835778678138	6.32673068546	309.54928219	-20.9374977645
2.689	50.0288005364	0.835915083907	6.19030877426	307.417167299	-22.1874977541
2.709	50.3726824379	0.99370336984	6.29680803383	315.189845464	-21.8749976714
2.729	49.6679154007	0.793763644676	6.23647809291	307.338157981	-21.8749977852
2.749	50.1523717135	0.835912203344	6.19319740821	308.319229412	-21.5624977593
2.769	49.0632659399	0.75570860027	6.1963658046	301.541480641	-22.8124969385
2.789	49.0821384189	0.720962966659	6.30987178553	307.015003412	-21.2499978473
2.809	51.0501275815	1.13680578787	6.05156333849	307.297243704	-22.4999976093
2.829	50.0457347551	0.882727628013	6.16141592304	306.215212766	-21.2499977335
2.849	50.3125807422	0.934984458794	6.19217748825	309.494720653	-21.5624977024
2.869	50.0167990981	0.835798261857	6.30713889481	313.100168242	-21.5624977593
2.889	51.1557655457	0.994060914209	5.93926366548	302.023067802	-21.8749976714
2.909	50.1928611875	0.835951469528	6.15393122396	306.626159886	-21.5624977593
2.929	51.2477788193	1.0605902471	6.07661150786	309.638778911	-22.1874976403
2.949	50.6860930492	0.835936230034	6.16917071765	310.400420285	-21.5624977593
2.969	50.395278353	0.934943623697	6.23300250303	312.033656715	-22.1874976972
2.989	50.2880886536	0.882692912833	6.19611311768	309.418703577	-22.4999977231
3.009	49.9004580568	0.793914453005	6.08576621794	301.372346494	-23.1249969074
3.029	51.0257216857	1.22469171593	6.07774256563	308.589770997	-22.8124975782
3.049	50.1760389439	0.835873962507	6.23143017358	310.354791886	-22.1874977541
3.069	50.8222584774	0.935076446303	6.10016981594	308.015005826	-22.812497692
3.089	49.5884806666	0.755732275924	6.17259605693	303.609865313	-22.187497811
3.109	50.5453438708	0.935008197951	6.1684383314	309.742403278	-21.5624977024
3.129	50.2439806313	0.835896202482	6.20919019877	309.674115991	-22.1874977541
3.149	50.6461001331	0.835994470098	6.1109225825	307.248483008	-22.1874977541
3.169	49.3852487501	0.689430368745	6.22198425739	304.525948718	-22.1874970006
3.189	50.053745134	0.882606852183	6.28218276029	312.224436513	-21.8749977283
3.209	50.2001069872	0.835999240488	6.10615219282	304.306831263	-22.1874977541
3.229	49.5455963157	0.755557006042	6.34786593899	311.888450275	-22.187497811
3.249	49.3120542897	0.60911790176	6.26684695747	305.884040861	-23.749997073
3.269	50.3310485343	0.993982438246	6.01772824685	301.055931821	-22.4999976662
3.289	49.1912037218	0.660391029368	6.27578562094	305.807320504	-24.3749970109
3.309	50.5129114213	1.22463732398	6.1321172757	308.207810119	-23.437497573
3.329	50.3931419093	0.882727336249	6.16169869425	308.354947684	-21.8749977283
3.349	50.2395103233	0.882683816837	6.20522709957	309.571298772	-21.2499977335
3.369	49.7247667001	0.689426609012	6.22566555005	306.799305544	-21.5624978731
3.389	50.4724011422	0.882750317742	6.13872619457	307.696501469	-21.2499977335
3.409	50.7179794826	0.793912751523	6.08736396211	306.389544062	-22.49999778
3.429	50.0728815983	0.993939446966	6.06073090851	301.638961431	-21.8749976714
3.449	50.5780667982	0.882706788788	6.18222816986	310.510422344	-23.1249977179
3.469	49.7631402422	0.79387406008	6.12606997351	302.51804508	-21.2499977904
3.489	50.2620509012	0.79381151463	6.18862270719	308.646633866	-20.6249977956
3.509	49.2705681842	0.660496121009	6.17064217297	301.216946141	-21.2499979042
3.529	50.9725167068	0.993905370683	6.09480719102	308.774202209	-21.8749976714
3.549	49.8434103543	0.689460903225	6.19143876257	305.855802397	-23.4374969902
3.569	50.4153917532	1.06043338658	6.23345907349	312.425774224	-22.8124976351
3.589	49.3315244931	0.68935136025	6.30099275285	308.022112633	-22.1874970006
3.609	50.2985183145	0.755742641876	6.16231098481	307.448185332	-24.0624969281
3.629	50.5090270352	0.935052166504	6.12443953305	307.326543103	-23.4374976868
3.649	51.5888162332	1.06066119411	6.00562565	308.078729213	-24.0624976247
3.669	49.9026420051	0.793899414522	6.10070096277	302.11946635	-22.49999778
3.689	49.830221354	0.755696557219	6.20831476237	306.840892281	-22.187497811
3.709	50.7813813859	0.835985118358	6.12029046514	308.537981716	-20.9374977645
3.729	49.5441945114	0.882670095166	6.21894877014	305.957152914	-21.2499977335
3.749	50.698979196	0.882727674301	6.16137862783	310.210359834	-20.6249977387
3.769	49.8763374594	0.68949446719	6.15788030473	304.413794213	-22.8124969954
3.789	50.9516841721	0.935126191516	6.05043468435	306.298033761	-22.1874976972
3.809	50.1561285137	0.835976443023	6.12894965834	305.167058674	-22.1874977541
3.829	51.0208362021	0.935126942513	6.04969376938	306.676427801	-21.5624977024
3.849	50.1825166017	0.793875037912	6.1250921413	305.019182054	-21.2499977904
3.869	50.9155686809	0.935049125021	6.12750117965	309.954037158	-22.1874976972
3.889	49.817525589	0.721014107447	6.2588046917	309.114873336	-23.1249969643
3.909	50.488478197	0.934989242248	6.18741419831	310.33941498	-20.3124977128
3.929	50.2148223747	0.793882151454	6.11797859876	304.863804217	-21.2499977904
3.949	50.3238259823	0.835972429997	6.13295461278	306.385997406	-22.8124977489
3.969	50.1646779538	0.793858082782	6.14204727067	305.74826161	-21.2499977904
3.989	50.8135337754	1.06052201018	6.14487432216	310.444004937	-20.9374976507
4.009	50.1930443833	0.755678954073	6.22591790851	309.944193326	-22.187497811
4.029	49.68452347	0.835902439298	6.20295338328	305.920647796	-22.1874977541
4.049	49.8795923819	0.793803734209	6.19639584437	306.679770614	-21.2499977904
4.069	49.1612634498	0.660472726406	6.19409870036	301.680473842	-23.1249970212
4.089	49.5385886305	0.609190798908	6.19395411969	303.751349954	-23.1249970781
4.109	50.3172345919	0.835828805935	6.27659481731	313.466937	-21.5624977593
4.129	50.0553817002	0.721075785916	6.1971141832	307.555701619	-24.3749969539
4.149	49.7770518605	0.882647625881	6.24140007013	308.497042931	-22.4999977231
4.169	49.659583815	0.721056410218	6.216422207	306.066259666	-21.8749978421
4.189	50.6208121491	0.993896853302	6.10332457239	307.069592851	-21.8749976714
4.209	50.9085221129	0.882827682823	6.06136111352	306.470754514	-21.2499977335
4.229	49.4748528908	0.755657361737	6.24751024441	306.56011865	-22.187497811
4.249	50.6857770155	0.882760756238	6.12827870526	308.475080284	-21.8749977283
4.269	50.075635258	0.835868265235	6.23712744629	310.014833452	-22.1874977541
4.289	50.4283551573	0.835950963637	6.15453591871	308.094831349	-23.4374968764
4.309	50.8468897442	0.993803109916	6.19703381408	313.147210662	-23.7499976558
4.329	50.5318006732	0.882745989449	6.14304549491	308.273866993	-21.8749977283
4.349	51.3108348976	0.935114906277	6.06170984136	309.028174743	-22.812497692
4.369	51.0398966814	0.882797023819	6.09199313901	308.803712137	-23.1249977179
4.389	49.2680532437	0.75565930145	6.24565801808	305.188970858	-23.4374969333
4.409	50.112823462	0.755614352578	6.29051940316	312.63300618	-22.187497811
4.429	49.8298625939	0.60914830832	6.23645332854	307.612281458	-21.8749970885
4.449	50.5854582222	0.993824591192	6.17558668269	310.465660804	-21.8749976714
4.469	50.5034402024	0.793818965624	6.18116442896	309.75810036	-21.2499977904
4.489	49.9290777361	0.755629731936	6.27514004499	310.731480214	-22.187497811
4.509	50.8873010519	0.755775900313	6.12897166793	309.377923269	-22.187497811
4.529	49.8140020797	0.660380929535	6.28589051241	310.172956114	-23.749997016
4.549	50.1649404347	0.793712106758	6.28800872685	312.958240748	-22.49999778
4.569	49.704495454	0.721044789094	6.22804935063	306.911095415	-21.2499978473
4.589	51.5168941943	0.993908701668	6.09146482477	311.901766208	-22.4999976662
4.609	50.3895855406	0.721018822558	6.25409560024	312.431265816	-22.4999969695
4.629	49.8895027959	0.755637528406	6.26735018226	310.102952582	-21.5624978162
4.649	49.5991212996	0.755606486558	6.29839203025	309.812256232	-21.5624978162
4.669	50.2665851414	0.835854735615	6.25066513681	311.867393408	-21.5624977593
4.689	51.1008743458	0.934995795251	6.18082086801	313.771155846	-22.812497692
4.709	49.4469178236	0.75566061835	6.24425363158	306.22863579	-22.187497811
4.729	50.1748985282	0.755744544611	6.16033397707	306.594971034	-21.5624978162
4.749	50.4378763765	0.793739385651	6.26073711759	313.307029107	-21.8749977852
4.769	50.2226253136	0.721045070612	6.22776783225	310.096503205	-21.2499978473
4.789	50.1543196509	0.935003031856	6.17360442613	307.601906967	-21.5624977024
