ATF	1.0
8	6     
"Type=Membrane Test"
"AcquisitionMode=Gap Free"
"Comment="
"FileStartTime=64626"
"FileStartDate=20210603"
"StopwatchTime=12467"
"DataType=Periodic"
"SignalsExported=Cm,Rm,Ra,Tau,Hold"
"Time (s)"	"Cm (pF)"	"Rm (GOhms)"	"Ra (MOhms)"	"Tau (µs)"	"Hold (pA)"
1.007	29.2330674369	1.28886423477	7.33831882989	213.307077197	-43.4326172806
2.007	29.461799183	1.33352965127	7.22329352092	211.664704747	-43.5546872615
3.007	29.3342440611	1.31945855342	7.18112118207	209.512494715	-44.1101076423
4.131	6.27420482702	1.22577653578	5.17779595958	32.3499033531	-44.3786612816
4.281	28.5192840375	0.939189074677	7.31585407964	207.030249357	-44.7692872703
4.431	28.5147008197	0.926226546381	7.33468839698	207.503249333	-44.4763189488
4.581	28.5015588927	0.921983391825	7.34160469106	207.594139895	-44.2321783163
4.731	28.4679346839	0.881637211451	7.34819456566	207.458812936	-43.2556149316
4.881	28.5788918735	0.974358860001	7.30688530455	207.268343957	-43.4265132214
5.031	28.5454190597	0.951364541359	7.32482622555	207.492688913	-42.9870600897
5.181	28.4923251626	0.918335877281	7.31381973043	206.741199621	-42.5415045318
5.331	28.6093416606	0.987475374758	7.30308013249	207.402426772	-43.0847164355
5.481	28.5819037898	0.990507973711	7.29965869857	207.111809104	-43.2006831272
5.631	28.4800228574	0.894398582836	7.30750788081	206.431384412	-42.2546392986
5.781	28.5428743574	0.944150713793	7.30119047826	206.797779263	-42.9687492202
5.931	28.5687604604	0.964478348411	7.28921573033	206.681823701	-43.0419918348
6.081	28.4921301205	0.92360983699	7.29923217665	206.339980682	-42.7978521955
6.231	28.4906184025	0.927853944176	7.30586932925	206.522588014	-43.0175785477
6.553	39.3025972258	1.05648396208	8.10342647611	316.061457378	-42.9504398168
6.803	28.7969721278	1.1792181162	7.16857014133	205.185772287	-42.4377443339
7.053	28.4015766741	1.15809416263	7.19739401853	203.154759519	-42.7246100199
7.303	28.3654165969	1.25699883114	7.19876245441	203.033136511	-42.4316404703
7.553	28.2985236988	1.18783097271	7.20929434686	202.78164568	-42.2912589747
7.803	28.3584939088	1.26190869775	7.18498162918	202.601696128	-43.1213384123
8.053	28.2309947891	1.14013547412	7.20341428746	202.082785376	-42.395020169
8.303	28.2393676565	1.12506094785	7.2127448494	202.385861613	-42.5109864333
8.553	28.2389610975	1.13853511971	7.19912211577	202.018338213	-43.3349613959
8.803	28.1591906675	1.09831454093	7.21863228357	201.94357604	-43.4814447062
9.053	28.336805029	1.21097819674	7.1631500016	201.787178176	-43.6706539871
9.303	28.1787735914	1.07354279215	7.19613798025	201.428136187	-43.3349600092
9.553	28.2847704562	1.13295389693	7.19932244275	202.345384896	-42.3889153544
9.803	28.2140615925	1.11963189158	7.19063679074	201.582441905	-42.1264653694
10.053	28.26261524	1.13615031026	7.18537542912	201.801245932	-42.0104981287
10.303	28.2175951505	1.10510056014	7.18739714807	201.50053568	-41.3024896484
10.553	28.3214491586	1.18009374169	7.15258606818	201.351206553	-42.1020513947
10.803	28.3263174482	1.16312089738	7.16498132548	201.714944321	-41.4184561052
11.053	28.2158925927	1.11348357733	7.17316692594	201.101790702	-41.5649408277
