ATF	1.0
8	6     
"Type=Membrane Test"
"AcquisitionMode=Gap Free"
"Comment="
"FileStartTime=58196"
"FileStartDate=20210603"
"StopwatchTime=6037"
"DataType=Periodic"
"SignalsExported=Cm,Rm,Ra,Tau,Hold"
"Time (s)"	"Cm (pF)"	"Rm (GOhms)"	"Ra (MOhms)"	"Tau (µs)"	"Hold (pA)"
2.622	3.20199882188	-1.13016896068	12.5699982173	40.7018143915	-13.2690428863
2.772	15.7579127861	2.87542374363	4.01391852859	63.1628066264	-6.6955567296
2.922	15.7310684359	2.68629127223	4.02093324344	63.1590374077	-6.23168931758
3.072	15.7159574066	2.46345681503	4.01307724916	62.9667755281	-7.7758790629
3.222	15.7407318404	2.74499521534	3.99819047946	62.8429110815	-7.1044921913
3.372	15.7325220668	2.50504267939	3.99273944761	62.7158997974	-8.53881821789
3.522	15.7324901738	2.69517699924	3.99930135483	62.8257438195	-7.44018567522
3.672	15.7025094284	2.47468116294	3.9876605437	62.5155407701	-8.01391596402
3.822	15.7417160196	2.651439703	3.98996452846	62.7145138883	-7.64770500045
3.972	15.7518453031	2.75891024176	3.99027119449	62.7633585781	-7.96508803593
4.122	15.7911021649	2.94278500937	3.97777321174	62.7286326543	-8.02001945209
4.272	15.7265478936	2.5480419058	3.98320109988	62.5442312212	-9.19189441257
4.422	15.7262880441	2.54011064409	3.98875114431	62.629901318	-7.6538087403
4.572	15.7820606581	2.93223168734	3.96925053013	62.5582698829	-7.22656239013
4.722	15.736514017	2.64287191265	3.97808471873	62.5070994487	-7.81860333679
4.872	15.7201711612	2.5244166651	3.97848594331	62.4440680093	-7.5195312839
5.022	15.7645813834	2.8553575751	3.97952866006	62.6482901383	-7.75756816596
5.172	15.8192000719	3.24681961774	3.97415747884	62.7911349537	-7.86132813425
5.322	15.7379023309	2.73581177933	3.98768140995	62.6663988802	-6.70166014472
5.472	15.7546808047	2.7635842651	3.98356938345	62.6695290876	-7.64160136955
5.622	15.7010342566	2.69518412338	3.99244773464	62.5928382176	-6.3781735894
5.772	15.7295097537	2.73581332901	3.9861444514	62.6088754219	-6.31103512934
5.922	15.7702820153	3.21489099754	3.96990116271	62.5292468045	-4.44946265844
6.072	15.7237011199	2.72668296103	3.98380258664	62.5487347669	-5.18798831907
6.222	15.7288920304	2.655761608	3.97870832953	62.4870592403	-6.35986336945
6.372	15.7577001513	2.6951979552	3.97842630746	62.5984462245	-7.37915040815
6.522	15.713685543	2.63859192148	3.98875379906	62.5834156902	-7.21435559165
6.672	15.7414321497	2.61327448334	3.97816175017	62.5267793767	-7.33642558528
6.822	15.7508906311	2.54406133825	3.99473487188	62.8219877533	-7.69653324267
6.972	15.6828436346	2.35000065355	4.02238318367	62.9746158843	-8.78906259659
7.122	15.7206944129	2.64709595496	4.03697435355	63.3674012149	-7.72705059854
7.272	15.7594203628	2.90608117159	4.04319804255	63.6299299569	-7.1716309655
7.422	15.7614139083	2.94271952222	4.04303171165	63.6364654767	-6.59179706487
7.572	15.7195535707	2.59658737006	4.04756039222	63.5268168142	-7.88574233948
7.722	15.7212609594	2.45970357966	4.05591131779	63.6590700688	-9.74731447082
7.872	15.694202581	2.33985654776	4.06354707531	63.6635687032	-9.5153806601
8.022	15.6836262147	2.45600456031	4.05563956557	63.5022726908	-7.93457025909
8.172	15.6885802942	2.51655825606	4.05722579471	63.5496571229	-7.21435549117
8.322	15.6889867161	2.52044414544	4.05508370633	63.5179618365	-8.25805681229
8.472	15.6930339624	2.49731860084	4.05564888491	63.5422429992	-8.23364242516
8.622	15.7587244172	2.92690736198	4.04086474649	63.591080613	-7.81860353775
8.772	15.7325753911	2.82077199628	4.05571645696	63.7152548938	-7.00683593322
8.922	15.7353793892	2.86530969391	4.04234642282	63.5182437674	-7.41577160223
9.072	15.7166973554	2.67745210336	4.05389199779	63.6174713359	-7.13500955776
9.222	15.7125984512	2.6643577122	4.04619580731	63.4798470449	-8.2275392237
9.372	15.722596008	2.69069631246	4.04071337898	63.435241107	-7.3608397524
9.522	15.7509602095	2.92167194535	4.04236114053	63.5830972998	-7.58056652768
9.672	15.6439077508	2.34658095976	4.06467463537	63.4774413809	-7.86743180962
9.822	15.7064353581	2.71303611911	4.04541670367	63.444473698	-7.08618142872
9.972	15.7374828641	2.91645269981	4.04664825905	63.5958169083	-6.67114244718
10.122	15.6990660342	2.68626205249	4.05004654179	63.4862306379	-7.12280274234
10.272	15.686310529	2.45969969159	4.05988609267	63.5796917582	-8.95385729991
10.422	15.7112710429	2.65138431822	4.04519565754	63.4583475084	-7.67211928075
10.572	15.7095383436	2.70853771217	4.04510044159	63.4518974397	-7.21435558741
10.722	15.7196023933	2.74956513218	4.04842255592	63.5460285852	-7.35473634151
10.872	15.7256633653	2.80623960286	4.05208319287	63.6298176375	-8.01391605179
11.022	15.6631658068	2.62580183431	4.05375440346	63.3967544491	-6.51245126793
11.172	15.6648912674	2.65137921642	4.05048396159	63.353606205	-6.57348620816
11.322	15.7384635529	3.0132627422	4.04873622619	63.6353845701	-6.92749010876
11.472	15.7161151639	2.82565729019	4.04930052998	63.5482058781	-7.39135732405
11.622	15.7212900871	2.91124781813	4.05470854066	63.6565899805	-7.1777344811
11.772	15.7165429952	2.69069773047	4.03920088395	63.3871193715	-7.86132816177
11.922	15.6934547497	2.47839556098	4.02882786908	63.1236154317	-7.775878845
12.072	15.7101843233	2.62161093202	4.0303320315	63.2200677648	-7.73925763186
12.222	15.756670182	2.74958506299	4.02860076531	63.38446474	-9.0393065035
12.372	15.6798087555	2.52436659914	4.02865465168	63.0678839945	-8.81347643051
12.522	15.7273398918	2.56400984796	4.01533087471	63.0517321832	-9.71679688435
12.672	15.7468086158	2.75423581227	4.0135535806	63.1086962513	-9.38720690755
12.822	15.7256913522	2.61323618378	4.01620986761	63.0607604582	-8.30078141726
12.972	15.7308579448	2.8553253017	4.01160313835	63.0174224668	-8.36791996933
13.122	15.7167095715	2.72664937686	4.01738273374	63.0471454439	-7.81250003273
13.272	15.6941779459	2.48595124102	4.01843402568	62.9642396583	-8.14208990481
13.422	15.6960130617	2.63855328586	4.02741012749	63.1179405976	-6.53076181473
13.572	15.7047559578	2.60905695719	4.02141794702	63.0581939717	-8.11157210044
13.722	15.7040627117	2.62583613975	4.01954840668	63.0267608434	-8.19702142992
13.872	15.7272044491	2.7403810242	4.00782683737	62.9398620697	-8.29467756846
14.022	15.7242914711	2.55200579801	4.0006453796	62.808851885	-8.56323227818
14.172	15.7008402218	2.45606501864	3.99509863995	62.6245387279	-8.58154304923
14.322	15.721556052	2.6775204241	3.98544419891	62.5642585167	-8.70971675943
14.472	15.7198393621	2.62164556768	3.99562272199	62.7149641174	-7.70263664509
14.622	15.7285390996	2.7589186624	3.98190389651	62.5392691839	-6.35375984749
14.772	15.6780701616	2.50888950542	3.99393032125	62.5175973086	-8.23974626549
14.922	15.7010825485	2.69518834295	3.98813336475	62.52549074	-6.87866199877
15.072	15.7411250301	2.85536235636	3.9746946862	62.4791943108	-6.74438464074
15.222	15.678955574	2.57616465949	3.99287946719	62.5072977313	-6.19506844611
15.372	15.7059536955	2.58841831079	3.98691054343	62.5219305825	-7.80029290105
15.522	15.7388564941	2.76359520123	3.97266731024	62.4354896961	-6.61621070418
15.672	15.6949645145	2.68632341852	3.98878235918	62.510978273	-6.37817369835
15.822	15.7683278042	3.11679674006	3.96518907797	62.4449587053	-5.02319347928
15.972	15.7102877052	2.70860414482	3.9787145386	62.4150675476	-5.74951177974
16.122	15.7659785985	3.12274779386	3.9700801839	62.5127241666	-5.62744122442
16.272	15.7077501686	2.72668765097	3.97912369986	62.4120015675	-4.84619143061
16.422	15.7331874901	2.87041424535	3.97181744672	62.4030009844	-5.41992191401
16.572	15.7366363753	2.84047734275	3.96726837908	62.3443840615	-5.9082030764
16.722	15.6865634956	2.45978632176	3.9733060471	62.227001985	-7.04956034994
16.872	15.7558293899	2.79194278506	3.96191611224	62.3348178816	-7.87353497084
17.022	15.7526156998	2.84542052155	3.97107514113	62.4676406364	-7.35473611938
17.172	15.7441561045	2.90616154892	3.96284760708	62.306729765	-6.43920906167
17.322	15.7417145194	2.71762514507	3.96973788222	62.3993313943	-7.00683583062
17.472	15.7141510136	2.75893043274	3.97011738984	62.2973779063	-6.84204111672
17.622	15.7327385317	2.6557612536	3.97919440305	62.509964845	-7.06787099298
17.772	15.7365690062	2.76828861263	3.96208772614	62.260557059	-7.35473612361
17.922	15.6983209591	2.52053712828	3.96220133748	62.1022855531	-7.12280275292
18.072	15.7321673683	2.72215275176	3.9704802231	62.3732829184	-7.46459962868
18.222	15.6885980163	2.49357841212	3.98258689123	62.3815728697	-7.38525404541
18.372	15.7171244031	2.54011205493	3.98734304459	62.5713452477	-7.55615248646
18.522	15.7203950703	2.54011935039	3.9800379957	62.4698874653	-7.89794937492
18.672	15.7317076552	2.63858654417	3.9941968491	62.7405627533	-7.54394533995
18.822	15.6816139097	2.47092712861	3.99746339076	62.5854268724	-6.21337889243
18.972	15.6883534204	2.64286096935	3.98904219349	62.487187758	-4.85229473467
19.122	15.7203455117	2.86035492323	3.98076159538	62.4919774708	-5.0781251345
19.272	15.7228890516	2.74500637453	3.98714882653	62.5985735863	-6.01806625885
19.422	15.7031261094	2.58841521372	3.98998277413	62.5587697656	-6.15234372584
19.572	15.721069556	2.73123917991	3.98627057265	62.5771050383	-5.87768561159
19.722	15.7345725629	2.76358217099	3.98550794348	62.6199563873	-7.32421876139
19.872	15.7117917772	2.64285620089	3.99374686107	62.6542392637	-6.95190419233
20.022	15.7380404608	2.94277740263	3.985438786	62.6381652484	-6.45751939057
20.172	15.7122204052	2.76356384872	4.00371684503	62.8162763444	-5.73730485325
20.322	15.6955449229	2.60076538938	4.00414302317	62.750595769	-6.28051766664
20.472	15.6806299007	2.73122563283	3.99994741112	62.6299718351	-6.87866199666
20.622	15.6945177388	2.56000191553	4.00445929143	62.7499014313	-6.69555663971
20.772	15.6865524485	2.56000183514	4.0046614277	62.7212154881	-4.92553693035
20.922	15.7481983365	2.95875502622	3.99395542152	62.812812553	-6.75659155875
21.072	15.6978062778	2.54405898676	3.99719284606	62.6487260777	-6.41479480254
21.222	15.7200197519	2.84046009783	3.98446112723	62.5480681919	-4.89501955118
21.372	15.7164314276	2.65574646015	3.99394224231	62.6762613703	-6.05468746776
21.522	15.7055089247	2.48597796563	3.99171467109	62.5914078753	-7.94677739712
21.672	15.7450186238	2.84541349018	3.97797258821	62.5458115835	-6.15844722662
21.822	15.7641678327	3.20228757678	3.97487975777	62.5829896928	-5.52368155968
21.972	15.7484779429	2.97494536649	3.96382022135	62.341072018	-5.63964847987
22.122	15.7289036495	2.64287814265	3.97189181035	62.3797551757	-6.59790016373
22.272	15.7454393209	2.91131922206	3.98344759391	62.6354306952	-5.79833978712
22.422	15.6776266155	2.41253183486	3.98748618748	62.4111650223	-7.4707030565
22.572	15.7165921455	2.63859863865	3.98226931946	62.4933854104	-7.03124979043
22.722	15.6500617169	2.4054275484	3.98443834767	62.2535869255	-6.95800761593
22.872	15.6730439476	2.3036159325	3.98992177918	62.4260957964	-8.76464821158
23.022	15.7069731899	2.40542747515	3.98442130362	62.479705359	-8.04443354837
23.172	15.6961914525	2.55202846647	3.97780073442	62.339154971	-7.28149427172
23.322	15.7296829123	2.81599958347	3.96596976894	62.2957114843	-6.34155292101
23.472	15.6940452055	2.52442619463	3.96906396052	62.1928855964	-6.14013658992
23.622	15.749445059	2.88055206637	3.95504927213	62.2044234363	-6.11572272213
23.772	15.7195142242	2.73126111994	3.96448406672	62.2294363177	-6.14624009282
23.922	15.7070679717	2.92174311976	3.9712448286	62.2919449967	-3.51562506981
24.072	15.7089635511	2.79671150744	3.9723614964	62.3131742761	-4.98657229155
24.222	15.7515047428	3.03011933199	3.95477141544	62.2124039587	-4.88281261834
24.372	15.7480254964	3.09320322192	3.96131024403	62.3030263606	-3.90014656112
24.522	15.7626811739	3.19603854217	3.96156048138	62.3675089121	-5.77392581885
24.672	15.7529841972	3.11680009414	3.96190810461	62.3326418714	-5.79223636988
24.822	15.722828959	2.754288777	3.96037812786	62.1789411275	-5.77392594897
24.972	15.7180545928	2.87547282579	3.96494777199	62.2354499784	-6.09741206638
25.122	15.7018395431	2.62589526303	3.96039663359	62.0918650109	-6.64672850855
25.272	15.7054141336	2.69077187209	3.96523064276	62.1839525832	-4.91943340627
25.422	15.7152517225	2.74503666165	3.95664511308	62.090178293	-5.12695326778
25.572	15.6923072728	2.73584028956	3.95921251142	62.0393980375	-5.43212884473
25.722	15.7259317869	2.89586993673	3.953094834	62.0813536773	-5.02319348986
25.872	15.7048631517	2.74502569026	3.96776996731	62.2233442426	-5.44433587593
26.022	15.7484890291	3.01891817359	3.96032163154	62.2873710308	-6.39648422821
26.172	15.6547920793	2.51663445087	3.9811499808	62.2256383238	-5.39550765489
26.322	15.7130664877	2.77770063424	3.96345128057	62.1892367843	-5.76782210652
26.472	15.7564239697	2.89587531689	3.94773150373	62.1174511887	-7.06176768046
26.622	15.7766114567	3.03012107515	3.953276503	62.2880426769	-6.1645506248
26.772	15.6825859828	2.45241354024	3.95829729272	61.9763053083	-7.36694350072
26.922	15.696608167	2.41256999939	3.94941303466	61.8910722871	-8.86230445695
27.072	15.7232683621	2.63013367585	3.94996314961	62.0131985305	-6.95800792583
27.222	15.741547674	2.82087570179	3.95193077414	62.1224756535	-6.82373056568
27.372	15.7226398316	2.6644446402	3.95942899792	62.1603043616	-8.00781243571
27.522	15.7085541451	2.5884462396	3.9590279147	62.0956291098	-8.71582017243
27.672	15.6820809219	2.54013500724	3.9645578165	62.0756309279	-6.60400379463
27.822	15.726284712	2.76829126357	3.95931000659	62.1763096262	-6.15844723085
27.972	15.7207048392	2.66443749849	3.96653685796	62.2640629299	-6.60400389511
28.122	15.670218997	2.52052703795	3.97244943282	62.151199839	-6.41479469571
28.272	15.7221474096	2.8553837548	3.95334818367	62.0691866082	-5.27954083306
28.422	15.7589468319	2.90617080561	3.95359988394	62.2199254132	-6.19506842705
28.572	15.6894983666	2.67753739391	3.96856117527	62.1725838412	-5.92651352484
28.722	15.7966223959	3.14076316781	3.95872673503	62.4557899597	-5.80444329214
28.872	15.9466909384	3.24677929995	4.01456948346	63.940038386	-0.805664010788
29.022	15.987519938	2.92168664306	4.02788094721	64.3071721214	-1.72119129699
29.172	16.0573169355	3.43794246464	4.07446463603	65.3475236302	-0.659179731029
29.322	16.0542576895	3.12259051463	4.1271041505	66.1701369764	-1.64794931391
29.472	15.9678844724	2.62145104042	4.19009035011	66.8001062924	-2.19726565984
29.622	16.0146268797	2.8551304899	4.20654054142	67.2670708405	-2.32543937109
29.772	16.0214557942	2.9162616332	4.23760948617	67.7941615987	-2.02026368307
29.922	15.9963671169	2.92668871405	4.25953013764	68.0379847075	-2.34985353927
30.072	16.0542581327	3.25300119591	4.25554617064	68.2303783674	-1.97143543238
30.222	16.0103065113	3.05814472683	4.28542945217	68.515027805	-1.97143544085
30.372	16.0064263102	3.02417182705	4.29413276711	68.6362605529	-1.70288085278
30.522	15.9953652808	2.96921101806	4.29189931518	68.551408432	-0.543212841021
30.672	16.0002709706	2.99642324333	4.30960888013	68.8558778206	-1.68457019809
30.822	15.9608123117	2.65110651838	4.32314407664	68.888555035	-2.81372065197
30.972	16.0050661206	3.13438740301	4.31007327846	68.8882800343	-1.89208983958
31.122	15.9726126178	2.80595309296	4.33871275833	69.193587372	-2.02026358048
31.272	15.9801135336	3.00743213682	4.33276899694	69.1385334855	-3.03955071966
31.422	16.0201661861	3.47421523787	4.34119914193	69.4599381652	-2.22778319867
31.572	15.9644785682	3.0241072471	4.35870786651	69.4843491007	-1.82495117009
31.722	15.9697900193	3.07534258948	4.356873161	69.4799165262	-2.89306633572
31.872	15.9667122379	3.06380549848	4.35943139158	69.5068865049	-2.28271485813
32.022	15.9300596331	2.96373905671	4.37712835453	69.6250868379	-1.77001942179
32.172	15.9700210799	3.34614204558	4.36943239315	69.6889267898	-0.823974554414
32.322	15.9632715401	3.43041301529	4.38797129379	69.9568927604	-0.152587914473
32.472	15.9576216317	3.3529627906	4.41433348181	70.3496448371	-1.52587898708
32.622	15.9222155101	2.96905873515	4.44419055828	70.6556000729	-2.82592766623
32.772	15.93839104	3.25280986983	4.44678137064	70.777782985	-1.44653317638
