ATF	1.0
8	6     
"Type=Membrane Test"
"AcquisitionMode=Gap Free"
"Comment="
"FileStartTime=66446"
"FileStartDate=20210602"
"StopwatchTime=3490"
"DataType=Periodic"
"SignalsExported=Cm,Rm,Ra,Tau,Hold"
"Time (s)"	"Cm (pF)"	"Rm (GOhms)"	"Ra (MOhms)"	"Tau (µs)"	"Hold (pA)"
0.253	13.7105249487	0.57910789914	10.2446878515	138.018438072	-77.3681626404
0.403	13.847741967	0.575460374402	10.1007232203	137.459462371	-77.4414073292
0.553	13.831081477	0.57088695583	10.1060144939	137.345773229	-78.0151354411
0.703	13.8459823393	0.57552804963	10.0331448295	136.538479267	-77.3193341929
0.853	13.8266495944	0.581231303237	10.0353717589	136.400516941	-76.0437021889
1.003	13.8681084332	0.593038976305	9.97914051153	136.101604088	-75.9704572737
1.153	13.8385331843	0.589700521973	10.0066606681	136.166882386	-75.2319339179
1.303	13.8442267643	0.589960902663	9.96587310402	135.677878132	-74.8474124182
1.453	13.8908997477	0.600944842383	9.94256089474	135.863274911	-74.4750980458
1.603	13.8598030314	0.598225115393	9.94120984418	135.530978091	-74.5239255254
1.753	13.8873056804	0.610697216676	9.90885072569	135.410145416	-73.9501956703
1.903	13.8642731089	0.600288521936	9.91638630588	135.249255924	-74.3713366506
2.053	13.8653579206	0.607188877503	9.9109533577	135.211894351	-73.9196777697
2.203	13.891304133	0.611667811171	9.87999901198	135.064435159	-74.2553713541
2.353	13.8779786766	0.606809079408	9.82631268787	134.196261874	-73.9929181174
2.503	13.8683268739	0.61267226924	9.820123142	134.040234414	-73.2666023249
2.653	13.8637298324	0.610102286551	9.79940744611	133.708720048	-72.7844226229
2.803	13.851050971	0.605253938572	9.76106520037	133.055200737	-72.3999031889
2.953	13.8593218696	0.605937801027	9.77059672897	133.264980178	-72.4304200085
3.103	13.8835445045	0.614864869772	9.76347877695	133.432902486	-72.3449696922
3.253	13.8207440556	0.60247505022	9.78205102251	133.03520517	-72.3876958351
3.403	13.8460065589	0.597279122942	9.76054461537	132.971585591	-73.5412596892
3.553	13.8472106027	0.594150968789	9.75615176141	132.913013292	-73.8952640468
3.703	13.8108617825	0.587074311921	9.79277933573	133.027733219	-74.1149891086
3.853	13.8591503563	0.602296373779	9.73205887377	132.733328139	-74.2980951086
4.003	13.8450200692	0.596208219942	9.70902994811	132.267782653	-73.9868145056
4.153	13.8712760855	0.610688675094	9.68247166566	132.212015568	-72.9675278815
4.303	13.8796932393	0.614723634607	9.66666959045	132.093212616	-72.3388661766
4.453	13.9061247928	0.628864188648	9.63931206916	132.021828789	-71.7163092777
4.603	13.9065989195	0.628616788364	9.63807898227	132.008911588	-71.5270977924
4.753	13.8694303998	0.615239838645	9.62676102313	131.46070428	-72.4731428746
4.903	13.8886820935	0.615465122512	9.63983003529	131.819882845	-72.3449704506
5.053	13.8602832822	0.606325202844	9.61471382915	131.182450693	-72.2900378423
5.203	13.8613706347	0.610297947233	9.60376416206	131.058965814	-72.3449690469
5.353	13.8555924938	0.604024667434	9.60830028039	131.044156512	-72.5952151561
